<?xml version="1.0" encoding="UTF-8"?>
<coverage generated="1540440859563" clover="3.2.0">
  <project timestamp="1540440859563" name="All files">
    <metrics statements="1033" coveredstatements="902" conditionals="548" coveredconditionals="440" methods="327" coveredmethods="287" elements="1908" coveredelements="1629" complexity="0" loc="1033" ncloc="1033" packages="46" files="61" classes="61">
      <package name="packages">
        <metrics statements="6" coveredstatements="6" conditionals="3" coveredconditionals="3" methods="2" coveredmethods="2"/>
        <file name="index.js" path="D:\Code\we-vue\packages\index.js">
          <metrics statements="6" coveredstatements="6" conditionals="3" coveredconditionals="3" methods="2" coveredmethods="2"/>
          <line num="47" count="1" type="stmt"/>
          <line num="48" count="1" type="stmt"/>
          <line num="93" count="1" type="stmt"/>
          <line num="94" count="1" type="stmt"/>
          <line num="95" count="42" type="stmt"/>
          <line num="100" count="1" type="cond" truecount="3" falsecount="0"/>
        </file>
      </package>
      <package name="packages.actionsheet">
        <metrics statements="8" coveredstatements="8" conditionals="4" coveredconditionals="3" methods="5" coveredmethods="5"/>
        <file name="index.vue" path="D:\Code\we-vue\packages\actionsheet\index.vue">
          <metrics statements="8" coveredstatements="8" conditionals="4" coveredconditionals="3" methods="5" coveredmethods="5"/>
          <line num="67" count="2" type="stmt"/>
          <line num="80" count="4" type="stmt"/>
          <line num="90" count="6" type="stmt"/>
          <line num="97" count="2" type="stmt"/>
          <line num="101" count="1" type="stmt"/>
          <line num="107" count="1" type="cond" truecount="3" falsecount="1"/>
          <line num="108" count="1" type="stmt"/>
          <line num="110" count="1" type="stmt"/>
        </file>
      </package>
      <package name="packages.area">
        <metrics statements="48" coveredstatements="22" conditionals="29" coveredconditionals="15" methods="20" coveredmethods="9"/>
        <file name="index.vue" path="D:\Code\we-vue\packages\area\index.vue">
          <metrics statements="48" coveredstatements="22" conditionals="29" coveredconditionals="15" methods="20" coveredmethods="9"/>
          <line num="17" count="2" type="stmt"/>
          <line num="18" count="2" type="stmt"/>
          <line num="31" count="1" type="stmt"/>
          <line num="49" count="1" type="cond" truecount="2" falsecount="0"/>
          <line num="56" count="1" type="stmt"/>
          <line num="65" count="1" type="cond" truecount="2" falsecount="0"/>
          <line num="69" count="0" type="cond" truecount="0" falsecount="2"/>
          <line num="73" count="1" type="cond" truecount="2" falsecount="0"/>
          <line num="77" count="1" type="stmt"/>
          <line num="83" count="0" type="stmt"/>
          <line num="84" count="0" type="stmt"/>
          <line num="90" count="0" type="stmt"/>
          <line num="96" count="1" type="stmt"/>
          <line num="101" count="0" type="stmt"/>
          <line num="105" count="0" type="stmt"/>
          <line num="109" count="2" type="stmt"/>
          <line num="110" count="2" type="cond" truecount="4" falsecount="0"/>
          <line num="111" count="1" type="stmt"/>
          <line num="114" count="1" type="stmt"/>
          <line num="115" count="1" type="stmt"/>
          <line num="120" count="1" type="cond" truecount="1" falsecount="1"/>
          <line num="121" count="0" type="stmt"/>
          <line num="124" count="1" type="stmt"/>
          <line num="129" count="0" type="cond" truecount="0" falsecount="2"/>
          <line num="130" count="0" type="stmt"/>
          <line num="131" count="0" type="stmt"/>
          <line num="133" count="0" type="stmt"/>
          <line num="134" count="0" type="cond" truecount="0" falsecount="2"/>
          <line num="135" count="0" type="stmt"/>
          <line num="139" count="0" type="stmt"/>
          <line num="143" count="1" type="stmt"/>
          <line num="144" count="1" type="cond" truecount="3" falsecount="0"/>
          <line num="146" count="1" type="stmt"/>
          <line num="147" count="1" type="stmt"/>
          <line num="149" count="1" type="cond" truecount="1" falsecount="1"/>
          <line num="150" count="0" type="stmt"/>
          <line num="153" count="1" type="stmt"/>
          <line num="154" count="0" type="stmt"/>
          <line num="156" count="0" type="cond" truecount="0" falsecount="4"/>
          <line num="157" count="0" type="stmt"/>
          <line num="160" count="0" type="stmt"/>
          <line num="161" count="0" type="stmt"/>
          <line num="170" count="0" type="cond" truecount="0" falsecount="2"/>
          <line num="174" count="0" type="stmt"/>
          <line num="175" count="0" type="stmt"/>
          <line num="176" count="0" type="stmt"/>
          <line num="180" count="0" type="stmt"/>
          <line num="181" count="0" type="stmt"/>
        </file>
      </package>
      <package name="packages.badge">
        <metrics statements="1" coveredstatements="1" conditionals="0" coveredconditionals="0" methods="0" coveredmethods="0"/>
        <file name="index.vue" path="D:\Code\we-vue\packages\badge\index.vue">
          <metrics statements="1" coveredstatements="1" conditionals="0" coveredconditionals="0" methods="0" coveredmethods="0"/>
          <line num="12" count="2" type="stmt"/>
        </file>
      </package>
      <package name="packages.button">
        <metrics statements="10" coveredstatements="10" conditionals="4" coveredconditionals="4" methods="2" coveredmethods="2"/>
        <file name="index.vue" path="D:\Code\we-vue\packages\button\index.vue">
          <metrics statements="10" coveredstatements="10" conditionals="4" coveredconditionals="4" methods="2" coveredmethods="2"/>
          <line num="13" count="2" type="stmt"/>
          <line num="31" count="1" type="stmt"/>
          <line num="37" count="6" type="stmt"/>
          <line num="39" count="6" type="cond" truecount="2" falsecount="0"/>
          <line num="42" count="6" type="cond" truecount="2" falsecount="0"/>
          <line num="46" count="6" type="stmt"/>
          <line num="47" count="6" type="stmt"/>
          <line num="48" count="6" type="stmt"/>
          <line num="49" count="6" type="stmt"/>
          <line num="51" count="6" type="stmt"/>
        </file>
      </package>
      <package name="packages.cell">
        <metrics statements="4" coveredstatements="4" conditionals="0" coveredconditionals="0" methods="1" coveredmethods="1"/>
        <file name="index.vue" path="D:\Code\we-vue\packages\cell\index.vue">
          <metrics statements="4" coveredstatements="4" conditionals="0" coveredconditionals="0" methods="1" coveredmethods="1"/>
          <line num="22" count="5" type="stmt"/>
          <line num="23" count="5" type="stmt"/>
          <line num="42" count="5" type="stmt"/>
          <line num="43" count="5" type="stmt"/>
        </file>
      </package>
      <package name="packages.cell-swipe">
        <metrics statements="25" coveredstatements="25" conditionals="12" coveredconditionals="11" methods="7" coveredmethods="7"/>
        <file name="index.vue" path="D:\Code\we-vue\packages\cell-swipe\index.vue">
          <metrics statements="25" coveredstatements="25" conditionals="12" coveredconditionals="11" methods="7" coveredmethods="7"/>
          <line num="41" count="2" type="stmt"/>
          <line num="42" count="2" type="stmt"/>
          <line num="43" count="2" type="stmt"/>
          <line num="44" count="2" type="stmt"/>
          <line num="45" count="2" type="stmt"/>
          <line num="67" count="9" type="stmt"/>
          <line num="79" count="44" type="stmt"/>
          <line num="87" count="9" type="stmt"/>
          <line num="92" count="6" type="stmt"/>
          <line num="93" count="6" type="stmt"/>
          <line num="95" count="6" type="stmt"/>
          <line num="96" count="6" type="stmt"/>
          <line num="100" count="24" type="stmt"/>
          <line num="101" count="24" type="stmt"/>
          <line num="103" count="24" type="stmt"/>
          <line num="105" count="24" type="cond" truecount="2" falsecount="0"/>
          <line num="114" count="6" type="stmt"/>
          <line num="118" count="6" type="cond" truecount="2" falsecount="0"/>
          <line num="119" count="2" type="stmt"/>
          <line num="120" count="2" type="stmt"/>
          <line num="123" count="4" type="cond" truecount="4" falsecount="0"/>
          <line num="124" count="2" type="stmt"/>
          <line num="125" count="2" type="cond" truecount="3" falsecount="1"/>
          <line num="126" count="2" type="stmt"/>
          <line num="131" count="1" type="stmt"/>
        </file>
      </package>
      <package name="packages.cell-swipe-button">
        <metrics statements="1" coveredstatements="1" conditionals="0" coveredconditionals="0" methods="0" coveredmethods="0"/>
        <file name="index.vue" path="D:\Code\we-vue\packages\cell-swipe-button\index.vue">
          <metrics statements="1" coveredstatements="1" conditionals="0" coveredconditionals="0" methods="0" coveredmethods="0"/>
          <line num="8" count="3" type="stmt"/>
        </file>
      </package>
      <package name="packages.checklist">
        <metrics statements="11" coveredstatements="11" conditionals="8" coveredconditionals="6" methods="7" coveredmethods="7"/>
        <file name="index.vue" path="D:\Code\we-vue\packages\checklist\index.vue">
          <metrics statements="11" coveredstatements="11" conditionals="8" coveredconditionals="6" methods="7" coveredmethods="7"/>
          <line num="38" count="2" type="stmt"/>
          <line num="47" count="3" type="stmt"/>
          <line num="55" count="7" type="cond" truecount="1" falsecount="1"/>
          <line num="64" count="4" type="stmt"/>
          <line num="71" count="8" type="stmt"/>
          <line num="75" count="9" type="cond" truecount="4" falsecount="0"/>
          <line num="76" count="3" type="stmt"/>
          <line num="79" count="9" type="stmt"/>
          <line num="85" count="7" type="stmt"/>
          <line num="90" count="1" type="cond" truecount="1" falsecount="1"/>
          <line num="91" count="1" type="stmt"/>
        </file>
      </package>
      <package name="packages.circle">
        <metrics statements="10" coveredstatements="10" conditionals="0" coveredconditionals="0" methods="9" coveredmethods="9"/>
        <file name="index.vue" path="D:\Code\we-vue\packages\circle\index.vue">
          <metrics statements="10" coveredstatements="10" conditionals="0" coveredconditionals="0" methods="9" coveredmethods="9"/>
          <line num="26" count="2" type="stmt"/>
          <line num="63" count="3" type="stmt"/>
          <line num="70" count="3" type="stmt"/>
          <line num="77" count="3" type="stmt"/>
          <line num="81" count="3" type="stmt"/>
          <line num="85" count="3" type="stmt"/>
          <line num="91" count="3" type="stmt"/>
          <line num="95" count="5" type="stmt"/>
          <line num="108" count="2" type="stmt"/>
          <line num="112" count="1" type="stmt"/>
        </file>
      </package>
      <package name="packages.datetime-picker">
        <metrics statements="108" coveredstatements="86" conditionals="48" coveredconditionals="36" methods="22" coveredmethods="19"/>
        <file name="index.vue" path="D:\Code\we-vue\packages\datetime-picker\index.vue">
          <metrics statements="108" coveredstatements="86" conditionals="48" coveredconditionals="36" methods="22" coveredmethods="19"/>
          <line num="16" count="2" type="stmt"/>
          <line num="17" count="2" type="stmt"/>
          <line num="19" count="2" type="stmt"/>
          <line num="20" count="37" type="cond" truecount="2" falsecount="0"/>
          <line num="47" count="12" type="stmt"/>
          <line num="52" count="12" type="stmt"/>
          <line num="91" count="12" type="stmt"/>
          <line num="98" count="240" type="stmt"/>
          <line num="99" count="22" type="cond" truecount="2" falsecount="0"/>
          <line num="100" count="2" type="stmt"/>
          <line num="121" count="20" type="cond" truecount="2" falsecount="0"/>
          <line num="122" count="14" type="stmt"/>
          <line num="130" count="6" type="stmt"/>
          <line num="139" count="22" type="stmt"/>
          <line num="140" count="22" type="stmt"/>
          <line num="141" count="92" type="stmt"/>
          <line num="150" count="22" type="stmt"/>
          <line num="156" count="1" type="stmt"/>
          <line num="157" count="1" type="cond" truecount="1" falsecount="1"/>
          <line num="162" count="1" type="cond" truecount="1" falsecount="1"/>
          <line num="163" count="1" type="stmt"/>
          <line num="168" count="12" type="stmt"/>
          <line num="169" count="12" type="stmt"/>
          <line num="174" count="12" type="cond" truecount="2" falsecount="0"/>
          <line num="175" count="7" type="cond" truecount="2" falsecount="0"/>
          <line num="180" count="5" type="stmt"/>
          <line num="183" count="12" type="stmt"/>
          <line num="188" count="1" type="stmt"/>
          <line num="192" count="1" type="stmt"/>
          <line num="197" count="36" type="stmt"/>
          <line num="201" count="7" type="cond" truecount="2" falsecount="0"/>
          <line num="202" count="5" type="stmt"/>
          <line num="203" count="1" type="stmt"/>
          <line num="205" count="5" type="stmt"/>
          <line num="208" count="132" type="stmt"/>
          <line num="210" count="13" type="stmt"/>
          <line num="211" count="13" type="cond" truecount="4" falsecount="0"/>
          <line num="212" count="6" type="stmt"/>
          <line num="213" count="7" type="cond" truecount="2" falsecount="0"/>
          <line num="215" count="1" type="cond" truecount="1" falsecount="1"/>
          <line num="219" count="13" type="cond" truecount="2" falsecount="0"/>
          <line num="221" count="2" type="stmt"/>
          <line num="222" count="2" type="stmt"/>
          <line num="224" count="2" type="stmt"/>
          <line num="242" count="11" type="stmt"/>
          <line num="249" count="11" type="stmt"/>
          <line num="256" count="11" type="stmt"/>
          <line num="257" count="11" type="stmt"/>
          <line num="259" count="11" type="stmt"/>
          <line num="263" count="0" type="stmt"/>
          <line num="266" count="0" type="cond" truecount="0" falsecount="2"/>
          <line num="267" count="0" type="stmt"/>
          <line num="269" count="0" type="stmt"/>
          <line num="270" count="0" type="stmt"/>
          <line num="271" count="0" type="stmt"/>
          <line num="272" count="0" type="stmt"/>
          <line num="274" count="0" type="cond" truecount="0" falsecount="2"/>
          <line num="275" count="0" type="stmt"/>
          <line num="276" count="0" type="stmt"/>
          <line num="277" count="0" type="cond" truecount="0" falsecount="2"/>
          <line num="278" count="0" type="stmt"/>
          <line num="279" count="0" type="stmt"/>
          <line num="281" count="0" type="stmt"/>
          <line num="284" count="0" type="stmt"/>
          <line num="285" count="0" type="stmt"/>
          <line num="286" count="0" type="stmt"/>
          <line num="287" count="0" type="stmt"/>
          <line num="291" count="92" type="stmt"/>
          <line num="292" count="92" type="stmt"/>
          <line num="293" count="2624" type="cond" truecount="2" falsecount="0"/>
          <line num="294" count="680" type="stmt"/>
          <line num="298" count="1944" type="stmt"/>
          <line num="301" count="92" type="stmt"/>
          <line num="305" count="62" type="stmt"/>
          <line num="306" count="62" type="stmt"/>
          <line num="307" count="62" type="stmt"/>
          <line num="308" count="62" type="stmt"/>
          <line num="309" count="62" type="stmt"/>
          <line num="310" count="62" type="stmt"/>
          <line num="312" count="62" type="cond" truecount="2" falsecount="0"/>
          <line num="313" count="31" type="stmt"/>
          <line num="314" count="31" type="stmt"/>
          <line num="315" count="31" type="stmt"/>
          <line num="316" count="31" type="stmt"/>
          <line num="319" count="62" type="cond" truecount="2" falsecount="0"/>
          <line num="320" count="19" type="stmt"/>
          <line num="321" count="19" type="cond" truecount="1" falsecount="1"/>
          <line num="322" count="19" type="stmt"/>
          <line num="323" count="19" type="cond" truecount="1" falsecount="1"/>
          <line num="324" count="19" type="stmt"/>
          <line num="325" count="19" type="cond" truecount="1" falsecount="1"/>
          <line num="326" count="19" type="stmt"/>
          <line num="332" count="62" type="stmt"/>
          <line num="341" count="24" type="stmt"/>
          <line num="342" count="24" type="stmt"/>
          <line num="343" count="24" type="cond" truecount="2" falsecount="0"/>
          <line num="344" count="3" type="stmt"/>
          <line num="345" count="3" type="stmt"/>
          <line num="350" count="21" type="stmt"/>
          <line num="358" count="21" type="cond" truecount="2" falsecount="0"/>
          <line num="359" count="14" type="stmt"/>
          <line num="372" count="24" type="stmt"/>
          <line num="373" count="24" type="stmt"/>
          <line num="378" count="24" type="stmt"/>
          <line num="382" count="0" type="stmt"/>
          <line num="383" count="0" type="stmt"/>
          <line num="387" count="0" type="stmt"/>
          <line num="388" count="0" type="stmt"/>
        </file>
      </package>
      <package name="packages.dialog">
        <metrics statements="40" coveredstatements="37" conditionals="12" coveredconditionals="9" methods="14" coveredmethods="13"/>
        <file name="dialog.vue" path="D:\Code\we-vue\packages\dialog\dialog.vue">
          <metrics statements="13" coveredstatements="10" conditionals="6" coveredconditionals="3" methods="3" coveredmethods="2"/>
          <line num="36" count="2" type="stmt"/>
          <line num="37" count="2" type="stmt"/>
          <line num="39" count="2" type="stmt"/>
          <line num="40" count="2" type="stmt"/>
          <line num="75" count="6" type="stmt"/>
          <line num="76" count="6" type="cond" truecount="1" falsecount="1"/>
          <line num="77" count="0" type="stmt"/>
          <line num="78" count="0" type="cond" truecount="0" falsecount="2"/>
          <line num="79" count="0" type="stmt"/>
          <line num="83" count="6" type="stmt"/>
          <line num="88" count="6" type="stmt"/>
          <line num="89" count="6" type="stmt"/>
          <line num="90" count="6" type="cond" truecount="2" falsecount="0"/>
        </file>
        <file name="index.js" path="D:\Code\we-vue\packages\dialog\index.js">
          <metrics statements="27" coveredstatements="27" conditionals="6" coveredconditionals="6" methods="11" coveredmethods="11"/>
          <line num="6" count="2" type="stmt"/>
          <line num="7" count="1" type="stmt"/>
          <line num="11" count="1" type="stmt"/>
          <line num="12" count="4" type="stmt"/>
          <line num="15" count="1" type="stmt"/>
          <line num="18" count="2" type="stmt"/>
          <line num="19" count="5" type="stmt"/>
          <line num="20" count="5" type="cond" truecount="2" falsecount="0"/>
          <line num="21" count="1" type="stmt"/>
          <line num="24" count="5" type="stmt"/>
          <line num="32" count="2" type="stmt"/>
          <line num="45" count="3" type="cond" truecount="2" falsecount="0"/>
          <line num="49" count="2" type="stmt"/>
          <line num="50" count="1" type="stmt"/>
          <line num="55" count="2" type="stmt"/>
          <line num="56" count="3" type="stmt"/>
          <line num="62" count="2" type="stmt"/>
          <line num="63" count="8" type="cond" truecount="2" falsecount="0"/>
          <line num="64" count="7" type="stmt"/>
          <line num="68" count="2" type="stmt"/>
          <line num="69" count="2" type="stmt"/>
          <line num="72" count="2" type="stmt"/>
          <line num="73" count="3" type="stmt"/>
          <line num="76" count="2" type="stmt"/>
          <line num="77" count="1" type="stmt"/>
          <line num="80" count="2" type="stmt"/>
          <line num="81" count="2" type="stmt"/>
        </file>
      </package>
      <package name="packages.flex">
        <metrics statements="4" coveredstatements="4" conditionals="2" coveredconditionals="2" methods="2" coveredmethods="2"/>
        <file name="index.vue" path="D:\Code\we-vue\packages\flex\index.vue">
          <metrics statements="4" coveredstatements="4" conditionals="2" coveredconditionals="2" methods="2" coveredmethods="2"/>
          <line num="8" count="3" type="stmt"/>
          <line num="18" count="5" type="stmt"/>
          <line num="25" count="6" type="stmt"/>
          <line num="27" count="6" type="cond" truecount="2" falsecount="0"/>
        </file>
      </package>
      <package name="packages.flex-item">
        <metrics statements="5" coveredstatements="5" conditionals="5" coveredconditionals="5" methods="2" coveredmethods="2"/>
        <file name="index.vue" path="D:\Code\we-vue\packages\flex-item\index.vue">
          <metrics statements="5" coveredstatements="5" conditionals="5" coveredconditionals="5" methods="2" coveredmethods="2"/>
          <line num="8" count="2" type="stmt"/>
          <line num="26" count="3" type="cond" truecount="3" falsecount="0"/>
          <line num="30" count="3" type="stmt"/>
          <line num="32" count="3" type="cond" truecount="2" falsecount="0"/>
          <line num="39" count="3" type="stmt"/>
        </file>
      </package>
      <package name="packages.footer">
        <metrics statements="7" coveredstatements="7" conditionals="0" coveredconditionals="0" methods="2" coveredmethods="2"/>
        <file name="footer-link.vue" path="D:\Code\we-vue\packages\footer\footer-link.vue">
          <metrics statements="4" coveredstatements="4" conditionals="0" coveredconditionals="0" methods="1" coveredmethods="1"/>
          <line num="6" count="3" type="stmt"/>
          <line num="7" count="3" type="stmt"/>
          <line num="20" count="1" type="stmt"/>
          <line num="21" count="1" type="stmt"/>
        </file>
        <file name="index.vue" path="D:\Code\we-vue\packages\footer\index.vue">
          <metrics statements="3" coveredstatements="3" conditionals="0" coveredconditionals="0" methods="1" coveredmethods="1"/>
          <line num="15" count="2" type="stmt"/>
          <line num="16" count="2" type="stmt"/>
          <line num="29" count="2" type="stmt"/>
        </file>
      </package>
      <package name="packages.form-preview">
        <metrics statements="3" coveredstatements="3" conditionals="0" coveredconditionals="0" methods="2" coveredmethods="2"/>
        <file name="index.vue" path="D:\Code\we-vue\packages\form-preview\index.vue">
          <metrics statements="3" coveredstatements="3" conditionals="0" coveredconditionals="0" methods="2" coveredmethods="2"/>
          <line num="27" count="2" type="stmt"/>
          <line num="37" count="2" type="stmt"/>
          <line num="41" count="2" type="stmt"/>
        </file>
      </package>
      <package name="packages.grid">
        <metrics statements="1" coveredstatements="1" conditionals="0" coveredconditionals="0" methods="0" coveredmethods="0"/>
        <file name="index.vue" path="D:\Code\we-vue\packages\grid\index.vue">
          <metrics statements="1" coveredstatements="1" conditionals="0" coveredconditionals="0" methods="0" coveredmethods="0"/>
          <line num="8" count="2" type="stmt"/>
        </file>
      </package>
      <package name="packages.grid-item">
        <metrics statements="4" coveredstatements="4" conditionals="0" coveredconditionals="0" methods="1" coveredmethods="1"/>
        <file name="index.vue" path="D:\Code\we-vue\packages\grid-item\index.vue">
          <metrics statements="4" coveredstatements="4" conditionals="0" coveredconditionals="0" methods="1" coveredmethods="1"/>
          <line num="14" count="2" type="stmt"/>
          <line num="15" count="2" type="stmt"/>
          <line num="24" count="1" type="stmt"/>
          <line num="25" count="1" type="stmt"/>
        </file>
      </package>
      <package name="packages.group">
        <metrics statements="1" coveredstatements="1" conditionals="0" coveredconditionals="0" methods="0" coveredmethods="0"/>
        <file name="index.vue" path="D:\Code\we-vue\packages\group\index.vue">
          <metrics statements="1" coveredstatements="1" conditionals="0" coveredconditionals="0" methods="0" coveredmethods="0"/>
          <line num="16" count="2" type="stmt"/>
        </file>
      </package>
      <package name="packages.header">
        <metrics statements="1" coveredstatements="1" conditionals="0" coveredconditionals="0" methods="0" coveredmethods="0"/>
        <file name="index.vue" path="D:\Code\we-vue\packages\header\index.vue">
          <metrics statements="1" coveredstatements="1" conditionals="0" coveredconditionals="0" methods="0" coveredmethods="0"/>
          <line num="18" count="1" type="stmt"/>
        </file>
      </package>
      <package name="packages.icon">
        <metrics statements="3" coveredstatements="3" conditionals="0" coveredconditionals="0" methods="1" coveredmethods="1"/>
        <file name="index.vue" path="D:\Code\we-vue\packages\icon\index.vue">
          <metrics statements="3" coveredstatements="3" conditionals="0" coveredconditionals="0" methods="1" coveredmethods="1"/>
          <line num="6" count="4" type="stmt"/>
          <line num="21" count="5" type="stmt"/>
          <line num="23" count="5" type="stmt"/>
        </file>
      </package>
      <package name="packages.infinite-scroll">
        <metrics statements="57" coveredstatements="54" conditionals="29" coveredconditionals="20" methods="8" coveredmethods="7"/>
        <file name="directive.js" path="D:\Code\we-vue\packages\infinite-scroll\directive.js">
          <metrics statements="54" coveredstatements="52" conditionals="29" coveredconditionals="20" methods="7" coveredmethods="7"/>
          <line num="4" count="2" type="stmt"/>
          <line num="5" count="2" type="stmt"/>
          <line num="9" count="5" type="cond" truecount="1" falsecount="0"/>
          <line num="12" count="5" type="stmt"/>
          <line num="14" count="5" type="stmt"/>
          <line num="15" count="5" type="stmt"/>
          <line num="17" count="5" type="stmt"/>
          <line num="18" count="5" type="stmt"/>
          <line num="19" count="5" type="cond" truecount="1" falsecount="1"/>
          <line num="20" count="5" type="stmt"/>
          <line num="21" count="2" type="stmt"/>
          <line num="22" count="2" type="stmt"/>
          <line num="24" count="5" type="stmt"/>
          <line num="26" count="5" type="stmt"/>
          <line num="28" count="5" type="stmt"/>
          <line num="29" count="5" type="cond" truecount="2" falsecount="0"/>
          <line num="31" count="5" type="stmt"/>
          <line num="33" count="5" type="stmt"/>
          <line num="37" count="5" type="cond" truecount="1" falsecount="1"/>
          <line num="41" count="5" type="cond" truecount="2" falsecount="0"/>
          <line num="42" count="4" type="stmt"/>
          <line num="50" count="6" type="stmt"/>
          <line num="51" count="6" type="stmt"/>
          <line num="53" count="6" type="cond" truecount="2" falsecount="0"/>
          <line num="54" count="2" type="stmt"/>
          <line num="57" count="4" type="stmt"/>
          <line num="59" count="4" type="stmt"/>
          <line num="60" count="4" type="stmt"/>
          <line num="63" count="4" type="cond" truecount="1" falsecount="1"/>
          <line num="64" count="0" type="stmt"/>
          <line num="67" count="4" type="stmt"/>
          <line num="68" count="4" type="cond" truecount="1" falsecount="1"/>
          <line num="69" count="0" type="stmt"/>
          <line num="72" count="4" type="stmt"/>
          <line num="76" count="4" type="stmt"/>
          <line num="79" count="4" type="cond" truecount="3" falsecount="1"/>
          <line num="80" count="4" type="stmt"/>
          <line num="85" count="5" type="stmt"/>
          <line num="87" count="5" type="stmt"/>
          <line num="88" count="5" type="cond" truecount="1" falsecount="1"/>
          <line num="89" count="5" type="stmt"/>
          <line num="95" count="5" type="stmt"/>
          <line num="97" count="5" type="cond" truecount="1" falsecount="1"/>
          <line num="101" count="5" type="stmt"/>
          <line num="102" count="5" type="stmt"/>
          <line num="109" count="5" type="cond" truecount="1" falsecount="1"/>
          <line num="110" count="5" type="stmt"/>
          <line num="116" count="5" type="stmt"/>
          <line num="118" count="5" type="stmt"/>
          <line num="122" count="3" type="stmt"/>
          <line num="123" count="3" type="cond" truecount="2" falsecount="0"/>
          <line num="127" count="5" type="stmt"/>
          <line num="128" count="5" type="cond" truecount="1" falsecount="1"/>
          <line num="129" count="5" type="stmt"/>
        </file>
        <file name="index.js" path="D:\Code\we-vue\packages\infinite-scroll\index.js">
          <metrics statements="3" coveredstatements="2" conditionals="0" coveredconditionals="0" methods="1" coveredmethods="0"/>
          <line num="4" count="2" type="stmt"/>
          <line num="5" count="0" type="stmt"/>
          <line num="14" count="2" type="stmt"/>
        </file>
      </package>
      <package name="packages.input">
        <metrics statements="36" coveredstatements="36" conditionals="32" coveredconditionals="32" methods="10" coveredmethods="10"/>
        <file name="index.vue" path="D:\Code\we-vue\packages\input\index.vue">
          <metrics statements="36" coveredstatements="36" conditionals="32" coveredconditionals="32" methods="10" coveredmethods="10"/>
          <line num="37" count="2" type="stmt"/>
          <line num="38" count="2" type="stmt"/>
          <line num="77" count="11" type="stmt"/>
          <line num="88" count="15" type="stmt"/>
          <line num="98" count="3" type="cond" truecount="4" falsecount="0"/>
          <line num="99" count="1" type="stmt"/>
          <line num="100" count="1" type="stmt"/>
          <line num="102" count="2" type="stmt"/>
          <line num="105" count="3" type="cond" truecount="4" falsecount="0"/>
          <line num="109" count="2" type="stmt"/>
          <line num="114" count="1" type="stmt"/>
          <line num="118" count="3" type="stmt"/>
          <line num="119" count="3" type="stmt"/>
          <line num="121" count="3" type="cond" truecount="4" falsecount="0"/>
          <line num="125" count="2" type="stmt"/>
          <line num="130" count="2" type="stmt"/>
          <line num="131" count="2" type="stmt"/>
          <line num="133" count="2" type="cond" truecount="4" falsecount="0"/>
          <line num="137" count="1" type="stmt"/>
          <line num="142" count="2" type="stmt"/>
          <line num="144" count="2" type="cond" truecount="4" falsecount="0"/>
          <line num="148" count="1" type="stmt"/>
          <line num="153" count="7" type="cond" truecount="2" falsecount="0"/>
          <line num="154" count="2" type="stmt"/>
          <line num="155" count="2" type="cond" truecount="2" falsecount="0"/>
          <line num="156" count="1" type="stmt"/>
          <line num="157" count="1" type="stmt"/>
          <line num="161" count="6" type="cond" truecount="4" falsecount="0"/>
          <line num="162" count="1" type="stmt"/>
          <line num="163" count="1" type="stmt"/>
          <line num="166" count="5" type="cond" truecount="4" falsecount="0"/>
          <line num="167" count="1" type="stmt"/>
          <line num="168" count="1" type="stmt"/>
          <line num="171" count="4" type="stmt"/>
          <line num="177" count="8" type="stmt"/>
          <line num="181" count="4" type="stmt"/>
        </file>
      </package>
      <package name="packages.loadmore">
        <metrics statements="2" coveredstatements="2" conditionals="0" coveredconditionals="0" methods="0" coveredmethods="0"/>
        <file name="index.vue" path="D:\Code\we-vue\packages\loadmore\index.vue">
          <metrics statements="2" coveredstatements="2" conditionals="0" coveredconditionals="0" methods="0" coveredmethods="0"/>
          <line num="12" count="2" type="stmt"/>
          <line num="14" count="2" type="stmt"/>
        </file>
      </package>
      <package name="packages.media-box">
        <metrics statements="4" coveredstatements="4" conditionals="0" coveredconditionals="0" methods="1" coveredmethods="1"/>
        <file name="index.vue" path="D:\Code\we-vue\packages\media-box\index.vue">
          <metrics statements="4" coveredstatements="4" conditionals="0" coveredconditionals="0" methods="1" coveredmethods="1"/>
          <line num="30" count="2" type="stmt"/>
          <line num="31" count="2" type="stmt"/>
          <line num="50" count="1" type="stmt"/>
          <line num="51" count="1" type="stmt"/>
        </file>
      </package>
      <package name="packages.mixins.popup">
        <metrics statements="1" coveredstatements="1" conditionals="0" coveredconditionals="0" methods="1" coveredmethods="1"/>
        <file name="Modal.vue" path="D:\Code\we-vue\packages\mixins\popup\Modal.vue">
          <metrics statements="1" coveredstatements="1" conditionals="0" coveredconditionals="0" methods="1" coveredmethods="1"/>
          <line num="27" count="9" type="stmt"/>
        </file>
      </package>
      <package name="packages.number-spinner">
        <metrics statements="40" coveredstatements="40" conditionals="30" coveredconditionals="23" methods="14" coveredmethods="14"/>
        <file name="index.vue" path="D:\Code\we-vue\packages\number-spinner\index.vue">
          <metrics statements="40" coveredstatements="40" conditionals="30" coveredconditionals="23" methods="14" coveredmethods="14"/>
          <line num="34" count="2" type="stmt"/>
          <line num="36" count="2" type="cond" truecount="1" falsecount="1"/>
          <line num="75" count="11" type="stmt"/>
          <line num="88" count="21" type="stmt"/>
          <line num="90" count="21" type="cond" truecount="2" falsecount="0"/>
          <line num="94" count="21" type="stmt"/>
          <line num="96" count="21" type="cond" truecount="2" falsecount="0"/>
          <line num="100" count="11" type="stmt"/>
          <line num="107" count="11" type="stmt"/>
          <line num="108" count="11" type="stmt"/>
          <line num="109" count="11" type="stmt"/>
          <line num="114" count="11" type="cond" truecount="1" falsecount="1"/>
          <line num="115" count="11" type="stmt"/>
          <line num="121" count="2" type="cond" truecount="1" falsecount="1"/>
          <line num="123" count="2" type="cond" truecount="2" falsecount="0"/>
          <line num="124" count="1" type="stmt"/>
          <line num="126" count="2" type="stmt"/>
          <line num="133" count="2" type="cond" truecount="1" falsecount="1"/>
          <line num="135" count="2" type="cond" truecount="2" falsecount="0"/>
          <line num="136" count="1" type="stmt"/>
          <line num="138" count="2" type="stmt"/>
          <line num="145" count="1" type="stmt"/>
          <line num="149" count="1" type="cond" truecount="3" falsecount="1"/>
          <line num="155" count="1" type="stmt"/>
          <line num="160" count="1" type="cond" truecount="1" falsecount="1"/>
          <line num="161" count="1" type="stmt"/>
          <line num="166" count="5" type="stmt"/>
          <line num="168" count="5" type="stmt"/>
          <line num="169" count="5" type="stmt"/>
          <line num="170" count="5" type="stmt"/>
          <line num="176" count="11" type="stmt"/>
          <line num="177" count="11" type="stmt"/>
          <line num="181" count="4" type="cond" truecount="2" falsecount="0"/>
          <line num="182" count="3" type="cond" truecount="2" falsecount="0"/>
          <line num="183" count="1" type="stmt"/>
          <line num="184" count="2" type="cond" truecount="2" falsecount="0"/>
          <line num="185" count="1" type="stmt"/>
          <line num="187" count="1" type="stmt"/>
          <line num="189" count="1" type="cond" truecount="1" falsecount="1"/>
          <line num="190" count="1" type="stmt"/>
        </file>
      </package>
      <package name="packages.panel">
        <metrics statements="1" coveredstatements="1" conditionals="0" coveredconditionals="0" methods="0" coveredmethods="0"/>
        <file name="index.vue" path="D:\Code\we-vue\packages\panel\index.vue">
          <metrics statements="1" coveredstatements="1" conditionals="0" coveredconditionals="0" methods="0" coveredmethods="0"/>
          <line num="14" count="2" type="stmt"/>
        </file>
      </package>
      <package name="packages.picker">
        <metrics statements="106" coveredstatements="98" conditionals="43" coveredconditionals="36" methods="53" coveredmethods="49"/>
        <file name="index.vue" path="D:\Code\we-vue\packages\picker\index.vue">
          <metrics statements="47" coveredstatements="41" conditionals="19" coveredconditionals="15" methods="30" coveredmethods="27"/>
          <line num="45" count="4" type="stmt"/>
          <line num="46" count="4" type="stmt"/>
          <line num="47" count="4" type="stmt"/>
          <line num="50" count="4" type="stmt"/>
          <line num="71" count="1" type="stmt"/>
          <line num="78" count="22" type="stmt"/>
          <line num="83" count="22" type="stmt"/>
          <line num="88" count="22" type="stmt"/>
          <line num="95" count="22" type="stmt"/>
          <line num="101" count="22" type="cond" truecount="2" falsecount="0"/>
          <line num="107" count="0" type="stmt"/>
          <line num="111" count="1" type="stmt"/>
          <line num="116" count="22" type="stmt"/>
          <line num="120" count="0" type="stmt"/>
          <line num="121" count="0" type="stmt"/>
          <line num="122" count="0" type="stmt"/>
          <line num="123" count="0" type="stmt"/>
          <line num="128" count="6" type="cond" truecount="1" falsecount="1"/>
          <line num="129" count="0" type="stmt"/>
          <line num="136" count="6" type="stmt"/>
          <line num="141" count="9" type="stmt"/>
          <line num="143" count="9" type="stmt"/>
          <line num="144" count="12" type="cond" truecount="3" falsecount="0"/>
          <line num="154" count="1" type="stmt"/>
          <line num="155" count="1" type="cond" truecount="2" falsecount="0"/>
          <line num="160" count="2" type="stmt"/>
          <line num="161" count="2" type="cond" truecount="2" falsecount="0"/>
          <line num="166" count="1" type="stmt"/>
          <line num="167" count="1" type="cond" truecount="1" falsecount="1"/>
          <line num="168" count="1" type="stmt"/>
          <line num="174" count="6" type="cond" truecount="1" falsecount="1"/>
          <line num="179" count="22" type="stmt"/>
          <line num="183" count="24" type="stmt"/>
          <line num="184" count="24" type="stmt"/>
          <line num="185" count="2" type="stmt"/>
          <line num="191" count="2" type="cond" truecount="1" falsecount="1"/>
          <line num="196" count="4" type="stmt"/>
          <line num="197" count="4" type="cond" truecount="2" falsecount="0"/>
          <line num="202" count="9" type="stmt"/>
          <line num="206" count="1" type="stmt"/>
          <line num="207" count="1" type="stmt"/>
          <line num="208" count="2" type="stmt"/>
          <line num="214" count="1" type="stmt"/>
          <line num="215" count="1" type="stmt"/>
          <line num="220" count="1" type="stmt"/>
          <line num="221" count="1" type="stmt"/>
          <line num="222" count="1" type="stmt"/>
        </file>
        <file name="picker-column.vue" path="D:\Code\we-vue\packages\picker\picker-column.vue">
          <metrics statements="59" coveredstatements="57" conditionals="24" coveredconditionals="21" methods="23" coveredmethods="22"/>
          <line num="29" count="4" type="stmt"/>
          <line num="30" count="4" type="stmt"/>
          <line num="31" count="4" type="stmt"/>
          <line num="33" count="45" type="stmt"/>
          <line num="36" count="4" type="stmt"/>
          <line num="38" count="4" type="stmt"/>
          <line num="46" count="0" type="stmt"/>
          <line num="54" count="31" type="stmt"/>
          <line num="64" count="26" type="stmt"/>
          <line num="79" count="62" type="stmt"/>
          <line num="86" count="26" type="stmt"/>
          <line num="92" count="26" type="stmt"/>
          <line num="99" count="26" type="stmt"/>
          <line num="105" count="1" type="stmt"/>
          <line num="110" count="26" type="cond" truecount="2" falsecount="0"/>
          <line num="111" count="26" type="stmt"/>
          <line num="114" count="26" type="stmt"/>
          <line num="116" count="26" type="cond" truecount="2" falsecount="0"/>
          <line num="121" count="185" type="cond" truecount="2" falsecount="0"/>
          <line num="127" count="220" type="cond" truecount="2" falsecount="0"/>
          <line num="131" count="41" type="stmt"/>
          <line num="132" count="41" type="stmt"/>
          <line num="136" count="5" type="stmt"/>
          <line num="137" count="5" type="stmt"/>
          <line num="144" count="5" type="stmt"/>
          <line num="145" count="5" type="stmt"/>
          <line num="146" count="5" type="stmt"/>
          <line num="147" count="5" type="stmt"/>
          <line num="148" count="5" type="stmt"/>
          <line num="152" count="15" type="stmt"/>
          <line num="153" count="15" type="stmt"/>
          <line num="154" count="15" type="stmt"/>
          <line num="155" count="15" type="stmt"/>
          <line num="158" count="15" type="stmt"/>
          <line num="160" count="15" type="stmt"/>
          <line num="162" count="15" type="stmt"/>
          <line num="164" count="15" type="stmt"/>
          <line num="168" count="5" type="stmt"/>
          <line num="169" count="5" type="stmt"/>
          <line num="170" count="5" type="stmt"/>
          <line num="171" count="5" type="stmt"/>
          <line num="176" count="41" type="stmt"/>
          <line num="177" count="41" type="stmt"/>
          <line num="178" count="78" type="cond" truecount="1" falsecount="1"/>
          <line num="180" count="2" type="stmt"/>
          <line num="181" count="5" type="cond" truecount="2" falsecount="0"/>
          <line num="185" count="76" type="cond" truecount="2" falsecount="0"/>
          <line num="186" count="41" type="cond" truecount="2" falsecount="0"/>
          <line num="187" count="41" type="stmt"/>
          <line num="189" count="41" type="cond" truecount="2" falsecount="0"/>
          <line num="190" count="14" type="stmt"/>
          <line num="191" count="14" type="cond" truecount="2" falsecount="0"/>
          <line num="196" count="12" type="stmt"/>
          <line num="199" count="6" type="stmt"/>
          <line num="201" count="3" type="stmt"/>
          <line num="202" count="7" type="cond" truecount="1" falsecount="1"/>
          <line num="203" count="0" type="stmt"/>
          <line num="205" count="7" type="stmt"/>
          <line num="208" count="3" type="cond" truecount="1" falsecount="1"/>
        </file>
      </package>
      <package name="packages.popup">
        <metrics statements="10" coveredstatements="10" conditionals="4" coveredconditionals="4" methods="3" coveredmethods="3"/>
        <file name="index.vue" path="D:\Code\we-vue\packages\popup\index.vue">
          <metrics statements="10" coveredstatements="10" conditionals="4" coveredconditionals="4" methods="3" coveredmethods="3"/>
          <line num="10" count="2" type="stmt"/>
          <line num="11" count="2" type="stmt"/>
          <line num="23" count="3" type="stmt"/>
          <line num="42" count="3" type="stmt"/>
          <line num="44" count="3" type="cond" truecount="2" falsecount="0"/>
          <line num="45" count="1" type="stmt"/>
          <line num="47" count="2" type="stmt"/>
          <line num="50" count="3" type="stmt"/>
          <line num="55" count="3" type="cond" truecount="2" falsecount="0"/>
          <line num="56" count="1" type="stmt"/>
        </file>
      </package>
      <package name="packages.progress">
        <metrics statements="3" coveredstatements="3" conditionals="0" coveredconditionals="0" methods="1" coveredmethods="1"/>
        <file name="index.vue" path="D:\Code\we-vue\packages\progress\index.vue">
          <metrics statements="3" coveredstatements="3" conditionals="0" coveredconditionals="0" methods="1" coveredmethods="1"/>
          <line num="13" count="2" type="stmt"/>
          <line num="30" count="1" type="stmt"/>
          <line num="31" count="1" type="stmt"/>
        </file>
      </package>
      <package name="packages.radio">
        <metrics statements="5" coveredstatements="5" conditionals="0" coveredconditionals="0" methods="3" coveredmethods="3"/>
        <file name="index.vue" path="D:\Code\we-vue\packages\radio\index.vue">
          <metrics statements="5" coveredstatements="5" conditionals="0" coveredconditionals="0" methods="3" coveredmethods="3"/>
          <line num="28" count="2" type="stmt"/>
          <line num="47" count="5" type="stmt"/>
          <line num="54" count="2" type="stmt"/>
          <line num="55" count="2" type="stmt"/>
          <line num="59" count="1" type="stmt"/>
        </file>
      </package>
      <package name="packages.search-bar">
        <metrics statements="13" coveredstatements="13" conditionals="2" coveredconditionals="2" methods="7" coveredmethods="7"/>
        <file name="index.vue" path="D:\Code\we-vue\packages\search-bar\index.vue">
          <metrics statements="13" coveredstatements="13" conditionals="2" coveredconditionals="2" methods="7" coveredmethods="7"/>
          <line num="49" count="2" type="stmt"/>
          <line num="50" count="2" type="stmt"/>
          <line num="76" count="9" type="stmt"/>
          <line num="83" count="9" type="cond" truecount="2" falsecount="0"/>
          <line num="84" count="1" type="stmt"/>
          <line num="91" count="1" type="stmt"/>
          <line num="92" count="1" type="stmt"/>
          <line num="97" count="1" type="stmt"/>
          <line num="102" count="1" type="stmt"/>
          <line num="103" count="1" type="stmt"/>
          <line num="104" count="1" type="stmt"/>
          <line num="110" count="3" type="stmt"/>
          <line num="114" count="1" type="stmt"/>
        </file>
      </package>
      <package name="packages.slider">
        <metrics statements="29" coveredstatements="29" conditionals="12" coveredconditionals="12" methods="11" coveredmethods="11"/>
        <file name="index.vue" path="D:\Code\we-vue\packages\slider\index.vue">
          <metrics statements="29" coveredstatements="29" conditionals="12" coveredconditionals="12" methods="11" coveredmethods="11"/>
          <line num="32" count="2" type="stmt"/>
          <line num="33" count="2" type="stmt"/>
          <line num="43" count="7" type="stmt"/>
          <line num="54" count="7" type="stmt"/>
          <line num="72" count="7" type="stmt"/>
          <line num="81" count="10" type="cond" truecount="2" falsecount="0"/>
          <line num="83" count="4" type="stmt"/>
          <line num="87" count="2" type="stmt"/>
          <line num="92" count="7" type="cond" truecount="2" falsecount="0"/>
          <line num="93" count="1" type="stmt"/>
          <line num="98" count="7" type="stmt"/>
          <line num="99" count="7" type="stmt"/>
          <line num="104" count="1" type="stmt"/>
          <line num="105" count="1" type="stmt"/>
          <line num="107" count="1" type="stmt"/>
          <line num="111" count="3" type="cond" truecount="2" falsecount="0"/>
          <line num="114" count="1" type="stmt"/>
          <line num="118" count="1" type="stmt"/>
          <line num="120" count="1" type="stmt"/>
          <line num="121" count="1" type="stmt"/>
          <line num="125" count="3" type="cond" truecount="2" falsecount="0"/>
          <line num="127" count="1" type="stmt"/>
          <line num="131" count="12" type="cond" truecount="2" falsecount="0"/>
          <line num="133" count="4" type="stmt"/>
          <line num="136" count="4" type="stmt"/>
          <line num="140" count="4" type="stmt"/>
          <line num="141" count="4" type="cond" truecount="2" falsecount="0"/>
          <line num="143" count="4" type="stmt"/>
          <line num="144" count="4" type="stmt"/>
        </file>
      </package>
      <package name="packages.spinner">
        <metrics statements="8" coveredstatements="8" conditionals="5" coveredconditionals="5" methods="2" coveredmethods="2"/>
        <file name="index.vue" path="D:\Code\we-vue\packages\spinner\index.vue">
          <metrics statements="8" coveredstatements="8" conditionals="5" coveredconditionals="5" methods="2" coveredmethods="2"/>
          <line num="9" count="4" type="stmt"/>
          <line num="31" count="6" type="stmt"/>
          <line num="33" count="2" type="stmt"/>
          <line num="35" count="1" type="stmt"/>
          <line num="37" count="1" type="stmt"/>
          <line num="39" count="1" type="stmt"/>
          <line num="41" count="1" type="stmt"/>
          <line num="46" count="7" type="stmt"/>
        </file>
      </package>
      <package name="packages.swipe">
        <metrics statements="75" coveredstatements="75" conditionals="56" coveredconditionals="56" methods="18" coveredmethods="18"/>
        <file name="index.vue" path="D:\Code\we-vue\packages\swipe\index.vue">
          <metrics statements="75" coveredstatements="75" conditionals="56" coveredconditionals="56" methods="18" coveredmethods="18"/>
          <line num="26" count="3" type="stmt"/>
          <line num="27" count="3" type="stmt"/>
          <line num="55" count="12" type="stmt"/>
          <line num="69" count="12" type="stmt"/>
          <line num="73" count="12" type="stmt"/>
          <line num="78" count="11" type="stmt"/>
          <line num="82" count="1" type="stmt"/>
          <line num="88" count="23" type="stmt"/>
          <line num="92" count="47" type="stmt"/>
          <line num="99" count="47" type="cond" truecount="2" falsecount="0"/>
          <line num="100" count="44" type="stmt"/>
          <line num="103" count="47" type="stmt"/>
          <line num="107" count="21" type="stmt"/>
          <line num="113" count="22" type="stmt"/>
          <line num="114" count="22" type="stmt"/>
          <line num="115" count="22" type="stmt"/>
          <line num="116" count="22" type="stmt"/>
          <line num="117" count="22" type="cond" truecount="2" falsecount="0"/>
          <line num="118" count="22" type="stmt"/>
          <line num="119" count="49" type="stmt"/>
          <line num="121" count="22" type="stmt"/>
          <line num="125" count="12" type="cond" truecount="4" falsecount="0"/>
          <line num="126" count="2" type="stmt"/>
          <line num="129" count="10" type="stmt"/>
          <line num="130" count="10" type="stmt"/>
          <line num="132" count="10" type="stmt"/>
          <line num="133" count="10" type="stmt"/>
          <line num="134" count="10" type="stmt"/>
          <line num="135" count="10" type="stmt"/>
          <line num="136" count="10" type="stmt"/>
          <line num="138" count="10" type="cond" truecount="2" falsecount="0"/>
          <line num="139" count="1" type="stmt"/>
          <line num="141" count="10" type="cond" truecount="2" falsecount="0"/>
          <line num="142" count="1" type="stmt"/>
          <line num="147" count="48" type="cond" truecount="2" falsecount="0"/>
          <line num="148" count="4" type="stmt"/>
          <line num="151" count="48" type="stmt"/>
          <line num="153" count="48" type="stmt"/>
          <line num="154" count="48" type="stmt"/>
          <line num="156" count="48" type="cond" truecount="2" falsecount="0"/>
          <line num="157" count="24" type="cond" truecount="2" falsecount="0"/>
          <line num="159" count="8" type="stmt"/>
          <line num="160" count="32" type="cond" truecount="4" falsecount="0"/>
          <line num="161" count="28" type="stmt"/>
          <line num="166" count="10" type="cond" truecount="2" falsecount="0"/>
          <line num="167" count="3" type="cond" truecount="2" falsecount="0"/>
          <line num="169" count="1" type="stmt"/>
          <line num="170" count="1" type="stmt"/>
          <line num="172" count="8" type="cond" truecount="2" falsecount="0"/>
          <line num="173" count="7" type="cond" truecount="2" falsecount="0"/>
          <line num="174" count="7" type="stmt"/>
          <line num="176" count="8" type="stmt"/>
          <line num="180" count="308" type="cond" truecount="2" falsecount="0"/>
          <line num="183" count="42" type="cond" truecount="2" falsecount="0"/>
          <line num="184" count="14" type="cond" truecount="2" falsecount="0"/>
          <line num="185" count="1" type="stmt"/>
          <line num="187" count="14" type="cond" truecount="2" falsecount="0"/>
          <line num="189" count="14" type="stmt"/>
          <line num="191" count="28" type="cond" truecount="2" falsecount="0"/>
          <line num="192" count="12" type="cond" truecount="2" falsecount="0"/>
          <line num="193" count="16" type="cond" truecount="2" falsecount="0"/>
          <line num="194" count="8" type="cond" truecount="2" falsecount="0"/>
          <line num="197" count="42" type="stmt"/>
          <line num="200" count="68" type="stmt"/>
          <line num="202" count="34" type="cond" truecount="4" falsecount="0"/>
          <line num="203" count="6" type="stmt"/>
          <line num="204" count="6" type="stmt"/>
          <line num="205" count="4" type="stmt"/>
          <line num="207" count="4" type="cond" truecount="2" falsecount="0"/>
          <line num="208" count="1" type="stmt"/>
          <line num="211" count="4" type="stmt"/>
          <line num="212" count="4" type="stmt"/>
          <line num="213" count="4" type="stmt"/>
          <line num="214" count="4" type="stmt"/>
          <line num="221" count="36" type="stmt"/>
        </file>
      </package>
      <package name="packages.swipe-item">
        <metrics statements="5" coveredstatements="5" conditionals="4" coveredconditionals="4" methods="4" coveredmethods="4"/>
        <file name="index.vue" path="D:\Code\we-vue\packages\swipe-item\index.vue">
          <metrics statements="5" coveredstatements="5" conditionals="4" coveredconditionals="4" methods="4" coveredmethods="4"/>
          <line num="8" count="3" type="stmt"/>
          <line num="14" count="23" type="stmt"/>
          <line num="21" count="23" type="stmt"/>
          <line num="29" count="23" type="cond" truecount="2" falsecount="0"/>
          <line num="33" count="23" type="cond" truecount="2" falsecount="0"/>
        </file>
      </package>
      <package name="packages.switch">
        <metrics statements="40" coveredstatements="40" conditionals="26" coveredconditionals="25" methods="9" coveredmethods="9"/>
        <file name="index.vue" path="D:\Code\we-vue\packages\switch\index.vue">
          <metrics statements="40" coveredstatements="40" conditionals="26" coveredconditionals="25" methods="9" coveredmethods="9"/>
          <line num="30" count="2" type="stmt"/>
          <line num="31" count="2" type="stmt"/>
          <line num="32" count="2" type="stmt"/>
          <line num="35" count="2" type="stmt"/>
          <line num="55" count="15" type="stmt"/>
          <line num="66" count="53" type="stmt"/>
          <line num="74" count="15" type="cond" truecount="2" falsecount="0"/>
          <line num="79" count="3" type="stmt"/>
          <line num="80" count="4" type="cond" truecount="2" falsecount="0"/>
          <line num="82" count="2" type="stmt"/>
          <line num="86" count="8" type="cond" truecount="2" falsecount="0"/>
          <line num="88" count="6" type="stmt"/>
          <line num="90" count="6" type="stmt"/>
          <line num="91" count="6" type="stmt"/>
          <line num="92" count="6" type="stmt"/>
          <line num="96" count="32" type="cond" truecount="2" falsecount="0"/>
          <line num="98" count="24" type="stmt"/>
          <line num="99" count="24" type="stmt"/>
          <line num="101" count="24" type="stmt"/>
          <line num="103" count="24" type="cond" truecount="4" falsecount="0"/>
          <line num="104" count="22" type="stmt"/>
          <line num="105" count="2" type="cond" truecount="2" falsecount="0"/>
          <line num="106" count="1" type="stmt"/>
          <line num="107" count="1" type="cond" truecount="1" falsecount="1"/>
          <line num="108" count="1" type="stmt"/>
          <line num="113" count="8" type="cond" truecount="2" falsecount="0"/>
          <line num="115" count="6" type="stmt"/>
          <line num="117" count="6" type="stmt"/>
          <line num="119" count="6" type="stmt"/>
          <line num="121" count="6" type="cond" truecount="2" falsecount="0"/>
          <line num="122" count="3" type="cond" truecount="2" falsecount="0"/>
          <line num="123" count="2" type="stmt"/>
          <line num="125" count="1" type="stmt"/>
          <line num="128" count="3" type="cond" truecount="2" falsecount="0"/>
          <line num="129" count="2" type="stmt"/>
          <line num="131" count="1" type="stmt"/>
          <line num="139" count="10" type="stmt"/>
          <line num="143" count="18" type="stmt"/>
          <line num="144" count="18" type="stmt"/>
          <line num="146" count="18" type="cond" truecount="2" falsecount="0"/>
        </file>
      </package>
      <package name="packages.tab">
        <metrics statements="14" coveredstatements="12" conditionals="6" coveredconditionals="4" methods="8" coveredmethods="7"/>
        <file name="index.vue" path="D:\Code\we-vue\packages\tab\index.vue">
          <metrics statements="14" coveredstatements="12" conditionals="6" coveredconditionals="4" methods="8" coveredmethods="7"/>
          <line num="11" count="2" type="stmt"/>
          <line num="12" count="2" type="stmt"/>
          <line num="25" count="9" type="stmt"/>
          <line num="32" count="36" type="stmt"/>
          <line num="36" count="36" type="stmt"/>
          <line num="41" count="9" type="stmt"/>
          <line num="44" count="9" type="stmt"/>
          <line num="46" count="9" type="stmt"/>
          <line num="47" count="9" type="cond" truecount="1" falsecount="1"/>
          <line num="49" count="9" type="cond" truecount="1" falsecount="1"/>
          <line num="50" count="0" type="stmt"/>
          <line num="55" count="9" type="stmt"/>
          <line num="60" count="9" type="cond" truecount="2" falsecount="0"/>
          <line num="64" count="0" type="stmt"/>
        </file>
      </package>
      <package name="packages.tabbar">
        <metrics statements="1" coveredstatements="1" conditionals="0" coveredconditionals="0" methods="0" coveredmethods="0"/>
        <file name="index.vue" path="D:\Code\we-vue\packages\tabbar\index.vue">
          <metrics statements="1" coveredstatements="1" conditionals="0" coveredconditionals="0" methods="0" coveredmethods="0"/>
          <line num="8" count="2" type="stmt"/>
        </file>
      </package>
      <package name="packages.tabbar-item">
        <metrics statements="4" coveredstatements="4" conditionals="0" coveredconditionals="0" methods="1" coveredmethods="1"/>
        <file name="index.vue" path="D:\Code\we-vue\packages\tabbar-item\index.vue">
          <metrics statements="4" coveredstatements="4" conditionals="0" coveredconditionals="0" methods="1" coveredmethods="1"/>
          <line num="11" count="2" type="stmt"/>
          <line num="13" count="2" type="stmt"/>
          <line num="26" count="1" type="stmt"/>
          <line num="27" count="1" type="stmt"/>
        </file>
      </package>
      <package name="packages.tabs">
        <metrics statements="104" coveredstatements="48" conditionals="61" coveredconditionals="28" methods="28" coveredmethods="15"/>
        <file name="index.vue" path="D:\Code\we-vue\packages\tabs\index.vue">
          <metrics statements="104" coveredstatements="48" conditionals="61" coveredconditionals="28" methods="28" coveredmethods="15"/>
          <line num="40" count="2" type="stmt"/>
          <line num="41" count="2" type="stmt"/>
          <line num="42" count="2" type="stmt"/>
          <line num="43" count="2" type="stmt"/>
          <line num="44" count="2" type="stmt"/>
          <line num="82" count="5" type="stmt"/>
          <line num="98" count="8" type="stmt"/>
          <line num="102" count="5" type="stmt"/>
          <line num="104" count="0" type="stmt"/>
          <line num="109" count="0" type="stmt"/>
          <line num="114" count="5" type="stmt"/>
          <line num="121" count="0" type="cond" truecount="0" falsecount="2"/>
          <line num="122" count="0" type="stmt"/>
          <line num="127" count="3" type="cond" truecount="2" falsecount="0"/>
          <line num="128" count="3" type="stmt"/>
          <line num="129" count="3" type="stmt"/>
          <line num="133" count="5" type="stmt"/>
          <line num="134" count="5" type="stmt"/>
          <line num="137" count="5" type="cond" truecount="3" falsecount="1"/>
          <line num="138" count="0" type="stmt"/>
          <line num="143" count="0" type="stmt"/>
          <line num="147" count="0" type="stmt"/>
          <line num="151" count="5" type="stmt"/>
          <line num="152" count="5" type="stmt"/>
          <line num="153" count="5" type="stmt"/>
          <line num="155" count="5" type="stmt"/>
          <line num="156" count="5" type="stmt"/>
          <line num="157" count="5" type="stmt"/>
          <line num="161" count="0" type="stmt"/>
          <line num="162" count="0" type="stmt"/>
          <line num="163" count="0" type="stmt"/>
          <line num="164" count="0" type="stmt"/>
          <line num="169" count="0" type="stmt"/>
          <line num="173" count="5" type="stmt"/>
          <line num="178" count="10" type="stmt"/>
          <line num="180" count="10" type="cond" truecount="1" falsecount="1"/>
          <line num="181" count="10" type="cond" truecount="1" falsecount="1"/>
          <line num="184" count="10" type="cond" truecount="1" falsecount="1"/>
          <line num="185" count="10" type="stmt"/>
          <line num="186" count="10" type="cond" truecount="2" falsecount="0"/>
          <line num="190" count="10" type="cond" truecount="1" falsecount="1"/>
          <line num="191" count="0" type="stmt"/>
          <line num="192" count="0" type="cond" truecount="0" falsecount="2"/>
          <line num="194" count="0" type="cond" truecount="0" falsecount="2"/>
          <line num="195" count="0" type="stmt"/>
          <line num="199" count="10" type="cond" truecount="1" falsecount="1"/>
          <line num="200" count="0" type="stmt"/>
          <line num="202" count="0" type="cond" truecount="0" falsecount="2"/>
          <line num="204" count="0" type="stmt"/>
          <line num="205" count="0" type="stmt"/>
          <line num="206" count="0" type="stmt"/>
          <line num="207" count="0" type="stmt"/>
          <line num="212" count="0" type="stmt"/>
          <line num="214" count="0" type="stmt"/>
          <line num="217" count="0" type="cond" truecount="0" falsecount="3"/>
          <line num="219" count="0" type="cond" truecount="0" falsecount="3"/>
          <line num="220" count="0" type="stmt"/>
          <line num="229" count="0" type="stmt"/>
          <line num="230" count="0" type="stmt"/>
          <line num="231" count="0" type="stmt"/>
          <line num="233" count="0" type="cond" truecount="0" falsecount="2"/>
          <line num="234" count="0" type="stmt"/>
          <line num="235" count="0" type="cond" truecount="0" falsecount="2"/>
          <line num="236" count="0" type="stmt"/>
          <line num="238" count="0" type="stmt"/>
          <line num="243" count="13" type="stmt"/>
          <line num="244" count="13" type="stmt"/>
          <line num="245" count="13" type="cond" truecount="4" falsecount="0"/>
          <line num="246" count="4" type="stmt"/>
          <line num="249" count="9" type="stmt"/>
          <line num="250" count="9" type="cond" truecount="2" falsecount="0"/>
          <line num="251" count="9" type="stmt"/>
          <line num="253" count="9" type="stmt"/>
          <line num="263" count="8" type="stmt"/>
          <line num="264" count="14" type="stmt"/>
          <line num="265" count="8" type="cond" truecount="2" falsecount="0"/>
          <line num="266" count="8" type="cond" truecount="2" falsecount="0"/>
          <line num="270" count="8" type="cond" truecount="2" falsecount="0"/>
          <line num="271" count="5" type="stmt"/>
          <line num="273" count="5" type="cond" truecount="1" falsecount="1"/>
          <line num="274" count="0" type="stmt"/>
          <line num="276" count="5" type="stmt"/>
          <line num="281" count="0" type="stmt"/>
          <line num="283" count="0" type="cond" truecount="0" falsecount="2"/>
          <line num="284" count="0" type="stmt"/>
          <line num="286" count="0" type="stmt"/>
          <line num="287" count="0" type="stmt"/>
          <line num="292" count="0" type="stmt"/>
          <line num="293" count="13" type="cond" truecount="2" falsecount="2"/>
          <line num="294" count="13" type="stmt"/>
          <line num="297" count="0" type="stmt"/>
          <line num="302" count="0" type="stmt"/>
          <line num="312" count="0" type="cond" truecount="0" falsecount="2"/>
          <line num="313" count="0" type="stmt"/>
          <line num="314" count="0" type="stmt"/>
          <line num="317" count="0" type="stmt"/>
          <line num="318" count="0" type="stmt"/>
          <line num="319" count="0" type="stmt"/>
          <line num="320" count="0" type="stmt"/>
          <line num="326" count="0" type="stmt"/>
          <line num="330" count="0" type="stmt"/>
          <line num="331" count="0" type="stmt"/>
          <line num="332" count="0" type="stmt"/>
          <line num="333" count="0" type="stmt"/>
        </file>
      </package>
      <package name="packages.textarea">
        <metrics statements="12" coveredstatements="12" conditionals="10" coveredconditionals="10" methods="7" coveredmethods="7"/>
        <file name="index.vue" path="D:\Code\we-vue\packages\textarea\index.vue">
          <metrics statements="12" coveredstatements="12" conditionals="10" coveredconditionals="10" methods="7" coveredmethods="7"/>
          <line num="24" count="2" type="stmt"/>
          <line num="52" count="7" type="stmt"/>
          <line num="59" count="11" type="cond" truecount="2" falsecount="0"/>
          <line num="64" count="7" type="cond" truecount="4" falsecount="0"/>
          <line num="65" count="1" type="stmt"/>
          <line num="67" count="6" type="stmt"/>
          <line num="73" count="1" type="stmt"/>
          <line num="77" count="1" type="stmt"/>
          <line num="83" count="4" type="stmt"/>
          <line num="88" count="2" type="cond" truecount="4" falsecount="0"/>
          <line num="89" count="1" type="stmt"/>
          <line num="92" count="2" type="stmt"/>
        </file>
      </package>
      <package name="packages.toast">
        <metrics statements="51" coveredstatements="46" conditionals="18" coveredconditionals="12" methods="14" coveredmethods="12"/>
        <file name="index.js" path="D:\Code\we-vue\packages\toast\index.js">
          <metrics statements="46" coveredstatements="41" conditionals="18" coveredconditionals="12" methods="13" coveredmethods="11"/>
          <line num="5" count="11" type="cond" truecount="2" falsecount="0"/>
          <line num="7" count="2" type="stmt"/>
          <line num="8" count="2" type="stmt"/>
          <line num="10" count="2" type="stmt"/>
          <line num="11" count="7" type="cond" truecount="4" falsecount="0"/>
          <line num="12" count="1" type="stmt"/>
          <line num="16" count="1" type="stmt"/>
          <line num="17" count="1" type="stmt"/>
          <line num="19" count="7" type="stmt"/>
          <line num="22" count="2" type="cond" truecount="0" falsecount="1"/>
          <line num="23" count="7" type="stmt"/>
          <line num="25" count="7" type="stmt"/>
          <line num="29" count="1" type="stmt"/>
          <line num="33" count="7" type="cond" truecount="2" falsecount="0"/>
          <line num="34" count="1" type="stmt"/>
          <line num="37" count="7" type="stmt"/>
          <line num="38" count="7" type="stmt"/>
          <line num="40" count="7" type="cond" truecount="1" falsecount="1"/>
          <line num="41" count="7" type="stmt"/>
          <line num="42" count="1" type="stmt"/>
          <line num="46" count="7" type="stmt"/>
          <line num="49" count="2" type="stmt"/>
          <line num="58" count="8" type="stmt"/>
          <line num="59" count="4" type="stmt"/>
          <line num="64" count="2" type="stmt"/>
          <line num="65" count="2" type="stmt"/>
          <line num="66" count="8" type="stmt"/>
          <line num="69" count="2" type="stmt"/>
          <line num="70" count="9" type="cond" truecount="1" falsecount="1"/>
          <line num="71" count="9" type="cond" truecount="1" falsecount="1"/>
          <line num="72" count="0" type="stmt"/>
          <line num="73" count="0" type="stmt"/>
          <line num="75" count="0" type="stmt"/>
          <line num="76" count="9" type="cond" truecount="1" falsecount="1"/>
          <line num="77" count="9" type="stmt"/>
          <line num="79" count="0" type="stmt"/>
          <line num="84" count="2" type="stmt"/>
          <line num="85" count="2" type="stmt"/>
          <line num="88" count="2" type="stmt"/>
          <line num="89" count="3" type="stmt"/>
          <line num="92" count="2" type="cond" truecount="0" falsecount="1"/>
          <line num="93" count="0" type="stmt"/>
          <line num="96" count="2" type="stmt"/>
          <line num="97" count="1" type="stmt"/>
          <line num="100" count="2" type="stmt"/>
          <line num="101" count="2" type="stmt"/>
        </file>
        <file name="toast.vue" path="D:\Code\we-vue\packages\toast\toast.vue">
          <metrics statements="5" coveredstatements="5" conditionals="0" coveredconditionals="0" methods="1" coveredmethods="1"/>
          <line num="29" count="2" type="stmt"/>
          <line num="30" count="2" type="stmt"/>
          <line num="31" count="2" type="stmt"/>
          <line num="32" count="2" type="stmt"/>
          <line num="56" count="3" type="stmt"/>
        </file>
      </package>
      <package name="packages.top-tips">
        <metrics statements="31" coveredstatements="29" conditionals="8" coveredconditionals="6" methods="9" coveredmethods="7"/>
        <file name="index.js" path="D:\Code\we-vue\packages\top-tips\index.js">
          <metrics statements="29" coveredstatements="27" conditionals="8" coveredconditionals="6" methods="9" coveredmethods="7"/>
          <line num="5" count="2" type="stmt"/>
          <line num="11" count="2" type="stmt"/>
          <line num="13" count="5" type="cond" truecount="2" falsecount="0"/>
          <line num="15" count="2" type="stmt"/>
          <line num="16" count="1" type="stmt"/>
          <line num="20" count="1" type="stmt"/>
          <line num="21" count="4" type="stmt"/>
          <line num="24" count="1" type="stmt"/>
          <line num="27" count="2" type="stmt"/>
          <line num="28" count="5" type="stmt"/>
          <line num="33" count="5" type="cond" truecount="2" falsecount="0"/>
          <line num="34" count="1" type="stmt"/>
          <line num="37" count="5" type="stmt"/>
          <line num="38" count="5" type="stmt"/>
          <line num="40" count="5" type="stmt"/>
          <line num="42" count="5" type="cond" truecount="1" falsecount="1"/>
          <line num="43" count="5" type="stmt"/>
          <line num="44" count="1" type="stmt"/>
          <line num="48" count="5" type="stmt"/>
          <line num="51" count="2" type="stmt"/>
          <line num="52" count="5" type="cond" truecount="1" falsecount="1"/>
          <line num="53" count="5" type="stmt"/>
          <line num="57" count="2" type="stmt"/>
          <line num="58" count="0" type="stmt"/>
          <line num="61" count="2" type="stmt"/>
          <line num="62" count="0" type="stmt"/>
          <line num="65" count="2" type="stmt"/>
          <line num="66" count="1" type="stmt"/>
          <line num="69" count="2" type="stmt"/>
        </file>
        <file name="top-tips.vue" path="D:\Code\we-vue\packages\top-tips\top-tips.vue">
          <metrics statements="2" coveredstatements="2" conditionals="0" coveredconditionals="0" methods="0" coveredmethods="0"/>
          <line num="15" count="2" type="stmt"/>
          <line num="16" count="2" type="stmt"/>
        </file>
      </package>
      <package name="packages.utils">
        <metrics statements="80" coveredstatements="76" conditionals="75" coveredconditionals="67" methods="16" coveredmethods="14"/>
        <file name="clickoutside.js" path="D:\Code\we-vue\packages\utils\clickoutside.js">
          <metrics statements="8" coveredstatements="8" conditionals="8" coveredconditionals="8" methods="1" coveredmethods="1"/>
          <line num="11" count="3" type="stmt"/>
          <line num="15" count="11" type="stmt"/>
          <line num="16" count="12" type="cond" truecount="2" falsecount="0"/>
          <line num="17" count="4" type="stmt"/>
          <line num="21" count="11" type="stmt"/>
          <line num="27" count="11" type="cond" truecount="2" falsecount="0"/>
          <line num="36" count="10" type="cond" truecount="2" falsecount="0"/>
          <line num="41" count="1" type="stmt"/>
        </file>
        <file name="create.js" path="D:\Code\we-vue\packages\utils\create.js">
          <metrics statements="6" coveredstatements="6" conditionals="8" coveredconditionals="8" methods="1" coveredmethods="1"/>
          <line num="7" count="103" type="stmt"/>
          <line num="8" count="103" type="cond" truecount="2" falsecount="0"/>
          <line num="9" count="103" type="cond" truecount="2" falsecount="0"/>
          <line num="10" count="103" type="cond" truecount="2" falsecount="0"/>
          <line num="11" count="103" type="cond" truecount="2" falsecount="0"/>
          <line num="13" count="103" type="stmt"/>
        </file>
        <file name="deep-assign.js" path="D:\Code\we-vue\packages\utils\deep-assign.js">
          <metrics statements="11" coveredstatements="9" conditionals="11" coveredconditionals="6" methods="2" coveredmethods="2"/>
          <line num="3" count="4" type="stmt"/>
          <line num="6" count="5" type="stmt"/>
          <line num="8" count="5" type="cond" truecount="3" falsecount="2"/>
          <line num="9" count="0" type="stmt"/>
          <line num="12" count="5" type="cond" truecount="2" falsecount="2"/>
          <line num="13" count="5" type="stmt"/>
          <line num="15" count="0" type="stmt"/>
          <line num="20" count="4" type="stmt"/>
          <line num="21" count="5" type="cond" truecount="1" falsecount="1"/>
          <line num="22" count="5" type="stmt"/>
          <line num="25" count="4" type="stmt"/>
        </file>
        <file name="deep-clone.js" path="D:\Code\we-vue\packages\utils\deep-clone.js">
          <metrics statements="5" coveredstatements="5" conditionals="4" coveredconditionals="4" methods="2" coveredmethods="2"/>
          <line num="4" count="95" type="cond" truecount="2" falsecount="0"/>
          <line num="5" count="69" type="stmt"/>
          <line num="6" count="69" type="cond" truecount="2" falsecount="0"/>
          <line num="7" count="4" type="stmt"/>
          <line num="9" count="65" type="stmt"/>
        </file>
        <file name="event.js" path="D:\Code\we-vue\packages\utils\event.js">
          <metrics statements="8" coveredstatements="8" conditionals="9" coveredconditionals="7" methods="2" coveredmethods="2"/>
          <line num="3" count="8" type="stmt"/>
          <line num="4" count="8" type="cond" truecount="1" falsecount="1"/>
          <line num="5" count="8" type="stmt"/>
          <line num="6" count="8" type="stmt"/>
          <line num="7" count="8" type="stmt"/>
          <line num="13" count="8" type="stmt"/>
          <line num="18" count="42" type="cond" truecount="2" falsecount="0"/>
          <line num="27" count="74" type="cond" truecount="2" falsecount="0"/>
        </file>
        <file name="index.js" path="D:\Code\we-vue\packages\utils\index.js">
          <metrics statements="4" coveredstatements="4" conditionals="5" coveredconditionals="5" methods="2" coveredmethods="2"/>
          <line num="4" count="18" type="stmt"/>
          <line num="7" count="5" type="cond" truecount="2" falsecount="0"/>
          <line num="11" count="428" type="stmt"/>
          <line num="12" count="428" type="cond" truecount="3" falsecount="0"/>
        </file>
        <file name="install.js" path="D:\Code\we-vue\packages\utils\install.js">
          <metrics statements="1" coveredstatements="1" conditionals="0" coveredconditionals="0" methods="1" coveredmethods="1"/>
          <line num="5" count="42" type="stmt"/>
        </file>
        <file name="raf.js" path="D:\Code\we-vue\packages\utils\raf.js">
          <metrics statements="3" coveredstatements="1" conditionals="0" coveredconditionals="0" methods="2" coveredmethods="0"/>
          <line num="7" count="2" type="stmt"/>
          <line num="32" count="0" type="stmt"/>
          <line num="36" count="0" type="stmt"/>
        </file>
        <file name="scroll.js" path="D:\Code\we-vue\packages\utils\scroll.js">
          <metrics statements="32" coveredstatements="32" conditionals="28" coveredconditionals="28" methods="2" coveredmethods="2"/>
          <line num="6" count="7" type="stmt"/>
          <line num="7" count="11" type="stmt"/>
          <line num="8" count="11" type="stmt"/>
          <line num="9" count="11" type="stmt"/>
          <line num="10" count="11" type="stmt"/>
          <line num="11" count="28332" type="stmt"/>
          <line num="12" count="28332" type="cond" truecount="2" falsecount="0"/>
          <line num="13" count="28324" type="stmt"/>
          <line num="15" count="8" type="stmt"/>
          <line num="16" count="8" type="stmt"/>
          <line num="19" count="11" type="cond" truecount="2" falsecount="0"/>
          <line num="20" count="8" type="stmt"/>
          <line num="22" count="11" type="stmt"/>
          <line num="33" count="11" type="stmt"/>
          <line num="35" count="11" type="stmt"/>
          <line num="42" count="7" type="stmt"/>
          <line num="43" count="7" type="cond" truecount="4" falsecount="0"/>
          <line num="44" count="1" type="stmt"/>
          <line num="46" count="6" type="stmt"/>
          <line num="48" count="10" type="stmt"/>
          <line num="53" count="8" type="stmt"/>
          <line num="54" count="8" type="stmt"/>
          <line num="55" count="13" type="cond" truecount="2" falsecount="0"/>
          <line num="56" count="6" type="stmt"/>
          <line num="58" count="7" type="cond" truecount="2" falsecount="0"/>
          <line num="59" count="1" type="stmt"/>
          <line num="61" count="6" type="stmt"/>
          <line num="63" count="1" type="stmt"/>
          <line num="68" count="15" type="cond" truecount="2" falsecount="0"/>
          <line num="73" count="2" type="cond" truecount="2" falsecount="0"/>
          <line num="80" count="10" type="stmt"/>
          <line num="87" count="14" type="cond" truecount="2" falsecount="0"/>
        </file>
        <file name="touches.js" path="D:\Code\we-vue\packages\utils\touches.js">
          <metrics statements="2" coveredstatements="2" conditionals="2" coveredconditionals="1" methods="1" coveredmethods="1"/>
          <line num="1" count="18" type="stmt"/>
          <line num="2" count="128" type="cond" truecount="1" falsecount="1"/>
        </file>
      </package>
    </metrics>
  </project>
</coverage>
