{"D:\\Code\\we-vue\\packages\\index.js": {"path":"D:\\Code\\we-vue\\packages\\index.js","statementMap":{"0":{"start":{"line":47,"column":16},"end":{"line":47,"column":31}},"1":{"start":{"line":48,"column":19},"end":{"line":91,"column":1}},"2":{"start":{"line":93,"column":16},"end":{"line":97,"column":1}},"3":{"start":{"line":94,"column":2},"end":{"line":96,"column":4}},"4":{"start":{"line":95,"column":4},"end":{"line":95,"column":22}},"5":{"start":{"line":100,"column":0},"end":{"line":102,"column":1}}},"fnMap":{"0":{"name":"(anonymous_0)","decl":{"start":{"line":93,"column":16},"end":{"line":93,"column":17}},"loc":{"start":{"line":93,"column":23},"end":{"line":97,"column":1}},"line":93},"1":{"name":"(anonymous_1)","decl":{"start":{"line":94,"column":21},"end":{"line":94,"column":22}},"loc":{"start":{"line":94,"column":34},"end":{"line":96,"column":3}},"line":94}},"branchMap":{"0":{"loc":{"start":{"line":100,"column":0},"end":{"line":102,"column":1}},"type":"if","locations":[{"start":{"line":100,"column":0},"end":{"line":102,"column":1}}],"line":100},"1":{"loc":{"start":{"line":100,"column":4},"end":{"line":100,"column":47}},"type":"binary-expr","locations":[{"start":{"line":100,"column":4},"end":{"line":100,"column":33}},{"start":{"line":100,"column":37},"end":{"line":100,"column":47}}],"line":100}},"s":{"0":1,"1":1,"2":1,"3":1,"4":42,"5":1},"f":{"0":1,"1":42},"b":{"0":[1],"1":[1,1]},"_coverageSchema":"332fd63041d2c1bcb487cc26dd0d5f7d97098a6c","hash":"6d858cc9605eba1d8b7a008b1890f99ccf28a17d"}
,"D:\\Code\\we-vue\\packages\\actionsheet\\index.vue": {"path":"D:\\Code\\we-vue\\packages\\actionsheet\\index.vue","statementMap":{"0":{"start":{"line":67,"column":0},"end":{"line":null,"column":-1}},"1":{"start":{"line":80,"column":0},"end":{"line":null,"column":-1}},"2":{"start":{"line":90,"column":0},"end":{"line":null,"column":-1}},"3":{"start":{"line":97,"column":0},"end":{"line":null,"column":-1}},"4":{"start":{"line":101,"column":0},"end":{"line":null,"column":-1}},"5":{"start":{"line":107,"column":0},"end":{"line":109,"column":0}},"6":{"start":{"line":108,"column":0},"end":{"line":null,"column":-1}},"7":{"start":{"line":110,"column":0},"end":{"line":null,"column":-1}}},"fnMap":{"0":{"name":"_default","decl":{"start":{"line":80,"column":0},"end":{"line":null,"column":-1}},"loc":{"start":{"line":80,"column":0},"end":{"line":null,"column":-1}}},"1":{"name":"data","decl":{"start":{"line":89,"column":0},"end":{"line":null,"column":-1}},"loc":{"start":{"line":89,"column":0},"end":{"line":93,"column":0}}},"2":{"name":"currentValue","decl":{"start":{"line":96,"column":0},"end":{"line":null,"column":-1}},"loc":{"start":{"line":96,"column":0},"end":{"line":98,"column":0}}},"3":{"name":"value","decl":{"start":{"line":100,"column":0},"end":{"line":null,"column":-1}},"loc":{"start":{"line":100,"column":0},"end":{"line":102,"column":0}}},"4":{"name":"itemClick","decl":{"start":{"line":106,"column":0},"end":{"line":null,"column":-1}},"loc":{"start":{"line":106,"column":0},"end":{"line":111,"column":0}}}},"branchMap":{"0":{"loc":{"start":{"line":107,"column":0},"end":{"line":109,"column":0}},"type":"if","locations":[{"start":{"line":107,"column":0},"end":{"line":109,"column":0}},{"start":{"line":107,"column":0},"end":{"line":109,"column":0}}]},"1":{"loc":{"start":{"line":107,"column":0},"end":{"line":null,"column":-1}},"type":"binary-expr","locations":[{"start":{"line":107,"column":0},"end":{"line":null,"column":-1}},{"start":{"line":107,"column":0},"end":{"line":null,"column":-1}}]}},"s":{"0":2,"1":4,"2":6,"3":2,"4":1,"5":1,"6":1,"7":1},"f":{"0":4,"1":6,"2":2,"3":1,"4":1},"b":{"0":[1,0],"1":[1,1]}}
,"D:\\Code\\we-vue\\packages\\area\\index.vue": {"path":"D:\\Code\\we-vue\\packages\\area\\index.vue","statementMap":{"0":{"start":{"line":17,"column":0},"end":{"line":null,"column":-1}},"1":{"start":{"line":18,"column":0},"end":{"line":null,"column":-1}},"2":{"start":{"line":31,"column":0},"end":{"line":null,"column":-1}},"3":{"start":{"line":49,"column":0},"end":{"line":null,"column":-1}},"4":{"start":{"line":56,"column":0},"end":{"line":null,"column":-1}},"5":{"start":{"line":65,"column":0},"end":{"line":null,"column":-1}},"6":{"start":{"line":69,"column":0},"end":{"line":null,"column":-1}},"7":{"start":{"line":73,"column":0},"end":{"line":null,"column":-1}},"8":{"start":{"line":77,"column":0},"end":{"line":null,"column":-1}},"9":{"start":{"line":83,"column":0},"end":{"line":null,"column":-1}},"10":{"start":{"line":84,"column":0},"end":{"line":null,"column":-1}},"11":{"start":{"line":90,"column":0},"end":{"line":null,"column":-1}},"12":{"start":{"line":96,"column":0},"end":{"line":null,"column":-1}},"13":{"start":{"line":101,"column":0},"end":{"line":null,"column":-1}},"14":{"start":{"line":105,"column":0},"end":{"line":null,"column":-1}},"15":{"start":{"line":109,"column":0},"end":{"line":null,"column":-1}},"16":{"start":{"line":110,"column":0},"end":{"line":112,"column":0}},"17":{"start":{"line":111,"column":0},"end":{"line":null,"column":-1}},"18":{"start":{"line":114,"column":0},"end":{"line":null,"column":-1}},"19":{"start":{"line":115,"column":0},"end":{"line":null,"column":-1}},"20":{"start":{"line":120,"column":0},"end":{"line":122,"column":0}},"21":{"start":{"line":121,"column":0},"end":{"line":null,"column":-1}},"22":{"start":{"line":124,"column":0},"end":{"line":null,"column":-1}},"23":{"start":{"line":129,"column":0},"end":{"line":null,"column":-1}},"24":{"start":{"line":130,"column":0},"end":{"line":null,"column":-1}},"25":{"start":{"line":131,"column":0},"end":{"line":null,"column":-1}},"26":{"start":{"line":133,"column":0},"end":{"line":137,"column":0}},"27":{"start":{"line":134,"column":0},"end":{"line":136,"column":0}},"28":{"start":{"line":135,"column":0},"end":{"line":null,"column":-1}},"29":{"start":{"line":139,"column":0},"end":{"line":null,"column":-1}},"30":{"start":{"line":144,"column":0},"end":{"line":null,"column":-1}},"31":{"start":{"line":143,"column":0},"end":{"line":null,"column":-1}},"32":{"start":{"line":146,"column":0},"end":{"line":null,"column":-1}},"33":{"start":{"line":147,"column":0},"end":{"line":null,"column":-1}},"34":{"start":{"line":149,"column":0},"end":{"line":151,"column":0}},"35":{"start":{"line":150,"column":0},"end":{"line":null,"column":-1}},"36":{"start":{"line":153,"column":0},"end":{"line":null,"column":-1}},"37":{"start":{"line":154,"column":0},"end":{"line":null,"column":-1}},"38":{"start":{"line":156,"column":0},"end":{"line":158,"column":0}},"39":{"start":{"line":157,"column":0},"end":{"line":null,"column":-1}},"40":{"start":{"line":160,"column":0},"end":{"line":null,"column":-1}},"41":{"start":{"line":161,"column":0},"end":{"line":null,"column":-1}},"42":{"start":{"line":170,"column":0},"end":{"line":null,"column":-1}},"43":{"start":{"line":174,"column":0},"end":{"line":null,"column":-1}},"44":{"start":{"line":175,"column":0},"end":{"line":null,"column":-1}},"45":{"start":{"line":176,"column":0},"end":{"line":null,"column":-1}},"46":{"start":{"line":180,"column":0},"end":{"line":null,"column":-1}},"47":{"start":{"line":181,"column":0},"end":{"line":null,"column":-1}}},"fnMap":{"0":{"name":"_default","decl":{"start":{"line":31,"column":0},"end":{"line":null,"column":-1}},"loc":{"start":{"line":31,"column":0},"end":{"line":null,"column":-1}}},"1":{"name":"validator","decl":{"start":{"line":48,"column":0},"end":{"line":null,"column":-1}},"loc":{"start":{"line":48,"column":0},"end":{"line":50,"column":0}}},"2":{"name":"data","decl":{"start":{"line":55,"column":0},"end":{"line":null,"column":-1}},"loc":{"start":{"line":55,"column":0},"end":{"line":61,"column":0}}},"3":{"name":"province","decl":{"start":{"line":64,"column":0},"end":{"line":null,"column":-1}},"loc":{"start":{"line":64,"column":0},"end":{"line":66,"column":0}}},"4":{"name":"city","decl":{"start":{"line":68,"column":0},"end":{"line":null,"column":-1}},"loc":{"start":{"line":68,"column":0},"end":{"line":70,"column":0}}},"5":{"name":"county","decl":{"start":{"line":72,"column":0},"end":{"line":null,"column":-1}},"loc":{"start":{"line":72,"column":0},"end":{"line":74,"column":0}}},"6":{"name":"displayColumns","decl":{"start":{"line":76,"column":0},"end":{"line":null,"column":-1}},"loc":{"start":{"line":76,"column":0},"end":{"line":78,"column":0}}},"7":{"name":"value","decl":{"start":{"line":82,"column":0},"end":{"line":null,"column":-1}},"loc":{"start":{"line":82,"column":0},"end":{"line":85,"column":0}}},"8":{"name":"handler","decl":{"start":{"line":89,"column":0},"end":{"line":null,"column":-1}},"loc":{"start":{"line":89,"column":0},"end":{"line":91,"column":0}}},"9":{"name":"mounted","decl":{"start":{"line":95,"column":0},"end":{"line":null,"column":-1}},"loc":{"start":{"line":95,"column":0},"end":{"line":97,"column":0}}},"10":{"name":"open","decl":{"start":{"line":100,"column":0},"end":{"line":null,"column":-1}},"loc":{"start":{"line":100,"column":0},"end":{"line":102,"column":0}}},"11":{"name":"close","decl":{"start":{"line":104,"column":0},"end":{"line":null,"column":-1}},"loc":{"start":{"line":104,"column":0},"end":{"line":106,"column":0}}},"12":{"name":"getList","decl":{"start":{"line":108,"column":0},"end":{"line":null,"column":-1}},"loc":{"start":{"line":108,"column":0},"end":{"line":125,"column":0}}},"13":{"name":"(anonymous_14)","decl":{"start":{"line":115,"column":0},"end":{"line":null,"column":-1}},"loc":{"start":{"line":115,"column":0},"end":{"line":null,"column":-1}}},"14":{"name":"(anonymous_15)","decl":{"start":{"line":121,"column":0},"end":{"line":null,"column":-1}},"loc":{"start":{"line":121,"column":0},"end":{"line":null,"column":-1}}},"15":{"name":"getIndex","decl":{"start":{"line":128,"column":0},"end":{"line":null,"column":-1}},"loc":{"start":{"line":128,"column":0},"end":{"line":140,"column":0}}},"16":{"name":"setValues","decl":{"start":{"line":143,"column":0},"end":{"line":null,"column":-1}},"loc":{"start":{"line":143,"column":0},"end":{"line":166,"column":0}}},"17":{"name":"getValues","decl":{"start":{"line":169,"column":0},"end":{"line":null,"column":-1}},"loc":{"start":{"line":169,"column":0},"end":{"line":171,"column":0}}},"18":{"name":"onChange","decl":{"start":{"line":173,"column":0},"end":{"line":null,"column":-1}},"loc":{"start":{"line":173,"column":0},"end":{"line":177,"column":0}}},"19":{"name":"reset","decl":{"start":{"line":179,"column":0},"end":{"line":null,"column":-1}},"loc":{"start":{"line":179,"column":0},"end":{"line":182,"column":0}}}},"branchMap":{"0":{"loc":{"start":{"line":49,"column":0},"end":{"line":null,"column":-1}},"type":"binary-expr","locations":[{"start":{"line":49,"column":0},"end":{"line":null,"column":-1}},{"start":{"line":49,"column":0},"end":{"line":null,"column":-1}}]},"1":{"loc":{"start":{"line":65,"column":0},"end":{"line":null,"column":-1}},"type":"binary-expr","locations":[{"start":{"line":65,"column":0},"end":{"line":null,"column":-1}},{"start":{"line":65,"column":0},"end":{"line":null,"column":-1}}]},"2":{"loc":{"start":{"line":69,"column":0},"end":{"line":null,"column":-1}},"type":"binary-expr","locations":[{"start":{"line":69,"column":0},"end":{"line":null,"column":-1}},{"start":{"line":69,"column":0},"end":{"line":null,"column":-1}}]},"3":{"loc":{"start":{"line":73,"column":0},"end":{"line":null,"column":-1}},"type":"binary-expr","locations":[{"start":{"line":73,"column":0},"end":{"line":null,"column":-1}},{"start":{"line":73,"column":0},"end":{"line":null,"column":-1}}]},"4":{"loc":{"start":{"line":110,"column":0},"end":{"line":112,"column":0}},"type":"if","locations":[{"start":{"line":110,"column":0},"end":{"line":112,"column":0}},{"start":{"line":110,"column":0},"end":{"line":112,"column":0}}]},"5":{"loc":{"start":{"line":110,"column":0},"end":{"line":null,"column":-1}},"type":"binary-expr","locations":[{"start":{"line":110,"column":0},"end":{"line":null,"column":-1}},{"start":{"line":110,"column":0},"end":{"line":null,"column":-1}}]},"6":{"loc":{"start":{"line":120,"column":0},"end":{"line":122,"column":0}},"type":"if","locations":[{"start":{"line":120,"column":0},"end":{"line":122,"column":0}},{"start":{"line":120,"column":0},"end":{"line":122,"column":0}}]},"7":{"loc":{"start":{"line":129,"column":0},"end":{"line":null,"column":-1}},"type":"cond-expr","locations":[{"start":{"line":129,"column":0},"end":{"line":null,"column":-1}},{"start":{"line":129,"column":0},"end":{"line":null,"column":-1}}]},"8":{"loc":{"start":{"line":134,"column":0},"end":{"line":136,"column":0}},"type":"if","locations":[{"start":{"line":134,"column":0},"end":{"line":136,"column":0}},{"start":{"line":134,"column":0},"end":{"line":136,"column":0}}]},"9":{"loc":{"start":{"line":144,"column":0},"end":{"line":null,"column":-1}},"type":"binary-expr","locations":[{"start":{"line":144,"column":0},"end":{"line":null,"column":-1}},{"start":{"line":144,"column":0},"end":{"line":null,"column":-1}},{"start":{"line":144,"column":0},"end":{"line":null,"column":-1}}]},"10":{"loc":{"start":{"line":149,"column":0},"end":{"line":151,"column":0}},"type":"if","locations":[{"start":{"line":149,"column":0},"end":{"line":151,"column":0}},{"start":{"line":149,"column":0},"end":{"line":151,"column":0}}]},"11":{"loc":{"start":{"line":156,"column":0},"end":{"line":158,"column":0}},"type":"if","locations":[{"start":{"line":156,"column":0},"end":{"line":158,"column":0}},{"start":{"line":156,"column":0},"end":{"line":158,"column":0}}]},"12":{"loc":{"start":{"line":156,"column":0},"end":{"line":null,"column":-1}},"type":"binary-expr","locations":[{"start":{"line":156,"column":0},"end":{"line":null,"column":-1}},{"start":{"line":156,"column":0},"end":{"line":null,"column":-1}}]},"13":{"loc":{"start":{"line":170,"column":0},"end":{"line":null,"column":-1}},"type":"cond-expr","locations":[{"start":{"line":170,"column":0},"end":{"line":null,"column":-1}},{"start":{"line":170,"column":0},"end":{"line":null,"column":-1}}]}},"s":{"0":2,"1":2,"2":1,"3":1,"4":1,"5":1,"6":0,"7":1,"8":1,"9":0,"10":0,"11":0,"12":1,"13":0,"14":0,"15":2,"16":2,"17":1,"18":1,"19":1,"20":1,"21":0,"22":1,"23":0,"24":0,"25":0,"26":0,"27":0,"28":0,"29":0,"30":1,"31":1,"32":1,"33":1,"34":1,"35":0,"36":1,"37":0,"38":0,"39":0,"40":0,"41":0,"42":0,"43":0,"44":0,"45":0,"46":0,"47":0},"f":{"0":1,"1":1,"2":1,"3":1,"4":0,"5":1,"6":1,"7":0,"8":0,"9":1,"10":0,"11":0,"12":2,"13":0,"14":0,"15":0,"16":1,"17":0,"18":0,"19":0},"b":{"0":[1,1],"1":[1,1],"2":[0,0],"3":[1,1],"4":[1,1],"5":[2,1],"6":[0,1],"7":[0,0],"8":[0,0],"9":[1,1,1],"10":[0,1],"11":[0,0],"12":[0,0],"13":[0,0]}}
,"D:\\Code\\we-vue\\packages\\badge\\index.vue": {"path":"D:\\Code\\we-vue\\packages\\badge\\index.vue","statementMap":{"0":{"start":{"line":12,"column":0},"end":{"line":null,"column":-1}}},"fnMap":{},"branchMap":{},"s":{"0":2},"f":{},"b":{}}
,"D:\\Code\\we-vue\\packages\\button\\index.vue": {"path":"D:\\Code\\we-vue\\packages\\button\\index.vue","statementMap":{"0":{"start":{"line":13,"column":0},"end":{"line":null,"column":-1}},"1":{"start":{"line":31,"column":0},"end":{"line":null,"column":-1}},"2":{"start":{"line":37,"column":0},"end":{"line":null,"column":-1}},"3":{"start":{"line":39,"column":0},"end":{"line":null,"column":-1}},"4":{"start":{"line":42,"column":0},"end":{"line":null,"column":-1}},"5":{"start":{"line":46,"column":0},"end":{"line":null,"column":-1}},"6":{"start":{"line":47,"column":0},"end":{"line":null,"column":-1}},"7":{"start":{"line":48,"column":0},"end":{"line":null,"column":-1}},"8":{"start":{"line":49,"column":0},"end":{"line":null,"column":-1}},"9":{"start":{"line":51,"column":0},"end":{"line":null,"column":-1}}},"fnMap":{"0":{"name":"handleClick","decl":{"start":{"line":30,"column":0},"end":{"line":null,"column":-1}},"loc":{"start":{"line":30,"column":0},"end":{"line":32,"column":0}}},"1":{"name":"classObject","decl":{"start":{"line":36,"column":0},"end":{"line":null,"column":-1}},"loc":{"start":{"line":36,"column":0},"end":{"line":52,"column":0}}}},"branchMap":{"0":{"loc":{"start":{"line":39,"column":0},"end":{"line":null,"column":-1}},"type":"cond-expr","locations":[{"start":{"line":39,"column":0},"end":{"line":null,"column":-1}},{"start":{"line":39,"column":0},"end":{"line":null,"column":-1}}]},"1":{"loc":{"start":{"line":42,"column":0},"end":{"line":null,"column":-1}},"type":"cond-expr","locations":[{"start":{"line":42,"column":0},"end":{"line":null,"column":-1}},{"start":{"line":42,"column":0},"end":{"line":null,"column":-1}}]}},"s":{"0":2,"1":1,"2":6,"3":6,"4":6,"5":6,"6":6,"7":6,"8":6,"9":6},"f":{"0":1,"1":6},"b":{"0":[1,5],"1":[1,5]}}
,"D:\\Code\\we-vue\\packages\\cell\\index.vue": {"path":"D:\\Code\\we-vue\\packages\\cell\\index.vue","statementMap":{"0":{"start":{"line":22,"column":0},"end":{"line":null,"column":-1}},"1":{"start":{"line":23,"column":0},"end":{"line":null,"column":-1}},"2":{"start":{"line":42,"column":0},"end":{"line":null,"column":-1}},"3":{"start":{"line":43,"column":0},"end":{"line":null,"column":-1}}},"fnMap":{"0":{"name":"onClick","decl":{"start":{"line":41,"column":0},"end":{"line":null,"column":-1}},"loc":{"start":{"line":41,"column":0},"end":{"line":44,"column":0}}}},"branchMap":{},"s":{"0":5,"1":5,"2":5,"3":5},"f":{"0":5},"b":{}}
,"D:\\Code\\we-vue\\packages\\cell-swipe\\index.vue": {"path":"D:\\Code\\we-vue\\packages\\cell-swipe\\index.vue","statementMap":{"0":{"start":{"line":41,"column":0},"end":{"line":null,"column":-1}},"1":{"start":{"line":42,"column":0},"end":{"line":null,"column":-1}},"2":{"start":{"line":43,"column":0},"end":{"line":null,"column":-1}},"3":{"start":{"line":44,"column":0},"end":{"line":null,"column":-1}},"4":{"start":{"line":45,"column":0},"end":{"line":null,"column":-1}},"5":{"start":{"line":67,"column":0},"end":{"line":null,"column":-1}},"6":{"start":{"line":79,"column":0},"end":{"line":null,"column":-1}},"7":{"start":{"line":87,"column":0},"end":{"line":null,"column":-1}},"8":{"start":{"line":92,"column":0},"end":{"line":null,"column":-1}},"9":{"start":{"line":93,"column":0},"end":{"line":null,"column":-1}},"10":{"start":{"line":95,"column":0},"end":{"line":null,"column":-1}},"11":{"start":{"line":96,"column":0},"end":{"line":null,"column":-1}},"12":{"start":{"line":100,"column":0},"end":{"line":null,"column":-1}},"13":{"start":{"line":101,"column":0},"end":{"line":null,"column":-1}},"14":{"start":{"line":103,"column":0},"end":{"line":null,"column":-1}},"15":{"start":{"line":105,"column":0},"end":{"line":null,"column":-1}},"16":{"start":{"line":114,"column":0},"end":{"line":null,"column":-1}},"17":{"start":{"line":118,"column":0},"end":{"line":121,"column":0}},"18":{"start":{"line":119,"column":0},"end":{"line":null,"column":-1}},"19":{"start":{"line":120,"column":0},"end":{"line":null,"column":-1}},"20":{"start":{"line":123,"column":0},"end":{"line":127,"column":0}},"21":{"start":{"line":124,"column":0},"end":{"line":null,"column":-1}},"22":{"start":{"line":125,"column":0},"end":{"line":127,"column":0}},"23":{"start":{"line":126,"column":0},"end":{"line":null,"column":-1}},"24":{"start":{"line":131,"column":0},"end":{"line":null,"column":-1}}},"fnMap":{"0":{"name":"data","decl":{"start":{"line":66,"column":0},"end":{"line":null,"column":-1}},"loc":{"start":{"line":66,"column":0},"end":{"line":75,"column":0}}},"1":{"name":"style","decl":{"start":{"line":78,"column":0},"end":{"line":null,"column":-1}},"loc":{"start":{"line":78,"column":0},"end":{"line":83,"column":0}}},"2":{"name":"mounted","decl":{"start":{"line":86,"column":0},"end":{"line":null,"column":-1}},"loc":{"start":{"line":86,"column":0},"end":{"line":88,"column":0}}},"3":{"name":"onTouchstart","decl":{"start":{"line":91,"column":0},"end":{"line":null,"column":-1}},"loc":{"start":{"line":91,"column":0},"end":{"line":97,"column":0}}},"4":{"name":"onTouchmove","decl":{"start":{"line":99,"column":0},"end":{"line":null,"column":-1}},"loc":{"start":{"line":99,"column":0},"end":{"line":111,"column":0}}},"5":{"name":"onTouchend","decl":{"start":{"line":113,"column":0},"end":{"line":null,"column":-1}},"loc":{"start":{"line":113,"column":0},"end":{"line":128,"column":0}}},"6":{"name":"onClickoutside","decl":{"start":{"line":130,"column":0},"end":{"line":null,"column":-1}},"loc":{"start":{"line":130,"column":0},"end":{"line":132,"column":0}}}},"branchMap":{"0":{"loc":{"start":{"line":105,"column":0},"end":{"line":null,"column":-1}},"type":"cond-expr","locations":[{"start":{"line":105,"column":0},"end":{"line":null,"column":-1}},{"start":{"line":105,"column":0},"end":{"line":null,"column":-1}}]},"1":{"loc":{"start":{"line":118,"column":0},"end":{"line":121,"column":0}},"type":"if","locations":[{"start":{"line":118,"column":0},"end":{"line":121,"column":0}},{"start":{"line":118,"column":0},"end":{"line":121,"column":0}}]},"2":{"loc":{"start":{"line":123,"column":0},"end":{"line":127,"column":0}},"type":"if","locations":[{"start":{"line":123,"column":0},"end":{"line":127,"column":0}},{"start":{"line":123,"column":0},"end":{"line":127,"column":0}}]},"3":{"loc":{"start":{"line":123,"column":0},"end":{"line":null,"column":-1}},"type":"binary-expr","locations":[{"start":{"line":123,"column":0},"end":{"line":null,"column":-1}},{"start":{"line":123,"column":0},"end":{"line":null,"column":-1}}]},"4":{"loc":{"start":{"line":125,"column":0},"end":{"line":127,"column":0}},"type":"if","locations":[{"start":{"line":125,"column":0},"end":{"line":127,"column":0}},{"start":{"line":125,"column":0},"end":{"line":127,"column":0}}]},"5":{"loc":{"start":{"line":125,"column":0},"end":{"line":null,"column":-1}},"type":"binary-expr","locations":[{"start":{"line":125,"column":0},"end":{"line":null,"column":-1}},{"start":{"line":125,"column":0},"end":{"line":null,"column":-1}}]}},"s":{"0":2,"1":2,"2":2,"3":2,"4":2,"5":9,"6":44,"7":9,"8":6,"9":6,"10":6,"11":6,"12":24,"13":24,"14":24,"15":24,"16":6,"17":6,"18":2,"19":2,"20":4,"21":2,"22":2,"23":2,"24":1},"f":{"0":9,"1":44,"2":9,"3":6,"4":24,"5":6,"6":1},"b":{"0":[2,45],"1":[2,4],"2":[2,2],"3":[4,2],"4":[2,0],"5":[2,2]}}
,"D:\\Code\\we-vue\\packages\\cell-swipe-button\\index.vue": {"path":"D:\\Code\\we-vue\\packages\\cell-swipe-button\\index.vue","statementMap":{"0":{"start":{"line":8,"column":0},"end":{"line":null,"column":-1}}},"fnMap":{},"branchMap":{},"s":{"0":3},"f":{},"b":{}}
,"D:\\Code\\we-vue\\packages\\checklist\\index.vue": {"path":"D:\\Code\\we-vue\\packages\\checklist\\index.vue","statementMap":{"0":{"start":{"line":38,"column":0},"end":{"line":null,"column":-1}},"1":{"start":{"line":47,"column":0},"end":{"line":null,"column":-1}},"2":{"start":{"line":55,"column":0},"end":{"line":null,"column":-1}},"3":{"start":{"line":64,"column":0},"end":{"line":null,"column":-1}},"4":{"start":{"line":71,"column":0},"end":{"line":null,"column":-1}},"5":{"start":{"line":75,"column":0},"end":{"line":77,"column":0}},"6":{"start":{"line":76,"column":0},"end":{"line":null,"column":-1}},"7":{"start":{"line":79,"column":0},"end":{"line":null,"column":-1}},"8":{"start":{"line":85,"column":0},"end":{"line":null,"column":-1}},"9":{"start":{"line":90,"column":0},"end":{"line":92,"column":0}},"10":{"start":{"line":91,"column":0},"end":{"line":null,"column":-1}}},"fnMap":{"0":{"name":"validator","decl":{"start":{"line":46,"column":0},"end":{"line":null,"column":-1}},"loc":{"start":{"line":46,"column":0},"end":{"line":48,"column":0}}},"1":{"name":"validator","decl":{"start":{"line":54,"column":0},"end":{"line":null,"column":-1}},"loc":{"start":{"line":54,"column":0},"end":{"line":56,"column":0}}},"2":{"name":"_default","decl":{"start":{"line":64,"column":0},"end":{"line":null,"column":-1}},"loc":{"start":{"line":64,"column":0},"end":{"line":null,"column":-1}}},"3":{"name":"get","decl":{"start":{"line":70,"column":0},"end":{"line":null,"column":-1}},"loc":{"start":{"line":70,"column":0},"end":{"line":72,"column":0}}},"4":{"name":"set","decl":{"start":{"line":74,"column":0},"end":{"line":null,"column":-1}},"loc":{"start":{"line":74,"column":0},"end":{"line":80,"column":0}}},"5":{"name":"created","decl":{"start":{"line":84,"column":0},"end":{"line":null,"column":-1}},"loc":{"start":{"line":84,"column":0},"end":{"line":86,"column":0}}},"6":{"name":"value","decl":{"start":{"line":89,"column":0},"end":{"line":null,"column":-1}},"loc":{"start":{"line":89,"column":0},"end":{"line":93,"column":0}}}},"branchMap":{"0":{"loc":{"start":{"line":55,"column":0},"end":{"line":null,"column":-1}},"type":"binary-expr","locations":[{"start":{"line":55,"column":0},"end":{"line":null,"column":-1}},{"start":{"line":55,"column":0},"end":{"line":null,"column":-1}}]},"1":{"loc":{"start":{"line":75,"column":0},"end":{"line":77,"column":0}},"type":"if","locations":[{"start":{"line":75,"column":0},"end":{"line":77,"column":0}},{"start":{"line":75,"column":0},"end":{"line":77,"column":0}}]},"2":{"loc":{"start":{"line":75,"column":0},"end":{"line":null,"column":-1}},"type":"binary-expr","locations":[{"start":{"line":75,"column":0},"end":{"line":null,"column":-1}},{"start":{"line":75,"column":0},"end":{"line":null,"column":-1}}]},"3":{"loc":{"start":{"line":90,"column":0},"end":{"line":92,"column":0}},"type":"if","locations":[{"start":{"line":90,"column":0},"end":{"line":92,"column":0}},{"start":{"line":90,"column":0},"end":{"line":92,"column":0}}]}},"s":{"0":2,"1":3,"2":7,"3":4,"4":8,"5":9,"6":3,"7":9,"8":7,"9":1,"10":1},"f":{"0":3,"1":7,"2":4,"3":8,"4":9,"5":7,"6":1},"b":{"0":[7,0],"1":[3,6],"2":[9,5],"3":[1,0]}}
,"D:\\Code\\we-vue\\packages\\circle\\index.vue": {"path":"D:\\Code\\we-vue\\packages\\circle\\index.vue","statementMap":{"0":{"start":{"line":26,"column":0},"end":{"line":null,"column":-1}},"1":{"start":{"line":63,"column":0},"end":{"line":null,"column":-1}},"2":{"start":{"line":70,"column":0},"end":{"line":null,"column":-1}},"3":{"start":{"line":77,"column":0},"end":{"line":null,"column":-1}},"4":{"start":{"line":81,"column":0},"end":{"line":null,"column":-1}},"5":{"start":{"line":85,"column":0},"end":{"line":null,"column":-1}},"6":{"start":{"line":91,"column":0},"end":{"line":null,"column":-1}},"7":{"start":{"line":95,"column":0},"end":{"line":null,"column":-1}},"8":{"start":{"line":108,"column":0},"end":{"line":null,"column":-1}},"9":{"start":{"line":112,"column":0},"end":{"line":null,"column":-1}}},"fnMap":{"0":{"name":"data","decl":{"start":{"line":62,"column":0},"end":{"line":null,"column":-1}},"loc":{"start":{"line":62,"column":0},"end":{"line":66,"column":0}}},"1":{"name":"style","decl":{"start":{"line":69,"column":0},"end":{"line":null,"column":-1}},"loc":{"start":{"line":69,"column":0},"end":{"line":74,"column":0}}},"2":{"name":"pathRadius","decl":{"start":{"line":76,"column":0},"end":{"line":null,"column":-1}},"loc":{"start":{"line":76,"column":0},"end":{"line":78,"column":0}}},"3":{"name":"radius","decl":{"start":{"line":80,"column":0},"end":{"line":null,"column":-1}},"loc":{"start":{"line":80,"column":0},"end":{"line":82,"column":0}}},"4":{"name":"pathString","decl":{"start":{"line":84,"column":0},"end":{"line":null,"column":-1}},"loc":{"start":{"line":84,"column":0},"end":{"line":88,"column":0}}},"5":{"name":"len","decl":{"start":{"line":90,"column":0},"end":{"line":null,"column":-1}},"loc":{"start":{"line":90,"column":0},"end":{"line":92,"column":0}}},"6":{"name":"pathStyle","decl":{"start":{"line":94,"column":0},"end":{"line":null,"column":-1}},"loc":{"start":{"line":94,"column":0},"end":{"line":103,"column":0}}},"7":{"name":"currentValue","decl":{"start":{"line":107,"column":0},"end":{"line":null,"column":-1}},"loc":{"start":{"line":107,"column":0},"end":{"line":109,"column":0}}},"8":{"name":"value","decl":{"start":{"line":111,"column":0},"end":{"line":null,"column":-1}},"loc":{"start":{"line":111,"column":0},"end":{"line":113,"column":0}}}},"branchMap":{},"s":{"0":2,"1":3,"2":3,"3":3,"4":3,"5":3,"6":3,"7":5,"8":2,"9":1},"f":{"0":3,"1":3,"2":3,"3":3,"4":3,"5":3,"6":5,"7":2,"8":1},"b":{}}
,"D:\\Code\\we-vue\\packages\\datetime-picker\\index.vue": {"path":"D:\\Code\\we-vue\\packages\\datetime-picker\\index.vue","statementMap":{"0":{"start":{"line":16,"column":0},"end":{"line":null,"column":-1}},"1":{"start":{"line":17,"column":0},"end":{"line":null,"column":-1}},"2":{"start":{"line":19,"column":0},"end":{"line":null,"column":-1}},"3":{"start":{"line":20,"column":0},"end":{"line":null,"column":-1}},"4":{"start":{"line":47,"column":0},"end":{"line":null,"column":-1}},"5":{"start":{"line":52,"column":0},"end":{"line":null,"column":-1}},"6":{"start":{"line":91,"column":0},"end":{"line":null,"column":-1}},"7":{"start":{"line":99,"column":0},"end":{"line":104,"column":0}},"8":{"start":{"line":100,"column":0},"end":{"line":null,"column":-1}},"9":{"start":{"line":98,"column":0},"end":{"line":null,"column":-1}},"10":{"start":{"line":121,"column":0},"end":{"line":135,"column":0}},"11":{"start":{"line":122,"column":0},"end":{"line":null,"column":-1}},"12":{"start":{"line":130,"column":0},"end":{"line":null,"column":-1}},"13":{"start":{"line":139,"column":0},"end":{"line":null,"column":-1}},"14":{"start":{"line":140,"column":0},"end":{"line":148,"column":0}},"15":{"start":{"line":141,"column":0},"end":{"line":null,"column":-1}},"16":{"start":{"line":150,"column":0},"end":{"line":null,"column":-1}},"17":{"start":{"line":156,"column":0},"end":{"line":null,"column":-1}},"18":{"start":{"line":157,"column":0},"end":{"line":null,"column":-1}},"19":{"start":{"line":162,"column":0},"end":{"line":164,"column":0}},"20":{"start":{"line":163,"column":0},"end":{"line":null,"column":-1}},"21":{"start":{"line":168,"column":0},"end":{"line":null,"column":-1}},"22":{"start":{"line":169,"column":0},"end":{"line":null,"column":-1}},"23":{"start":{"line":174,"column":0},"end":{"line":181,"column":0}},"24":{"start":{"line":175,"column":0},"end":{"line":null,"column":-1}},"25":{"start":{"line":180,"column":0},"end":{"line":null,"column":-1}},"26":{"start":{"line":183,"column":0},"end":{"line":null,"column":-1}},"27":{"start":{"line":188,"column":0},"end":{"line":null,"column":-1}},"28":{"start":{"line":192,"column":0},"end":{"line":null,"column":-1}},"29":{"start":{"line":197,"column":0},"end":{"line":null,"column":-1}},"30":{"start":{"line":201,"column":0},"end":{"line":null,"column":-1}},"31":{"start":{"line":202,"column":0},"end":{"line":204,"column":0}},"32":{"start":{"line":203,"column":0},"end":{"line":null,"column":-1}},"33":{"start":{"line":205,"column":0},"end":{"line":null,"column":-1}},"34":{"start":{"line":210,"column":0},"end":{"line":null,"column":-1}},"35":{"start":{"line":211,"column":0},"end":{"line":216,"column":0}},"36":{"start":{"line":212,"column":0},"end":{"line":null,"column":-1}},"37":{"start":{"line":213,"column":0},"end":{"line":216,"column":0}},"38":{"start":{"line":213,"column":0},"end":{"line":null,"column":-1}},"39":{"start":{"line":215,"column":0},"end":{"line":null,"column":-1}},"40":{"start":{"line":219,"column":0},"end":{"line":225,"column":0}},"41":{"start":{"line":219,"column":0},"end":{"line":null,"column":-1}},"42":{"start":{"line":221,"column":0},"end":{"line":null,"column":-1}},"43":{"start":{"line":222,"column":0},"end":{"line":null,"column":-1}},"44":{"start":{"line":224,"column":0},"end":{"line":null,"column":-1}},"45":{"start":{"line":208,"column":0},"end":{"line":null,"column":-1}},"46":{"start":{"line":242,"column":0},"end":{"line":null,"column":-1}},"47":{"start":{"line":249,"column":0},"end":{"line":null,"column":-1}},"48":{"start":{"line":256,"column":0},"end":{"line":null,"column":-1}},"49":{"start":{"line":257,"column":0},"end":{"line":null,"column":-1}},"50":{"start":{"line":259,"column":0},"end":{"line":null,"column":-1}},"51":{"start":{"line":263,"column":0},"end":{"line":null,"column":-1}},"52":{"start":{"line":266,"column":0},"end":{"line":282,"column":0}},"53":{"start":{"line":267,"column":0},"end":{"line":null,"column":-1}},"54":{"start":{"line":269,"column":0},"end":{"line":null,"column":-1}},"55":{"start":{"line":270,"column":0},"end":{"line":null,"column":-1}},"56":{"start":{"line":271,"column":0},"end":{"line":null,"column":-1}},"57":{"start":{"line":272,"column":0},"end":{"line":null,"column":-1}},"58":{"start":{"line":274,"column":0},"end":{"line":null,"column":-1}},"59":{"start":{"line":275,"column":0},"end":{"line":null,"column":-1}},"60":{"start":{"line":276,"column":0},"end":{"line":null,"column":-1}},"61":{"start":{"line":277,"column":0},"end":{"line":280,"column":0}},"62":{"start":{"line":278,"column":0},"end":{"line":null,"column":-1}},"63":{"start":{"line":279,"column":0},"end":{"line":null,"column":-1}},"64":{"start":{"line":281,"column":0},"end":{"line":null,"column":-1}},"65":{"start":{"line":284,"column":0},"end":{"line":null,"column":-1}},"66":{"start":{"line":285,"column":0},"end":{"line":null,"column":-1}},"67":{"start":{"line":286,"column":0},"end":{"line":null,"column":-1}},"68":{"start":{"line":287,"column":0},"end":{"line":null,"column":-1}},"69":{"start":{"line":291,"column":0},"end":{"line":null,"column":-1}},"70":{"start":{"line":292,"column":0},"end":{"line":300,"column":0}},"71":{"start":{"line":293,"column":0},"end":{"line":299,"column":0}},"72":{"start":{"line":294,"column":0},"end":{"line":null,"column":-1}},"73":{"start":{"line":298,"column":0},"end":{"line":null,"column":-1}},"74":{"start":{"line":301,"column":0},"end":{"line":null,"column":-1}},"75":{"start":{"line":305,"column":0},"end":{"line":null,"column":-1}},"76":{"start":{"line":306,"column":0},"end":{"line":null,"column":-1}},"77":{"start":{"line":307,"column":0},"end":{"line":null,"column":-1}},"78":{"start":{"line":308,"column":0},"end":{"line":null,"column":-1}},"79":{"start":{"line":309,"column":0},"end":{"line":null,"column":-1}},"80":{"start":{"line":310,"column":0},"end":{"line":null,"column":-1}},"81":{"start":{"line":312,"column":0},"end":{"line":317,"column":0}},"82":{"start":{"line":313,"column":0},"end":{"line":null,"column":-1}},"83":{"start":{"line":314,"column":0},"end":{"line":null,"column":-1}},"84":{"start":{"line":315,"column":0},"end":{"line":null,"column":-1}},"85":{"start":{"line":316,"column":0},"end":{"line":null,"column":-1}},"86":{"start":{"line":319,"column":0},"end":{"line":330,"column":0}},"87":{"start":{"line":320,"column":0},"end":{"line":null,"column":-1}},"88":{"start":{"line":321,"column":0},"end":{"line":329,"column":0}},"89":{"start":{"line":322,"column":0},"end":{"line":null,"column":-1}},"90":{"start":{"line":323,"column":0},"end":{"line":328,"column":0}},"91":{"start":{"line":324,"column":0},"end":{"line":null,"column":-1}},"92":{"start":{"line":325,"column":0},"end":{"line":327,"column":0}},"93":{"start":{"line":326,"column":0},"end":{"line":null,"column":-1}},"94":{"start":{"line":332,"column":0},"end":{"line":null,"column":-1}},"95":{"start":{"line":341,"column":0},"end":{"line":null,"column":-1}},"96":{"start":{"line":342,"column":0},"end":{"line":null,"column":-1}},"97":{"start":{"line":343,"column":0},"end":{"line":370,"column":0}},"98":{"start":{"line":344,"column":0},"end":{"line":null,"column":-1}},"99":{"start":{"line":345,"column":0},"end":{"line":null,"column":-1}},"100":{"start":{"line":350,"column":0},"end":{"line":null,"column":-1}},"101":{"start":{"line":358,"column":0},"end":{"line":369,"column":0}},"102":{"start":{"line":359,"column":0},"end":{"line":null,"column":-1}},"103":{"start":{"line":372,"column":0},"end":{"line":374,"column":0}},"104":{"start":{"line":373,"column":0},"end":{"line":null,"column":-1}},"105":{"start":{"line":378,"column":0},"end":{"line":null,"column":-1}},"106":{"start":{"line":382,"column":0},"end":{"line":null,"column":-1}},"107":{"start":{"line":383,"column":0},"end":{"line":null,"column":-1}},"108":{"start":{"line":387,"column":0},"end":{"line":null,"column":-1}},"109":{"start":{"line":388,"column":0},"end":{"line":null,"column":-1}}},"fnMap":{"0":{"name":"isValidDate","decl":{"start":{"line":20,"column":0},"end":{"line":null,"column":-1}},"loc":{"start":{"line":20,"column":0},"end":{"line":null,"column":-1}}},"1":{"name":"_default","decl":{"start":{"line":47,"column":0},"end":{"line":null,"column":-1}},"loc":{"start":{"line":47,"column":0},"end":{"line":null,"column":-1}}},"2":{"name":"_default","decl":{"start":{"line":52,"column":0},"end":{"line":null,"column":-1}},"loc":{"start":{"line":52,"column":0},"end":{"line":null,"column":-1}}},"3":{"name":"data","decl":{"start":{"line":90,"column":0},"end":{"line":null,"column":-1}},"loc":{"start":{"line":90,"column":0},"end":{"line":95,"column":0}}},"4":{"name":"ranges","decl":{"start":{"line":98,"column":0},"end":{"line":null,"column":-1}},"loc":{"start":{"line":98,"column":0},"end":{"line":136,"column":0}}},"5":{"name":"columns","decl":{"start":{"line":138,"column":0},"end":{"line":null,"column":-1}},"loc":{"start":{"line":138,"column":0},"end":{"line":151,"column":0}}},"6":{"name":"value","decl":{"start":{"line":155,"column":0},"end":{"line":null,"column":-1}},"loc":{"start":{"line":155,"column":0},"end":{"line":165,"column":0}}},"7":{"name":"currentValue","decl":{"start":{"line":167,"column":0},"end":{"line":null,"column":-1}},"loc":{"start":{"line":167,"column":0},"end":{"line":170,"column":0}}},"8":{"name":"mounted","decl":{"start":{"line":173,"column":0},"end":{"line":null,"column":-1}},"loc":{"start":{"line":173,"column":0},"end":{"line":184,"column":0}}},"9":{"name":"open","decl":{"start":{"line":187,"column":0},"end":{"line":null,"column":-1}},"loc":{"start":{"line":187,"column":0},"end":{"line":189,"column":0}}},"10":{"name":"close","decl":{"start":{"line":191,"column":0},"end":{"line":null,"column":-1}},"loc":{"start":{"line":191,"column":0},"end":{"line":193,"column":0}}},"11":{"name":"getMonthEndDay","decl":{"start":{"line":195,"column":0},"end":{"line":null,"column":-1}},"loc":{"start":{"line":195,"column":0},"end":{"line":198,"column":0}}},"12":{"name":"getTrueValue","decl":{"start":{"line":200,"column":0},"end":{"line":null,"column":-1}},"loc":{"start":{"line":200,"column":0},"end":{"line":206,"column":0}}},"13":{"name":"correctValue","decl":{"start":{"line":208,"column":0},"end":{"line":null,"column":-1}},"loc":{"start":{"line":208,"column":0},"end":{"line":260,"column":0}}},"14":{"name":"onChange","decl":{"start":{"line":262,"column":0},"end":{"line":null,"column":-1}},"loc":{"start":{"line":262,"column":0},"end":{"line":288,"column":0}}},"15":{"name":"fillColumnValues","decl":{"start":{"line":290,"column":0},"end":{"line":null,"column":-1}},"loc":{"start":{"line":290,"column":0},"end":{"line":302,"column":0}}},"16":{"name":"getBoundary","decl":{"start":{"line":304,"column":0},"end":{"line":null,"column":-1}},"loc":{"start":{"line":304,"column":0},"end":{"line":339,"column":0}}},"17":{"name":"updateColumnValue","decl":{"start":{"line":341,"column":0},"end":{"line":null,"column":-1}},"loc":{"start":{"line":341,"column":0},"end":{"line":375,"column":0}}},"18":{"name":"(anonymous_19)","decl":{"start":{"line":372,"column":0},"end":{"line":null,"column":-1}},"loc":{"start":{"line":372,"column":0},"end":{"line":374,"column":0}}},"19":{"name":"setColumnByValues","decl":{"start":{"line":377,"column":0},"end":{"line":null,"column":-1}},"loc":{"start":{"line":377,"column":0},"end":{"line":379,"column":0}}},"20":{"name":"onConfirm","decl":{"start":{"line":381,"column":0},"end":{"line":null,"column":-1}},"loc":{"start":{"line":381,"column":0},"end":{"line":384,"column":0}}},"21":{"name":"onCancel","decl":{"start":{"line":386,"column":0},"end":{"line":null,"column":-1}},"loc":{"start":{"line":386,"column":0},"end":{"line":389,"column":0}}}},"branchMap":{"0":{"loc":{"start":{"line":20,"column":0},"end":{"line":null,"column":-1}},"type":"binary-expr","locations":[{"start":{"line":20,"column":0},"end":{"line":null,"column":-1}},{"start":{"line":20,"column":0},"end":{"line":null,"column":-1}}]},"1":{"loc":{"start":{"line":99,"column":0},"end":{"line":104,"column":0}},"type":"if","locations":[{"start":{"line":99,"column":0},"end":{"line":104,"column":0}},{"start":{"line":99,"column":0},"end":{"line":104,"column":0}}]},"2":{"loc":{"start":{"line":121,"column":0},"end":{"line":135,"column":0}},"type":"if","locations":[{"start":{"line":121,"column":0},"end":{"line":135,"column":0}},{"start":{"line":121,"column":0},"end":{"line":135,"column":0}}]},"3":{"loc":{"start":{"line":157,"column":0},"end":{"line":null,"column":-1}},"type":"cond-expr","locations":[{"start":{"line":157,"column":0},"end":{"line":null,"column":-1}},{"start":{"line":157,"column":0},"end":{"line":null,"column":-1}}]},"4":{"loc":{"start":{"line":162,"column":0},"end":{"line":164,"column":0}},"type":"if","locations":[{"start":{"line":162,"column":0},"end":{"line":164,"column":0}},{"start":{"line":162,"column":0},"end":{"line":164,"column":0}}]},"5":{"loc":{"start":{"line":174,"column":0},"end":{"line":181,"column":0}},"type":"if","locations":[{"start":{"line":174,"column":0},"end":{"line":181,"column":0}},{"start":{"line":174,"column":0},"end":{"line":181,"column":0}}]},"6":{"loc":{"start":{"line":175,"column":0},"end":{"line":null,"column":-1}},"type":"cond-expr","locations":[{"start":{"line":175,"column":0},"end":{"line":null,"column":-1}},{"start":{"line":175,"column":0},"end":{"line":null,"column":-1}}]},"7":{"loc":{"start":{"line":201,"column":0},"end":{"line":null,"column":-1}},"type":"if","locations":[{"start":{"line":201,"column":0},"end":{"line":null,"column":-1}},{"start":{"line":201,"column":0},"end":{"line":null,"column":-1}}]},"8":{"loc":{"start":{"line":211,"column":0},"end":{"line":216,"column":0}},"type":"if","locations":[{"start":{"line":211,"column":0},"end":{"line":216,"column":0}},{"start":{"line":211,"column":0},"end":{"line":216,"column":0}}]},"9":{"loc":{"start":{"line":211,"column":0},"end":{"line":null,"column":-1}},"type":"binary-expr","locations":[{"start":{"line":211,"column":0},"end":{"line":null,"column":-1}},{"start":{"line":211,"column":0},"end":{"line":null,"column":-1}}]},"10":{"loc":{"start":{"line":213,"column":0},"end":{"line":216,"column":0}},"type":"if","locations":[{"start":{"line":213,"column":0},"end":{"line":216,"column":0}},{"start":{"line":213,"column":0},"end":{"line":216,"column":0}}]},"11":{"loc":{"start":{"line":215,"column":0},"end":{"line":null,"column":-1}},"type":"cond-expr","locations":[{"start":{"line":215,"column":0},"end":{"line":null,"column":-1}},{"start":{"line":215,"column":0},"end":{"line":null,"column":-1}}]},"12":{"loc":{"start":{"line":219,"column":0},"end":{"line":225,"column":0}},"type":"if","locations":[{"start":{"line":219,"column":0},"end":{"line":225,"column":0}},{"start":{"line":219,"column":0},"end":{"line":225,"column":0}}]},"13":{"loc":{"start":{"line":266,"column":0},"end":{"line":282,"column":0}},"type":"if","locations":[{"start":{"line":266,"column":0},"end":{"line":282,"column":0}},{"start":{"line":266,"column":0},"end":{"line":282,"column":0}}]},"14":{"loc":{"start":{"line":274,"column":0},"end":{"line":null,"column":-1}},"type":"cond-expr","locations":[{"start":{"line":274,"column":0},"end":{"line":null,"column":-1}},{"start":{"line":274,"column":0},"end":{"line":null,"column":-1}}]},"15":{"loc":{"start":{"line":277,"column":0},"end":{"line":280,"column":0}},"type":"if","locations":[{"start":{"line":277,"column":0},"end":{"line":280,"column":0}},{"start":{"line":277,"column":0},"end":{"line":280,"column":0}}]},"16":{"loc":{"start":{"line":293,"column":0},"end":{"line":299,"column":0}},"type":"if","locations":[{"start":{"line":293,"column":0},"end":{"line":299,"column":0}},{"start":{"line":293,"column":0},"end":{"line":299,"column":0}}]},"17":{"loc":{"start":{"line":312,"column":0},"end":{"line":317,"column":0}},"type":"if","locations":[{"start":{"line":312,"column":0},"end":{"line":317,"column":0}},{"start":{"line":312,"column":0},"end":{"line":317,"column":0}}]},"18":{"loc":{"start":{"line":319,"column":0},"end":{"line":330,"column":0}},"type":"if","locations":[{"start":{"line":319,"column":0},"end":{"line":330,"column":0}},{"start":{"line":319,"column":0},"end":{"line":330,"column":0}}]},"19":{"loc":{"start":{"line":321,"column":0},"end":{"line":329,"column":0}},"type":"if","locations":[{"start":{"line":321,"column":0},"end":{"line":329,"column":0}},{"start":{"line":321,"column":0},"end":{"line":329,"column":0}}]},"20":{"loc":{"start":{"line":323,"column":0},"end":{"line":328,"column":0}},"type":"if","locations":[{"start":{"line":323,"column":0},"end":{"line":328,"column":0}},{"start":{"line":323,"column":0},"end":{"line":328,"column":0}}]},"21":{"loc":{"start":{"line":325,"column":0},"end":{"line":327,"column":0}},"type":"if","locations":[{"start":{"line":325,"column":0},"end":{"line":327,"column":0}},{"start":{"line":325,"column":0},"end":{"line":327,"column":0}}]},"22":{"loc":{"start":{"line":343,"column":0},"end":{"line":370,"column":0}},"type":"if","locations":[{"start":{"line":343,"column":0},"end":{"line":370,"column":0}},{"start":{"line":343,"column":0},"end":{"line":370,"column":0}}]},"23":{"loc":{"start":{"line":358,"column":0},"end":{"line":369,"column":0}},"type":"if","locations":[{"start":{"line":358,"column":0},"end":{"line":369,"column":0}},{"start":{"line":358,"column":0},"end":{"line":369,"column":0}}]}},"s":{"0":2,"1":2,"2":2,"3":37,"4":12,"5":12,"6":12,"7":22,"8":2,"9":240,"10":20,"11":14,"12":6,"13":22,"14":22,"15":92,"16":22,"17":1,"18":1,"19":1,"20":1,"21":12,"22":12,"23":12,"24":7,"25":5,"26":12,"27":1,"28":1,"29":36,"30":7,"31":5,"32":1,"33":5,"34":13,"35":13,"36":6,"37":7,"38":1,"39":1,"40":13,"41":6,"42":2,"43":2,"44":2,"45":132,"46":11,"47":11,"48":11,"49":11,"50":11,"51":0,"52":0,"53":0,"54":0,"55":0,"56":0,"57":0,"58":0,"59":0,"60":0,"61":0,"62":0,"63":0,"64":0,"65":0,"66":0,"67":0,"68":0,"69":92,"70":92,"71":2624,"72":680,"73":1944,"74":92,"75":62,"76":62,"77":62,"78":62,"79":62,"80":62,"81":62,"82":31,"83":31,"84":31,"85":31,"86":62,"87":19,"88":19,"89":19,"90":19,"91":19,"92":19,"93":19,"94":62,"95":24,"96":24,"97":24,"98":3,"99":3,"100":21,"101":21,"102":14,"103":24,"104":24,"105":24,"106":0,"107":0,"108":0,"109":0},"f":{"0":35,"1":12,"2":12,"3":12,"4":22,"5":22,"6":1,"7":12,"8":12,"9":1,"10":1,"11":36,"12":6,"13":13,"14":0,"15":92,"16":62,"17":24,"18":24,"19":24,"20":0,"21":0},"b":{"0":[35,29],"1":[2,20],"2":[14,6],"3":[0,1],"4":[1,0],"5":[7,5],"6":[6,1],"7":[1,5],"8":[6,7],"9":[13,11],"10":[1,6],"11":[0,1],"12":[2,11],"13":[0,0],"14":[0,0],"15":[0,0],"16":[680,1944],"17":[31,31],"18":[19,43],"19":[19,0],"20":[19,0],"21":[19,0],"22":[3,21],"23":[14,7]}}
,"D:\\Code\\we-vue\\packages\\dialog\\dialog.vue": {"path":"D:\\Code\\we-vue\\packages\\dialog\\dialog.vue","statementMap":{"0":{"start":{"line":36,"column":0},"end":{"line":null,"column":-1}},"1":{"start":{"line":37,"column":0},"end":{"line":null,"column":-1}},"2":{"start":{"line":39,"column":0},"end":{"line":null,"column":-1}},"3":{"start":{"line":40,"column":0},"end":{"line":null,"column":-1}},"4":{"start":{"line":75,"column":0},"end":{"line":null,"column":-1}},"5":{"start":{"line":76,"column":0},"end":{"line":84,"column":0}},"6":{"start":{"line":77,"column":0},"end":{"line":81,"column":0}},"7":{"start":{"line":78,"column":0},"end":{"line":80,"column":0}},"8":{"start":{"line":79,"column":0},"end":{"line":null,"column":-1}},"9":{"start":{"line":83,"column":0},"end":{"line":null,"column":-1}},"10":{"start":{"line":88,"column":0},"end":{"line":null,"column":-1}},"11":{"start":{"line":89,"column":0},"end":{"line":null,"column":-1}},"12":{"start":{"line":90,"column":0},"end":{"line":null,"column":-1}}},"fnMap":{"0":{"name":"handleAction","decl":{"start":{"line":75,"column":0},"end":{"line":null,"column":-1}},"loc":{"start":{"line":75,"column":0},"end":{"line":85,"column":0}}},"1":{"name":"(anonymous_2)","decl":{"start":{"line":77,"column":0},"end":{"line":null,"column":-1}},"loc":{"start":{"line":77,"column":0},"end":{"line":81,"column":0}}},"2":{"name":"onClose","decl":{"start":{"line":87,"column":0},"end":{"line":null,"column":-1}},"loc":{"start":{"line":87,"column":0},"end":{"line":91,"column":0}}}},"branchMap":{"0":{"loc":{"start":{"line":76,"column":0},"end":{"line":84,"column":0}},"type":"if","locations":[{"start":{"line":76,"column":0},"end":{"line":84,"column":0}},{"start":{"line":76,"column":0},"end":{"line":84,"column":0}}]},"1":{"loc":{"start":{"line":78,"column":0},"end":{"line":80,"column":0}},"type":"if","locations":[{"start":{"line":78,"column":0},"end":{"line":80,"column":0}},{"start":{"line":78,"column":0},"end":{"line":80,"column":0}}]},"2":{"loc":{"start":{"line":90,"column":0},"end":{"line":null,"column":-1}},"type":"binary-expr","locations":[{"start":{"line":90,"column":0},"end":{"line":null,"column":-1}},{"start":{"line":90,"column":0},"end":{"line":null,"column":-1}}]}},"s":{"0":2,"1":2,"2":2,"3":2,"4":6,"5":6,"6":0,"7":0,"8":0,"9":6,"10":6,"11":6,"12":6},"f":{"0":6,"1":0,"2":6},"b":{"0":[0,6],"1":[0,0],"2":[6,6]}}
,"D:\\Code\\we-vue\\packages\\dialog\\index.js": {"path":"D:\\Code\\we-vue\\packages\\dialog\\index.js","statementMap":{"0":{"start":{"line":6,"column":23},"end":{"line":16,"column":1}},"1":{"start":{"line":7,"column":2},"end":{"line":9,"column":4}},"2":{"start":{"line":11,"column":2},"end":{"line":13,"column":4}},"3":{"start":{"line":12,"column":4},"end":{"line":12,"column":30}},"4":{"start":{"line":15,"column":2},"end":{"line":15,"column":41}},"5":{"start":{"line":18,"column":15},"end":{"line":30,"column":1}},"6":{"start":{"line":19,"column":2},"end":{"line":29,"column":4}},"7":{"start":{"line":20,"column":4},"end":{"line":22,"column":5}},"8":{"start":{"line":21,"column":6},"end":{"line":21,"column":22}},"9":{"start":{"line":24,"column":4},"end":{"line":28,"column":6}},"10":{"start":{"line":32,"column":0},"end":{"line":47,"column":1}},"11":{"start":{"line":45,"column":4},"end":{"line":45,"column":65}},"12":{"start":{"line":49,"column":0},"end":{"line":53,"column":4}},"13":{"start":{"line":50,"column":2},"end":{"line":53,"column":4}},"14":{"start":{"line":55,"column":0},"end":{"line":60,"column":4}},"15":{"start":{"line":56,"column":2},"end":{"line":60,"column":4}},"16":{"start":{"line":62,"column":0},"end":{"line":66,"column":1}},"17":{"start":{"line":63,"column":2},"end":{"line":65,"column":3}},"18":{"start":{"line":64,"column":4},"end":{"line":64,"column":28}},"19":{"start":{"line":68,"column":0},"end":{"line":70,"column":1}},"20":{"start":{"line":69,"column":2},"end":{"line":69,"column":47}},"21":{"start":{"line":72,"column":0},"end":{"line":74,"column":1}},"22":{"start":{"line":73,"column":2},"end":{"line":73,"column":54}},"23":{"start":{"line":76,"column":0},"end":{"line":78,"column":1}},"24":{"start":{"line":77,"column":2},"end":{"line":77,"column":26}},"25":{"start":{"line":80,"column":0},"end":{"line":80,"column":30}},"26":{"start":{"line":81,"column":0},"end":{"line":81,"column":28}}},"fnMap":{"0":{"name":"(anonymous_0)","decl":{"start":{"line":6,"column":23},"end":{"line":6,"column":24}},"loc":{"start":{"line":6,"column":29},"end":{"line":16,"column":1}},"line":6},"1":{"name":"(anonymous_1)","decl":{"start":{"line":11,"column":33},"end":{"line":11,"column":34}},"loc":{"start":{"line":11,"column":44},"end":{"line":13,"column":3}},"line":11},"2":{"name":"(anonymous_2)","decl":{"start":{"line":18,"column":15},"end":{"line":18,"column":16}},"loc":{"start":{"line":18,"column":26},"end":{"line":30,"column":1}},"line":18},"3":{"name":"(anonymous_3)","decl":{"start":{"line":19,"column":21},"end":{"line":19,"column":22}},"loc":{"start":{"line":19,"column":42},"end":{"line":29,"column":3}},"line":19},"4":{"name":"(anonymous_4)","decl":{"start":{"line":44,"column":12},"end":{"line":44,"column":13}},"loc":{"start":{"line":44,"column":22},"end":{"line":46,"column":3}},"line":44},"5":{"name":"(anonymous_5)","decl":{"start":{"line":49,"column":15},"end":{"line":49,"column":16}},"loc":{"start":{"line":50,"column":2},"end":{"line":53,"column":4}},"line":50},"6":{"name":"(anonymous_6)","decl":{"start":{"line":55,"column":17},"end":{"line":55,"column":18}},"loc":{"start":{"line":56,"column":2},"end":{"line":60,"column":4}},"line":56},"7":{"name":"(anonymous_7)","decl":{"start":{"line":62,"column":15},"end":{"line":62,"column":16}},"loc":{"start":{"line":62,"column":21},"end":{"line":66,"column":1}},"line":62},"8":{"name":"(anonymous_8)","decl":{"start":{"line":68,"column":27},"end":{"line":68,"column":28}},"loc":{"start":{"line":68,"column":38},"end":{"line":70,"column":1}},"line":68},"9":{"name":"(anonymous_9)","decl":{"start":{"line":72,"column":29},"end":{"line":72,"column":30}},"loc":{"start":{"line":72,"column":35},"end":{"line":74,"column":1}},"line":72},"10":{"name":"(anonymous_10)","decl":{"start":{"line":76,"column":17},"end":{"line":76,"column":18}},"loc":{"start":{"line":76,"column":23},"end":{"line":78,"column":1}},"line":76}},"branchMap":{"0":{"loc":{"start":{"line":20,"column":4},"end":{"line":22,"column":5}},"type":"if","locations":[{"start":{"line":20,"column":4},"end":{"line":22,"column":5}},{"start":{"line":20,"column":4},"end":{"line":22,"column":5}}],"line":20},"1":{"loc":{"start":{"line":45,"column":13},"end":{"line":45,"column":56}},"type":"cond-expr","locations":[{"start":{"line":45,"column":36},"end":{"line":45,"column":45}},{"start":{"line":45,"column":48},"end":{"line":45,"column":56}}],"line":45},"2":{"loc":{"start":{"line":63,"column":2},"end":{"line":65,"column":3}},"type":"if","locations":[{"start":{"line":63,"column":2},"end":{"line":65,"column":3}},{"start":{"line":63,"column":2},"end":{"line":65,"column":3}}],"line":63}},"s":{"0":2,"1":1,"2":1,"3":4,"4":1,"5":2,"6":5,"7":5,"8":1,"9":5,"10":2,"11":3,"12":2,"13":1,"14":2,"15":3,"16":2,"17":8,"18":7,"19":2,"20":2,"21":2,"22":3,"23":2,"24":1,"25":2,"26":2},"f":{"0":1,"1":4,"2":5,"3":5,"4":3,"5":1,"6":3,"7":8,"8":2,"9":3,"10":1},"b":{"0":[1,4],"1":[2,1],"2":[7,1]},"_coverageSchema":"332fd63041d2c1bcb487cc26dd0d5f7d97098a6c","hash":"21bb8a7a2743d4a23e5ce5c7718e008d08f2ef2d"}
,"D:\\Code\\we-vue\\packages\\flex\\index.vue": {"path":"D:\\Code\\we-vue\\packages\\flex\\index.vue","statementMap":{"0":{"start":{"line":8,"column":0},"end":{"line":null,"column":-1}},"1":{"start":{"line":18,"column":0},"end":{"line":null,"column":-1}},"2":{"start":{"line":25,"column":0},"end":{"line":null,"column":-1}},"3":{"start":{"line":27,"column":0},"end":{"line":null,"column":-1}}},"fnMap":{"0":{"name":"validator","decl":{"start":{"line":17,"column":0},"end":{"line":null,"column":-1}},"loc":{"start":{"line":17,"column":0},"end":{"line":19,"column":0}}},"1":{"name":"style","decl":{"start":{"line":24,"column":0},"end":{"line":null,"column":-1}},"loc":{"start":{"line":24,"column":0},"end":{"line":28,"column":0}}}},"branchMap":{"0":{"loc":{"start":{"line":27,"column":0},"end":{"line":null,"column":-1}},"type":"cond-expr","locations":[{"start":{"line":27,"column":0},"end":{"line":null,"column":-1}},{"start":{"line":27,"column":0},"end":{"line":null,"column":-1}}]}},"s":{"0":3,"1":5,"2":6,"3":6},"f":{"0":5,"1":6},"b":{"0":[2,4]}}
,"D:\\Code\\we-vue\\packages\\flex-item\\index.vue": {"path":"D:\\Code\\we-vue\\packages\\flex-item\\index.vue","statementMap":{"0":{"start":{"line":8,"column":0},"end":{"line":null,"column":-1}},"1":{"start":{"line":26,"column":0},"end":{"line":null,"column":-1}},"2":{"start":{"line":30,"column":0},"end":{"line":null,"column":-1}},"3":{"start":{"line":32,"column":0},"end":{"line":33,"column":0}},"4":{"start":{"line":39,"column":0},"end":{"line":null,"column":-1}}},"fnMap":{"0":{"name":"gutter","decl":{"start":{"line":25,"column":0},"end":{"line":null,"column":-1}},"loc":{"start":{"line":25,"column":0},"end":{"line":27,"column":0}}},"1":{"name":"style","decl":{"start":{"line":29,"column":0},"end":{"line":null,"column":-1}},"loc":{"start":{"line":29,"column":0},"end":{"line":40,"column":0}}}},"branchMap":{"0":{"loc":{"start":{"line":26,"column":0},"end":{"line":null,"column":-1}},"type":"binary-expr","locations":[{"start":{"line":26,"column":0},"end":{"line":null,"column":-1}},{"start":{"line":26,"column":0},"end":{"line":null,"column":-1}},{"start":{"line":26,"column":0},"end":{"line":null,"column":-1}}]},"1":{"loc":{"start":{"line":32,"column":0},"end":{"line":33,"column":0}},"type":"cond-expr","locations":[{"start":{"line":32,"column":0},"end":{"line":33,"column":0}},{"start":{"line":33,"column":0},"end":{"line":null,"column":-1}}]}},"s":{"0":2,"1":3,"2":3,"3":3,"4":3},"f":{"0":3,"1":3},"b":{"0":[3,3,2],"1":[1,2]}}
,"D:\\Code\\we-vue\\packages\\footer\\footer-link.vue": {"path":"D:\\Code\\we-vue\\packages\\footer\\footer-link.vue","statementMap":{"0":{"start":{"line":6,"column":0},"end":{"line":null,"column":-1}},"1":{"start":{"line":7,"column":0},"end":{"line":null,"column":-1}},"2":{"start":{"line":20,"column":0},"end":{"line":null,"column":-1}},"3":{"start":{"line":21,"column":0},"end":{"line":null,"column":-1}}},"fnMap":{"0":{"name":"onClick","decl":{"start":{"line":19,"column":0},"end":{"line":null,"column":-1}},"loc":{"start":{"line":19,"column":0},"end":{"line":22,"column":0}}}},"branchMap":{},"s":{"0":3,"1":3,"2":1,"3":1},"f":{"0":1},"b":{}}
,"D:\\Code\\we-vue\\packages\\footer\\index.vue": {"path":"D:\\Code\\we-vue\\packages\\footer\\index.vue","statementMap":{"0":{"start":{"line":15,"column":0},"end":{"line":null,"column":-1}},"1":{"start":{"line":16,"column":0},"end":{"line":null,"column":-1}},"2":{"start":{"line":29,"column":0},"end":{"line":null,"column":-1}}},"fnMap":{"0":{"name":"_default","decl":{"start":{"line":29,"column":0},"end":{"line":null,"column":-1}},"loc":{"start":{"line":29,"column":0},"end":{"line":null,"column":-1}}}},"branchMap":{},"s":{"0":2,"1":2,"2":2},"f":{"0":2},"b":{}}
,"D:\\Code\\we-vue\\packages\\form-preview\\index.vue": {"path":"D:\\Code\\we-vue\\packages\\form-preview\\index.vue","statementMap":{"0":{"start":{"line":27,"column":0},"end":{"line":null,"column":-1}},"1":{"start":{"line":37,"column":0},"end":{"line":null,"column":-1}},"2":{"start":{"line":41,"column":0},"end":{"line":null,"column":-1}}},"fnMap":{"0":{"name":"_default","decl":{"start":{"line":37,"column":0},"end":{"line":null,"column":-1}},"loc":{"start":{"line":37,"column":0},"end":{"line":null,"column":-1}}},"1":{"name":"_default","decl":{"start":{"line":41,"column":0},"end":{"line":null,"column":-1}},"loc":{"start":{"line":41,"column":0},"end":{"line":null,"column":-1}}}},"branchMap":{},"s":{"0":2,"1":2,"2":2},"f":{"0":2,"1":2},"b":{}}
,"D:\\Code\\we-vue\\packages\\grid\\index.vue": {"path":"D:\\Code\\we-vue\\packages\\grid\\index.vue","statementMap":{"0":{"start":{"line":8,"column":0},"end":{"line":null,"column":-1}}},"fnMap":{},"branchMap":{},"s":{"0":2},"f":{},"b":{}}
,"D:\\Code\\we-vue\\packages\\grid-item\\index.vue": {"path":"D:\\Code\\we-vue\\packages\\grid-item\\index.vue","statementMap":{"0":{"start":{"line":14,"column":0},"end":{"line":null,"column":-1}},"1":{"start":{"line":15,"column":0},"end":{"line":null,"column":-1}},"2":{"start":{"line":24,"column":0},"end":{"line":null,"column":-1}},"3":{"start":{"line":25,"column":0},"end":{"line":null,"column":-1}}},"fnMap":{"0":{"name":"onClick","decl":{"start":{"line":23,"column":0},"end":{"line":null,"column":-1}},"loc":{"start":{"line":23,"column":0},"end":{"line":26,"column":0}}}},"branchMap":{},"s":{"0":2,"1":2,"2":1,"3":1},"f":{"0":1},"b":{}}
,"D:\\Code\\we-vue\\packages\\group\\index.vue": {"path":"D:\\Code\\we-vue\\packages\\group\\index.vue","statementMap":{"0":{"start":{"line":16,"column":0},"end":{"line":null,"column":-1}}},"fnMap":{},"branchMap":{},"s":{"0":2},"f":{},"b":{}}
,"D:\\Code\\we-vue\\packages\\header\\index.vue": {"path":"D:\\Code\\we-vue\\packages\\header\\index.vue","statementMap":{"0":{"start":{"line":18,"column":0},"end":{"line":null,"column":-1}}},"fnMap":{},"branchMap":{},"s":{"0":1},"f":{},"b":{}}
,"D:\\Code\\we-vue\\packages\\icon\\index.vue": {"path":"D:\\Code\\we-vue\\packages\\icon\\index.vue","statementMap":{"0":{"start":{"line":6,"column":0},"end":{"line":null,"column":-1}},"1":{"start":{"line":21,"column":0},"end":{"line":null,"column":-1}},"2":{"start":{"line":23,"column":0},"end":{"line":null,"column":-1}}},"fnMap":{"0":{"name":"classObject","decl":{"start":{"line":20,"column":0},"end":{"line":null,"column":-1}},"loc":{"start":{"line":20,"column":0},"end":{"line":27,"column":0}}}},"branchMap":{},"s":{"0":4,"1":5,"2":5},"f":{"0":5},"b":{}}
,"D:\\Code\\we-vue\\packages\\infinite-scroll\\directive.js": {"path":"D:\\Code\\we-vue\\packages\\infinite-scroll\\directive.js","statementMap":{"0":{"start":{"line":4,"column":16},"end":{"line":4,"column":34}},"1":{"start":{"line":5,"column":17},"end":{"line":5,"column":20}},"2":{"start":{"line":9,"column":2},"end":{"line":11,"column":3}},"3":{"start":{"line":12,"column":2},"end":{"line":12,"column":32}},"4":{"start":{"line":14,"column":2},"end":{"line":14,"column":78}},"5":{"start":{"line":15,"column":2},"end":{"line":15,"column":62}},"6":{"start":{"line":17,"column":23},"end":{"line":17,"column":71}},"7":{"start":{"line":18,"column":17},"end":{"line":18,"column":22}},"8":{"start":{"line":19,"column":2},"end":{"line":25,"column":3}},"9":{"start":{"line":20,"column":4},"end":{"line":23,"column":6}},"10":{"start":{"line":21,"column":6},"end":{"line":21,"column":27}},"11":{"start":{"line":22,"column":6},"end":{"line":22,"column":32}},"12":{"start":{"line":24,"column":4},"end":{"line":24,"column":45}},"13":{"start":{"line":26,"column":2},"end":{"line":26,"column":26}},"14":{"start":{"line":28,"column":17},"end":{"line":28,"column":65}},"15":{"start":{"line":29,"column":2},"end":{"line":29,"column":46}},"16":{"start":{"line":31,"column":2},"end":{"line":31,"column":70}},"17":{"start":{"line":33,"column":29},"end":{"line":35,"column":3}},"18":{"start":{"line":37,"column":23},"end":{"line":39,"column":10}},"19":{"start":{"line":41,"column":2},"end":{"line":43,"column":3}},"20":{"start":{"line":42,"column":4},"end":{"line":42,"column":30}},"21":{"start":{"line":50,"column":28},"end":{"line":50,"column":50}},"22":{"start":{"line":51,"column":18},"end":{"line":51,"column":25}},"23":{"start":{"line":53,"column":2},"end":{"line":55,"column":3}},"24":{"start":{"line":54,"column":4},"end":{"line":54,"column":10}},"25":{"start":{"line":57,"column":26},"end":{"line":57,"column":63}},"26":{"start":{"line":59,"column":4},"end":{"line":59,"column":63}},"27":{"start":{"line":60,"column":30},"end":{"line":60,"column":71}},"28":{"start":{"line":63,"column":2},"end":{"line":65,"column":3}},"29":{"start":{"line":64,"column":4},"end":{"line":64,"column":10}},"30":{"start":{"line":67,"column":21},"end":{"line":67,"column":26}},"31":{"start":{"line":68,"column":2},"end":{"line":77,"column":3}},"32":{"start":{"line":69,"column":4},"end":{"line":69,"column":80}},"33":{"start":{"line":72,"column":6},"end":{"line":74,"column":37}},"34":{"start":{"line":76,"column":4},"end":{"line":76,"column":70}},"35":{"start":{"line":79,"column":2},"end":{"line":81,"column":3}},"36":{"start":{"line":80,"column":4},"end":{"line":80,"column":21}},"37":{"start":{"line":85,"column":18},"end":{"line":85,"column":29}},"38":{"start":{"line":87,"column":2},"end":{"line":91,"column":4}},"39":{"start":{"line":88,"column":4},"end":{"line":90,"column":5}},"40":{"start":{"line":89,"column":6},"end":{"line":89,"column":35}},"41":{"start":{"line":95,"column":18},"end":{"line":95,"column":29}},"42":{"start":{"line":97,"column":2},"end":{"line":104,"column":3}},"43":{"start":{"line":101,"column":4},"end":{"line":103,"column":6}},"44":{"start":{"line":102,"column":6},"end":{"line":102,"column":19}},"45":{"start":{"line":109,"column":4},"end":{"line":115,"column":5}},"46":{"start":{"line":110,"column":6},"end":{"line":114,"column":7}},"47":{"start":{"line":116,"column":4},"end":{"line":116,"column":42}},"48":{"start":{"line":118,"column":4},"end":{"line":118,"column":24}},"49":{"start":{"line":122,"column":20},"end":{"line":122,"column":31}},"50":{"start":{"line":123,"column":4},"end":{"line":123,"column":64}},"51":{"start":{"line":127,"column":20},"end":{"line":127,"column":31}},"52":{"start":{"line":128,"column":4},"end":{"line":130,"column":5}},"53":{"start":{"line":129,"column":6},"end":{"line":129,"column":75}}},"fnMap":{"0":{"name":"doBindEvent","decl":{"start":{"line":7,"column":9},"end":{"line":7,"column":20}},"loc":{"start":{"line":7,"column":24},"end":{"line":44,"column":1}},"line":7},"1":{"name":"(anonymous_1)","decl":{"start":{"line":20,"column":33},"end":{"line":20,"column":34}},"loc":{"start":{"line":20,"column":42},"end":{"line":23,"column":5}},"line":20},"2":{"name":"handleScrollEvent","decl":{"start":{"line":49,"column":9},"end":{"line":49,"column":26}},"loc":{"start":{"line":49,"column":30},"end":{"line":82,"column":1}},"line":49},"3":{"name":"startBind","decl":{"start":{"line":84,"column":9},"end":{"line":84,"column":18}},"loc":{"start":{"line":84,"column":24},"end":{"line":92,"column":1}},"line":84},"4":{"name":"(anonymous_4)","decl":{"start":{"line":87,"column":23},"end":{"line":87,"column":24}},"loc":{"start":{"line":87,"column":35},"end":{"line":91,"column":3}},"line":87},"5":{"name":"doCheckStartBind","decl":{"start":{"line":94,"column":9},"end":{"line":94,"column":25}},"loc":{"start":{"line":94,"column":31},"end":{"line":105,"column":1}},"line":94},"6":{"name":"(anonymous_6)","decl":{"start":{"line":101,"column":35},"end":{"line":101,"column":36}},"loc":{"start":{"line":101,"column":47},"end":{"line":103,"column":5}},"line":101}},"branchMap":{"0":{"loc":{"start":{"line":9,"column":2},"end":{"line":11,"column":3}},"type":"if","locations":[{"start":{"line":9,"column":2},"end":{"line":11,"column":3}}],"line":9},"1":{"loc":{"start":{"line":19,"column":2},"end":{"line":25,"column":3}},"type":"if","locations":[{"start":{"line":19,"column":2},"end":{"line":25,"column":3}},{"start":{"line":19,"column":2},"end":{"line":25,"column":3}}],"line":19},"2":{"loc":{"start":{"line":29,"column":18},"end":{"line":29,"column":46}},"type":"binary-expr","locations":[{"start":{"line":29,"column":18},"end":{"line":29,"column":34}},{"start":{"line":29,"column":38},"end":{"line":29,"column":46}}],"line":29},"3":{"loc":{"start":{"line":37,"column":23},"end":{"line":39,"column":10}},"type":"cond-expr","locations":[{"start":{"line":38,"column":6},"end":{"line":38,"column":42}},{"start":{"line":39,"column":6},"end":{"line":39,"column":10}}],"line":37},"4":{"loc":{"start":{"line":41,"column":2},"end":{"line":43,"column":3}},"type":"if","locations":[{"start":{"line":41,"column":2},"end":{"line":43,"column":3}},{"start":{"line":41,"column":2},"end":{"line":43,"column":3}}],"line":41},"5":{"loc":{"start":{"line":53,"column":2},"end":{"line":55,"column":3}},"type":"if","locations":[{"start":{"line":53,"column":2},"end":{"line":55,"column":3}},{"start":{"line":53,"column":2},"end":{"line":55,"column":3}}],"line":53},"6":{"loc":{"start":{"line":63,"column":2},"end":{"line":65,"column":3}},"type":"if","locations":[{"start":{"line":63,"column":2},"end":{"line":65,"column":3}},{"start":{"line":63,"column":2},"end":{"line":65,"column":3}}],"line":63},"7":{"loc":{"start":{"line":68,"column":2},"end":{"line":77,"column":3}},"type":"if","locations":[{"start":{"line":68,"column":2},"end":{"line":77,"column":3}},{"start":{"line":68,"column":2},"end":{"line":77,"column":3}}],"line":68},"8":{"loc":{"start":{"line":79,"column":2},"end":{"line":81,"column":3}},"type":"if","locations":[{"start":{"line":79,"column":2},"end":{"line":81,"column":3}},{"start":{"line":79,"column":2},"end":{"line":81,"column":3}}],"line":79},"9":{"loc":{"start":{"line":79,"column":6},"end":{"line":79,"column":37}},"type":"binary-expr","locations":[{"start":{"line":79,"column":6},"end":{"line":79,"column":18}},{"start":{"line":79,"column":22},"end":{"line":79,"column":37}}],"line":79},"10":{"loc":{"start":{"line":88,"column":4},"end":{"line":90,"column":5}},"type":"if","locations":[{"start":{"line":88,"column":4},"end":{"line":90,"column":5}},{"start":{"line":88,"column":4},"end":{"line":90,"column":5}}],"line":88},"11":{"loc":{"start":{"line":97,"column":2},"end":{"line":104,"column":3}},"type":"if","locations":[{"start":{"line":97,"column":2},"end":{"line":104,"column":3}},{"start":{"line":97,"column":2},"end":{"line":104,"column":3}}],"line":97},"12":{"loc":{"start":{"line":109,"column":4},"end":{"line":115,"column":5}},"type":"if","locations":[{"start":{"line":109,"column":4},"end":{"line":115,"column":5}},{"start":{"line":109,"column":4},"end":{"line":115,"column":5}}],"line":109},"13":{"loc":{"start":{"line":123,"column":4},"end":{"line":123,"column":64}},"type":"binary-expr","locations":[{"start":{"line":123,"column":4},"end":{"line":123,"column":31}},{"start":{"line":123,"column":35},"end":{"line":123,"column":64}}],"line":123},"14":{"loc":{"start":{"line":128,"column":4},"end":{"line":130,"column":5}},"type":"if","locations":[{"start":{"line":128,"column":4},"end":{"line":130,"column":5}},{"start":{"line":128,"column":4},"end":{"line":130,"column":5}}],"line":128}},"s":{"0":2,"1":2,"2":5,"3":5,"4":5,"5":5,"6":5,"7":5,"8":5,"9":5,"10":2,"11":2,"12":5,"13":5,"14":5,"15":5,"16":5,"17":5,"18":5,"19":5,"20":4,"21":6,"22":6,"23":6,"24":2,"25":4,"26":4,"27":4,"28":4,"29":0,"30":4,"31":4,"32":0,"33":4,"34":4,"35":4,"36":4,"37":5,"38":5,"39":5,"40":5,"41":5,"42":5,"43":5,"44":5,"45":5,"46":5,"47":5,"48":5,"49":3,"50":3,"51":5,"52":5,"53":5},"f":{"0":5,"1":2,"2":6,"3":5,"4":5,"5":5,"6":5},"b":{"0":[5],"1":[5,0],"2":[5,5],"3":[5,0],"4":[4,1],"5":[2,4],"6":[0,4],"7":[0,4],"8":[4,0],"9":[4,4],"10":[5,0],"11":[0,5],"12":[5,0],"13":[3,3],"14":[5,0]},"_coverageSchema":"332fd63041d2c1bcb487cc26dd0d5f7d97098a6c","hash":"fd46ef8dda365a5ac4f013251d60542273fa17de"}
,"D:\\Code\\we-vue\\packages\\infinite-scroll\\index.js": {"path":"D:\\Code\\we-vue\\packages\\infinite-scroll\\index.js","statementMap":{"0":{"start":{"line":4,"column":16},"end":{"line":6,"column":1}},"1":{"start":{"line":5,"column":2},"end":{"line":5,"column":49}},"2":{"start":{"line":14,"column":0},"end":{"line":14,"column":32}}},"fnMap":{"0":{"name":"(anonymous_0)","decl":{"start":{"line":4,"column":16},"end":{"line":4,"column":17}},"loc":{"start":{"line":4,"column":23},"end":{"line":6,"column":1}},"line":4}},"branchMap":{},"s":{"0":2,"1":0,"2":2},"f":{"0":0},"b":{},"_coverageSchema":"332fd63041d2c1bcb487cc26dd0d5f7d97098a6c","hash":"9b8c7381bcf7a398b919eb742cf2775b3a7072dd"}
,"D:\\Code\\we-vue\\packages\\input\\index.vue": {"path":"D:\\Code\\we-vue\\packages\\input\\index.vue","statementMap":{"0":{"start":{"line":37,"column":0},"end":{"line":null,"column":-1}},"1":{"start":{"line":38,"column":0},"end":{"line":null,"column":-1}},"2":{"start":{"line":77,"column":0},"end":{"line":null,"column":-1}},"3":{"start":{"line":88,"column":0},"end":{"line":null,"column":-1}},"4":{"start":{"line":98,"column":0},"end":{"line":103,"column":0}},"5":{"start":{"line":99,"column":0},"end":{"line":null,"column":-1}},"6":{"start":{"line":100,"column":0},"end":{"line":null,"column":-1}},"7":{"start":{"line":102,"column":0},"end":{"line":null,"column":-1}},"8":{"start":{"line":105,"column":0},"end":{"line":110,"column":0}},"9":{"start":{"line":109,"column":0},"end":{"line":null,"column":-1}},"10":{"start":{"line":114,"column":0},"end":{"line":null,"column":-1}},"11":{"start":{"line":118,"column":0},"end":{"line":null,"column":-1}},"12":{"start":{"line":119,"column":0},"end":{"line":null,"column":-1}},"13":{"start":{"line":121,"column":0},"end":{"line":126,"column":0}},"14":{"start":{"line":125,"column":0},"end":{"line":null,"column":-1}},"15":{"start":{"line":130,"column":0},"end":{"line":null,"column":-1}},"16":{"start":{"line":131,"column":0},"end":{"line":null,"column":-1}},"17":{"start":{"line":133,"column":0},"end":{"line":138,"column":0}},"18":{"start":{"line":137,"column":0},"end":{"line":null,"column":-1}},"19":{"start":{"line":142,"column":0},"end":{"line":null,"column":-1}},"20":{"start":{"line":144,"column":0},"end":{"line":149,"column":0}},"21":{"start":{"line":148,"column":0},"end":{"line":null,"column":-1}},"22":{"start":{"line":153,"column":0},"end":{"line":159,"column":0}},"23":{"start":{"line":154,"column":0},"end":{"line":null,"column":-1}},"24":{"start":{"line":155,"column":0},"end":{"line":158,"column":0}},"25":{"start":{"line":156,"column":0},"end":{"line":null,"column":-1}},"26":{"start":{"line":157,"column":0},"end":{"line":null,"column":-1}},"27":{"start":{"line":161,"column":0},"end":{"line":164,"column":0}},"28":{"start":{"line":162,"column":0},"end":{"line":null,"column":-1}},"29":{"start":{"line":163,"column":0},"end":{"line":null,"column":-1}},"30":{"start":{"line":166,"column":0},"end":{"line":169,"column":0}},"31":{"start":{"line":167,"column":0},"end":{"line":null,"column":-1}},"32":{"start":{"line":168,"column":0},"end":{"line":null,"column":-1}},"33":{"start":{"line":171,"column":0},"end":{"line":null,"column":-1}},"34":{"start":{"line":177,"column":0},"end":{"line":null,"column":-1}},"35":{"start":{"line":181,"column":0},"end":{"line":null,"column":-1}}},"fnMap":{"0":{"name":"_default","decl":{"start":{"line":76,"column":0},"end":{"line":null,"column":-1}},"loc":{"start":{"line":76,"column":0},"end":{"line":83,"column":0}}},"1":{"name":"data","decl":{"start":{"line":87,"column":0},"end":{"line":null,"column":-1}},"loc":{"start":{"line":87,"column":0},"end":{"line":93,"column":0}}},"2":{"name":"handleInput","decl":{"start":{"line":96,"column":0},"end":{"line":null,"column":-1}},"loc":{"start":{"line":96,"column":0},"end":{"line":111,"column":0}}},"3":{"name":"focus","decl":{"start":{"line":113,"column":0},"end":{"line":null,"column":-1}},"loc":{"start":{"line":113,"column":0},"end":{"line":115,"column":0}}},"4":{"name":"onFocus","decl":{"start":{"line":117,"column":0},"end":{"line":null,"column":-1}},"loc":{"start":{"line":117,"column":0},"end":{"line":127,"column":0}}},"5":{"name":"onBlur","decl":{"start":{"line":129,"column":0},"end":{"line":null,"column":-1}},"loc":{"start":{"line":129,"column":0},"end":{"line":139,"column":0}}},"6":{"name":"onChange","decl":{"start":{"line":141,"column":0},"end":{"line":null,"column":-1}},"loc":{"start":{"line":141,"column":0},"end":{"line":150,"column":0}}},"7":{"name":"validate","decl":{"start":{"line":152,"column":0},"end":{"line":null,"column":-1}},"loc":{"start":{"line":152,"column":0},"end":{"line":172,"column":0}}},"8":{"name":"currentValue","decl":{"start":{"line":176,"column":0},"end":{"line":null,"column":-1}},"loc":{"start":{"line":176,"column":0},"end":{"line":178,"column":0}}},"9":{"name":"value","decl":{"start":{"line":180,"column":0},"end":{"line":null,"column":-1}},"loc":{"start":{"line":180,"column":0},"end":{"line":182,"column":0}}}},"branchMap":{"0":{"loc":{"start":{"line":98,"column":0},"end":{"line":103,"column":0}},"type":"if","locations":[{"start":{"line":98,"column":0},"end":{"line":103,"column":0}},{"start":{"line":98,"column":0},"end":{"line":103,"column":0}}]},"1":{"loc":{"start":{"line":98,"column":0},"end":{"line":null,"column":-1}},"type":"binary-expr","locations":[{"start":{"line":98,"column":0},"end":{"line":null,"column":-1}},{"start":{"line":98,"column":0},"end":{"line":null,"column":-1}}]},"2":{"loc":{"start":{"line":105,"column":0},"end":{"line":110,"column":0}},"type":"if","locations":[{"start":{"line":105,"column":0},"end":{"line":110,"column":0}},{"start":{"line":105,"column":0},"end":{"line":110,"column":0}}]},"3":{"loc":{"start":{"line":105,"column":0},"end":{"line":null,"column":-1}},"type":"binary-expr","locations":[{"start":{"line":105,"column":0},"end":{"line":null,"column":-1}},{"start":{"line":105,"column":0},"end":{"line":null,"column":-1}}]},"4":{"loc":{"start":{"line":121,"column":0},"end":{"line":126,"column":0}},"type":"if","locations":[{"start":{"line":121,"column":0},"end":{"line":126,"column":0}},{"start":{"line":121,"column":0},"end":{"line":126,"column":0}}]},"5":{"loc":{"start":{"line":121,"column":0},"end":{"line":null,"column":-1}},"type":"binary-expr","locations":[{"start":{"line":121,"column":0},"end":{"line":null,"column":-1}},{"start":{"line":121,"column":0},"end":{"line":null,"column":-1}}]},"6":{"loc":{"start":{"line":133,"column":0},"end":{"line":138,"column":0}},"type":"if","locations":[{"start":{"line":133,"column":0},"end":{"line":138,"column":0}},{"start":{"line":133,"column":0},"end":{"line":138,"column":0}}]},"7":{"loc":{"start":{"line":133,"column":0},"end":{"line":null,"column":-1}},"type":"binary-expr","locations":[{"start":{"line":133,"column":0},"end":{"line":null,"column":-1}},{"start":{"line":133,"column":0},"end":{"line":null,"column":-1}}]},"8":{"loc":{"start":{"line":144,"column":0},"end":{"line":149,"column":0}},"type":"if","locations":[{"start":{"line":144,"column":0},"end":{"line":149,"column":0}},{"start":{"line":144,"column":0},"end":{"line":149,"column":0}}]},"9":{"loc":{"start":{"line":144,"column":0},"end":{"line":null,"column":-1}},"type":"binary-expr","locations":[{"start":{"line":144,"column":0},"end":{"line":null,"column":-1}},{"start":{"line":144,"column":0},"end":{"line":null,"column":-1}}]},"10":{"loc":{"start":{"line":153,"column":0},"end":{"line":159,"column":0}},"type":"if","locations":[{"start":{"line":153,"column":0},"end":{"line":159,"column":0}},{"start":{"line":153,"column":0},"end":{"line":159,"column":0}}]},"11":{"loc":{"start":{"line":155,"column":0},"end":{"line":158,"column":0}},"type":"if","locations":[{"start":{"line":155,"column":0},"end":{"line":158,"column":0}},{"start":{"line":155,"column":0},"end":{"line":158,"column":0}}]},"12":{"loc":{"start":{"line":161,"column":0},"end":{"line":164,"column":0}},"type":"if","locations":[{"start":{"line":161,"column":0},"end":{"line":164,"column":0}},{"start":{"line":161,"column":0},"end":{"line":164,"column":0}}]},"13":{"loc":{"start":{"line":161,"column":0},"end":{"line":null,"column":-1}},"type":"binary-expr","locations":[{"start":{"line":161,"column":0},"end":{"line":null,"column":-1}},{"start":{"line":161,"column":0},"end":{"line":null,"column":-1}}]},"14":{"loc":{"start":{"line":166,"column":0},"end":{"line":169,"column":0}},"type":"if","locations":[{"start":{"line":166,"column":0},"end":{"line":169,"column":0}},{"start":{"line":166,"column":0},"end":{"line":169,"column":0}}]},"15":{"loc":{"start":{"line":166,"column":0},"end":{"line":null,"column":-1}},"type":"binary-expr","locations":[{"start":{"line":166,"column":0},"end":{"line":null,"column":-1}},{"start":{"line":166,"column":0},"end":{"line":null,"column":-1}}]}},"s":{"0":2,"1":2,"2":11,"3":15,"4":3,"5":1,"6":1,"7":2,"8":3,"9":2,"10":1,"11":3,"12":3,"13":3,"14":2,"15":2,"16":2,"17":2,"18":1,"19":2,"20":2,"21":1,"22":7,"23":2,"24":2,"25":1,"26":1,"27":6,"28":1,"29":1,"30":5,"31":1,"32":1,"33":4,"34":8,"35":4},"f":{"0":11,"1":15,"2":3,"3":1,"4":3,"5":2,"6":2,"7":7,"8":8,"9":4},"b":{"0":[1,2],"1":[3,1],"2":[2,1],"3":[3,3],"4":[2,1],"5":[3,3],"6":[1,1],"7":[2,2],"8":[1,1],"9":[2,2],"10":[2,5],"11":[1,1],"12":[1,5],"13":[6,2],"14":[1,4],"15":[5,2]}}
,"D:\\Code\\we-vue\\packages\\loadmore\\index.vue": {"path":"D:\\Code\\we-vue\\packages\\loadmore\\index.vue","statementMap":{"0":{"start":{"line":12,"column":0},"end":{"line":null,"column":-1}},"1":{"start":{"line":14,"column":0},"end":{"line":null,"column":-1}}},"fnMap":{},"branchMap":{},"s":{"0":2,"1":2},"f":{},"b":{}}
,"D:\\Code\\we-vue\\packages\\media-box\\index.vue": {"path":"D:\\Code\\we-vue\\packages\\media-box\\index.vue","statementMap":{"0":{"start":{"line":30,"column":0},"end":{"line":null,"column":-1}},"1":{"start":{"line":31,"column":0},"end":{"line":null,"column":-1}},"2":{"start":{"line":50,"column":0},"end":{"line":null,"column":-1}},"3":{"start":{"line":51,"column":0},"end":{"line":null,"column":-1}}},"fnMap":{"0":{"name":"onClick","decl":{"start":{"line":49,"column":0},"end":{"line":null,"column":-1}},"loc":{"start":{"line":49,"column":0},"end":{"line":52,"column":0}}}},"branchMap":{},"s":{"0":2,"1":2,"2":1,"3":1},"f":{"0":1},"b":{}}
[...]
,"D:\\Code\\we-vue\\packages\\utils\\create.js": {"path":"D:\\Code\\we-vue\\packages\\utils\\create.js","statementMap":{"0":{"start":{"line":7,"column":2},"end":{"line":7,"column":29}},"1":{"start":{"line":8,"column":2},"end":{"line":8,"column":31}},"2":{"start":{"line":9,"column":2},"end":{"line":9,"column":39}},"3":{"start":{"line":10,"column":2},"end":{"line":10,"column":38}},"4":{"start":{"line":11,"column":2},"end":{"line":11,"column":33}},"5":{"start":{"line":13,"column":2},"end":{"line":13,"column":12}}},"fnMap":{"0":{"name":"(anonymous_0)","decl":{"start":{"line":6,"column":15},"end":{"line":6,"column":16}},"loc":{"start":{"line":6,"column":30},"end":{"line":14,"column":1}},"line":6}},"branchMap":{"0":{"loc":{"start":{"line":8,"column":15},"end":{"line":8,"column":31}},"type":"binary-expr","locations":[{"start":{"line":8,"column":15},"end":{"line":8,"column":25}},{"start":{"line":8,"column":29},"end":{"line":8,"column":31}}],"line":8},"1":{"loc":{"start":{"line":9,"column":19},"end":{"line":9,"column":39}},"type":"binary-expr","locations":[{"start":{"line":9,"column":19},"end":{"line":9,"column":33}},{"start":{"line":9,"column":37},"end":{"line":9,"column":39}}],"line":9},"2":{"loc":{"start":{"line":10,"column":16},"end":{"line":10,"column":38}},"type":"binary-expr","locations":[{"start":{"line":10,"column":16},"end":{"line":10,"column":27}},{"start":{"line":10,"column":31},"end":{"line":10,"column":38}}],"line":10},"3":{"loc":{"start":{"line":11,"column":16},"end":{"line":11,"column":33}},"type":"binary-expr","locations":[{"start":{"line":11,"column":16},"end":{"line":11,"column":27}},{"start":{"line":11,"column":31},"end":{"line":11,"column":33}}],"line":11}},"s":{"0":103,"1":103,"2":103,"3":103,"4":103,"5":103},"f":{"0":103},"b":{"0":[103,75],"1":[103,81],"2":[103,103],"3":[103,50]},"_coverageSchema":"332fd63041d2c1bcb487cc26dd0d5f7d97098a6c","hash":"0681a810442c8153eb2a37132f98a6471e0663df"}
,"D:\\Code\\we-vue\\packages\\utils\\deep-assign.js": {"path":"D:\\Code\\we-vue\\packages\\utils\\deep-assign.js","statementMap":{"0":{"start":{"line":3,"column":27},"end":{"line":3,"column":43}},"1":{"start":{"line":6,"column":14},"end":{"line":6,"column":23}},"2":{"start":{"line":8,"column":2},"end":{"line":10,"column":3}},"3":{"start":{"line":9,"column":4},"end":{"line":9,"column":10}},"4":{"start":{"line":12,"column":2},"end":{"line":16,"column":3}},"5":{"start":{"line":13,"column":4},"end":{"line":13,"column":17}},"6":{"start":{"line":15,"column":4},"end":{"line":15,"column":48}},"7":{"start":{"line":20,"column":2},"end":{"line":24,"column":3}},"8":{"start":{"line":21,"column":4},"end":{"line":23,"column":5}},"9":{"start":{"line":22,"column":6},"end":{"line":22,"column":30}},"10":{"start":{"line":25,"column":2},"end":{"line":25,"column":11}}},"fnMap":{"0":{"name":"assignKey","decl":{"start":{"line":5,"column":9},"end":{"line":5,"column":18}},"loc":{"start":{"line":5,"column":35},"end":{"line":17,"column":1}},"line":5},"1":{"name":"assign","decl":{"start":{"line":19,"column":24},"end":{"line":19,"column":30}},"loc":{"start":{"line":19,"column":42},"end":{"line":26,"column":1}},"line":19}},"branchMap":{"0":{"loc":{"start":{"line":8,"column":2},"end":{"line":10,"column":3}},"type":"if","locations":[{"start":{"line":8,"column":2},"end":{"line":10,"column":3}},{"start":{"line":8,"column":2},"end":{"line":10,"column":3}}],"line":8},"1":{"loc":{"start":{"line":8,"column":6},"end":{"line":8,"column":70}},"type":"binary-expr","locations":[{"start":{"line":8,"column":6},"end":{"line":8,"column":17}},{"start":{"line":8,"column":22},"end":{"line":8,"column":50}},{"start":{"line":8,"column":54},"end":{"line":8,"column":69}}],"line":8},"2":{"loc":{"start":{"line":12,"column":2},"end":{"line":16,"column":3}},"type":"if","locations":[{"start":{"line":12,"column":2},"end":{"line":16,"column":3}},{"start":{"line":12,"column":2},"end":{"line":16,"column":3}}],"line":12},"3":{"loc":{"start":{"line":12,"column":6},"end":{"line":12,"column":50}},"type":"binary-expr","locations":[{"start":{"line":12,"column":6},"end":{"line":12,"column":35}},{"start":{"line":12,"column":39},"end":{"line":12,"column":50}}],"line":12},"4":{"loc":{"start":{"line":21,"column":4},"end":{"line":23,"column":5}},"type":"if","locations":[{"start":{"line":21,"column":4},"end":{"line":23,"column":5}},{"start":{"line":21,"column":4},"end":{"line":23,"column":5}}],"line":21}},"s":{"0":4,"1":5,"2":5,"3":0,"4":5,"5":5,"6":0,"7":4,"8":5,"9":5,"10":4},"f":{"0":5,"1":4},"b":{"0":[0,5],"1":[5,5,0],"2":[5,0],"3":[5,0],"4":[5,0]},"_coverageSchema":"332fd63041d2c1bcb487cc26dd0d5f7d97098a6c","hash":"372973cbaed89027d615f66e8323b8465fba5100"}
,"D:\\Code\\we-vue\\packages\\utils\\deep-clone.js": {"path":"D:\\Code\\we-vue\\packages\\utils\\deep-clone.js","statementMap":{"0":{"start":{"line":4,"column":2},"end":{"line":8,"column":3}},"1":{"start":{"line":5,"column":4},"end":{"line":5,"column":43}},"2":{"start":{"line":5,"column":27},"end":{"line":5,"column":42}},"3":{"start":{"line":6,"column":9},"end":{"line":8,"column":3}},"4":{"start":{"line":7,"column":4},"end":{"line":7,"column":30}},"5":{"start":{"line":9,"column":2},"end":{"line":9,"column":12}}},"fnMap":{"0":{"name":"deepClone","decl":{"start":{"line":3,"column":24},"end":{"line":3,"column":33}},"loc":{"start":{"line":3,"column":40},"end":{"line":10,"column":1}},"line":3},"1":{"name":"(anonymous_1)","decl":{"start":{"line":5,"column":19},"end":{"line":5,"column":20}},"loc":{"start":{"line":5,"column":27},"end":{"line":5,"column":42}},"line":5}},"branchMap":{"0":{"loc":{"start":{"line":4,"column":2},"end":{"line":8,"column":3}},"type":"if","locations":[{"start":{"line":4,"column":2},"end":{"line":8,"column":3}},{"start":{"line":4,"column":2},"end":{"line":8,"column":3}}],"line":4},"1":{"loc":{"start":{"line":6,"column":9},"end":{"line":8,"column":3}},"type":"if","locations":[{"start":{"line":6,"column":9},"end":{"line":8,"column":3}},{"start":{"line":6,"column":9},"end":{"line":8,"column":3}}],"line":6}},"s":{"0":95,"1":26,"2":69,"3":69,"4":4,"5":65},"f":{"0":95,"1":69},"b":{"0":[26,69],"1":[4,65]},"_coverageSchema":"332fd63041d2c1bcb487cc26dd0d5f7d97098a6c","hash":"4d394a61b02029d077b803cf2ade3bc2c63d0d9d"}
,"D:\\Code\\we-vue\\packages\\utils\\event.js": {"path":"D:\\Code\\we-vue\\packages\\utils\\event.js","statementMap":{"0":{"start":{"line":3,"column":29},"end":{"line":3,"column":34}},"1":{"start":{"line":4,"column":0},"end":{"line":15,"column":1}},"2":{"start":{"line":5,"column":2},"end":{"line":14,"column":16}},"3":{"start":{"line":6,"column":17},"end":{"line":6,"column":19}},"4":{"start":{"line":7,"column":4},"end":{"line":12,"column":6}},"5":{"start":{"line":13,"column":4},"end":{"line":13,"column":55}},"6":{"start":{"line":18,"column":2},"end":{"line":23,"column":5}},"7":{"start":{"line":27,"column":2},"end":{"line":27,"column":57}}},"fnMap":{"0":{"name":"on","decl":{"start":{"line":17,"column":16},"end":{"line":17,"column":18}},"loc":{"start":{"line":17,"column":61},"end":{"line":24,"column":1}},"line":17},"1":{"name":"off","decl":{"start":{"line":26,"column":16},"end":{"line":26,"column":19}},"loc":{"start":{"line":26,"column":45},"end":{"line":28,"column":1}},"line":26}},"branchMap":{"0":{"loc":{"start":{"line":4,"column":0},"end":{"line":15,"column":1}},"type":"if","locations":[{"start":{"line":4,"column":0},"end":{"line":15,"column":1}},{"start":{"line":4,"column":0},"end":{"line":15,"column":1}}],"line":4},"1":{"loc":{"start":{"line":17,"column":44},"end":{"line":17,"column":59}},"type":"default-arg","locations":[{"start":{"line":17,"column":54},"end":{"line":17,"column":59}}],"line":17},"2":{"loc":{"start":{"line":18,"column":2},"end":{"line":23,"column":5}},"type":"binary-expr","locations":[{"start":{"line":18,"column":2},"end":{"line":18,"column":11}},{"start":{"line":19,"column":4},"end":{"line":23,"column":5}}],"line":18},"3":{"loc":{"start":{"line":22,"column":6},"end":{"line":22,"column":59}},"type":"cond-expr","locations":[{"start":{"line":22,"column":24},"end":{"line":22,"column":51}},{"start":{"line":22,"column":54},"end":{"line":22,"column":59}}],"line":22},"4":{"loc":{"start":{"line":27,"column":2},"end":{"line":27,"column":57}},"type":"binary-expr","locations":[{"start":{"line":27,"column":2},"end":{"line":27,"column":11}},{"start":{"line":27,"column":15},"end":{"line":27,"column":57}}],"line":27}},"s":{"0":8,"1":8,"2":8,"3":8,"4":8,"5":8,"6":42,"7":74},"f":{"0":42,"1":74},"b":{"0":[8,0],"1":[32],"2":[42,42],"3":[0,42],"4":[74,74]},"_coverageSchema":"332fd63041d2c1bcb487cc26dd0d5f7d97098a6c","hash":"18d7fc72da5149e7742e4b7a78cfdab1704e6936"}
,"D:\\Code\\we-vue\\packages\\utils\\index.js": {"path":"D:\\Code\\we-vue\\packages\\utils\\index.js","statementMap":{"0":{"start":{"line":4,"column":17},"end":{"line":4,"column":40}},"1":{"start":{"line":7,"column":2},"end":{"line":7,"column":46}},"2":{"start":{"line":11,"column":15},"end":{"line":11,"column":23}},"3":{"start":{"line":12,"column":2},"end":{"line":12,"column":65}}},"fnMap":{"0":{"name":"isDef","decl":{"start":{"line":6,"column":9},"end":{"line":6,"column":14}},"loc":{"start":{"line":6,"column":23},"end":{"line":8,"column":1}},"line":6},"1":{"name":"isObj","decl":{"start":{"line":10,"column":9},"end":{"line":10,"column":14}},"loc":{"start":{"line":10,"column":19},"end":{"line":13,"column":1}},"line":10}},"branchMap":{"0":{"loc":{"start":{"line":7,"column":9},"end":{"line":7,"column":46}},"type":"binary-expr","locations":[{"start":{"line":7,"column":9},"end":{"line":7,"column":28}},{"start":{"line":7,"column":32},"end":{"line":7,"column":46}}],"line":7},"1":{"loc":{"start":{"line":12,"column":9},"end":{"line":12,"column":65}},"type":"binary-expr","locations":[{"start":{"line":12,"column":9},"end":{"line":12,"column":19}},{"start":{"line":12,"column":24},"end":{"line":12,"column":41}},{"start":{"line":12,"column":45},"end":{"line":12,"column":64}}],"line":12}},"s":{"0":18,"1":5,"2":428,"3":428},"f":{"0":5,"1":428},"b":{"0":[5,5],"1":[428,428,400]},"_coverageSchema":"332fd63041d2c1bcb487cc26dd0d5f7d97098a6c","hash":"a0f3cb735fd0e6a999aa044403376a279ddcad17"}
,"D:\\Code\\we-vue\\packages\\utils\\install.js": {"path":"D:\\Code\\we-vue\\packages\\utils\\install.js","statementMap":{"0":{"start":{"line":5,"column":2},"end":{"line":5,"column":32}}},"fnMap":{"0":{"name":"(anonymous_0)","decl":{"start":{"line":4,"column":15},"end":{"line":4,"column":16}},"loc":{"start":{"line":4,"column":30},"end":{"line":6,"column":1}},"line":4}},"branchMap":{},"s":{"0":42},"f":{"0":42},"b":{},"_coverageSchema":"332fd63041d2c1bcb487cc26dd0d5f7d97098a6c","hash":"6a099a513934773375c91817cf2d3e0fa37954c3"}
,"D:\\Code\\we-vue\\packages\\utils\\raf.js": {"path":"D:\\Code\\we-vue\\packages\\utils\\raf.js","statementMap":{"0":{"start":{"line":7,"column":11},"end":{"line":7,"column":21}},"1":{"start":{"line":32,"column":2},"end":{"line":32,"column":28}},"2":{"start":{"line":36,"column":2},"end":{"line":36,"column":24}}},"fnMap":{"0":{"name":"raf","decl":{"start":{"line":31,"column":16},"end":{"line":31,"column":19}},"loc":{"start":{"line":31,"column":25},"end":{"line":33,"column":1}},"line":31},"1":{"name":"cancel","decl":{"start":{"line":35,"column":16},"end":{"line":35,"column":22}},"loc":{"start":{"line":35,"column":28},"end":{"line":37,"column":1}},"line":35}},"branchMap":{},"s":{"0":2,"1":0,"2":0},"f":{"0":0,"1":0},"b":{},"_coverageSchema":"332fd63041d2c1bcb487cc26dd0d5f7d97098a6c","hash":"e293c86dc4c4cc834b663f702c1af7333c38e225"}
,"D:\\Code\\we-vue\\packages\\utils\\scroll.js": {"path":"D:\\Code\\we-vue\\packages\\utils\\scroll.js","statementMap":{"0":{"start":{"line":6,"column":4},"end":{"line":23,"column":5}},"1":{"start":{"line":7,"column":6},"end":{"line":7,"column":20}},"2":{"start":{"line":8,"column":6},"end":{"line":8,"column":22}},"3":{"start":{"line":9,"column":6},"end":{"line":9,"column":28}},"4":{"start":{"line":10,"column":20},"end":{"line":18,"column":7}},"5":{"start":{"line":11,"column":21},"end":{"line":11,"column":43}},"6":{"start":{"line":12,"column":8},"end":{"line":17,"column":9}},"7":{"start":{"line":13,"column":10},"end":{"line":13,"column":50}},"8":{"start":{"line":15,"column":10},"end":{"line":15,"column":24}},"9":{"start":{"line":16,"column":10},"end":{"line":16,"column":44}},"10":{"start":{"line":19,"column":6},"end":{"line":21,"column":7}},"11":{"start":{"line":20,"column":8},"end":{"line":20,"column":41}},"12":{"start":{"line":22,"column":6},"end":{"line":22,"column":19}},"13":{"start":{"line":33,"column":22},"end":{"line":33,"column":29}},"14":{"start":{"line":35,"column":4},"end":{"line":47,"column":5}},"15":{"start":{"line":42,"column":24},"end":{"line":42,"column":68}},"16":{"start":{"line":43,"column":6},"end":{"line":45,"column":7}},"17":{"start":{"line":44,"column":8},"end":{"line":44,"column":26}},"18":{"start":{"line":46,"column":6},"end":{"line":46,"column":42}},"19":{"start":{"line":48,"column":4},"end":{"line":48,"column":21}},"20":{"start":{"line":53,"column":22},"end":{"line":53,"column":40}},"21":{"start":{"line":54,"column":4},"end":{"line":62,"column":5}},"22":{"start":{"line":55,"column":6},"end":{"line":57,"column":7}},"23":{"start":{"line":56,"column":8},"end":{"line":56,"column":19}},"24":{"start":{"line":58,"column":6},"end":{"line":60,"column":7}},"25":{"start":{"line":59,"column":8},"end":{"line":59,"column":20}},"26":{"start":{"line":61,"column":6},"end":{"line":61,"column":42}},"27":{"start":{"line":63,"column":4},"end":{"line":63,"column":16}},"28":{"start":{"line":68,"column":4},"end":{"line":68,"column":75}},"29":{"start":{"line":73,"column":4},"end":{"line":75,"column":48}},"30":{"start":{"line":80,"column":4},"end":{"line":83,"column":5}},"31":{"start":{"line":87,"column":4},"end":{"line":89,"column":46}}},"fnMap":{"0":{"name":"(anonymous_0)","decl":{"start":{"line":6,"column":11},"end":{"line":6,"column":12}},"loc":{"start":{"line":6,"column":23},"end":{"line":23,"column":5}},"line":6},"1":{"name":"(anonymous_1)","decl":{"start":{"line":10,"column":20},"end":{"line":10,"column":21}},"loc":{"start":{"line":10,"column":26},"end":{"line":18,"column":7}},"line":10}},"branchMap":{"0":{"loc":{"start":{"line":12,"column":8},"end":{"line":17,"column":9}},"type":"if","locations":[{"start":{"line":12,"column":8},"end":{"line":17,"column":9}},{"start":{"line":12,"column":8},"end":{"line":17,"column":9}}],"line":12},"1":{"loc":{"start":{"line":19,"column":6},"end":{"line":21,"column":7}},"type":"if","locations":[{"start":{"line":19,"column":6},"end":{"line":21,"column":7}},{"start":{"line":19,"column":6},"end":{"line":21,"column":7}}],"line":19},"2":{"loc":{"start":{"line":32,"column":33},"end":{"line":32,"column":52}},"type":"default-arg","locations":[{"start":{"line":32,"column":46},"end":{"line":32,"column":52}}],"line":32},"3":{"loc":{"start":{"line":36,"column":6},"end":{"line":40,"column":32}},"type":"binary-expr","locations":[{"start":{"line":36,"column":6},"end":{"line":36,"column":17}},{"start":{"line":37,"column":6},"end":{"line":37,"column":36}},{"start":{"line":38,"column":6},"end":{"line":38,"column":36}},{"start":{"line":39,"column":6},"end":{"line":39,"column":32}},{"start":{"line":40,"column":6},"end":{"line":40,"column":32}}],"line":36},"4":{"loc":{"start":{"line":43,"column":6},"end":{"line":45,"column":7}},"type":"if","locations":[{"start":{"line":43,"column":6},"end":{"line":45,"column":7}},{"start":{"line":43,"column":6},"end":{"line":45,"column":7}}],"line":43},"5":{"loc":{"start":{"line":43,"column":10},"end":{"line":43,"column":56}},"type":"binary-expr","locations":[{"start":{"line":43,"column":10},"end":{"line":43,"column":32}},{"start":{"line":43,"column":36},"end":{"line":43,"column":56}}],"line":43},"6":{"loc":{"start":{"line":55,"column":6},"end":{"line":57,"column":7}},"type":"if","locations":[{"start":{"line":55,"column":6},"end":{"line":57,"column":7}},{"start":{"line":55,"column":6},"end":{"line":57,"column":7}}],"line":55},"7":{"loc":{"start":{"line":58,"column":6},"end":{"line":60,"column":7}},"type":"if","locations":[{"start":{"line":58,"column":6},"end":{"line":60,"column":7}},{"start":{"line":58,"column":6},"end":{"line":60,"column":7}}],"line":58},"8":{"loc":{"start":{"line":68,"column":11},"end":{"line":68,"column":75}},"type":"cond-expr","locations":[{"start":{"line":68,"column":36},"end":{"line":68,"column":53}},{"start":{"line":68,"column":56},"end":{"line":68,"column":75}}],"line":68},"9":{"loc":{"start":{"line":73,"column":4},"end":{"line":75,"column":48}},"type":"cond-expr","locations":[{"start":{"line":74,"column":9},"end":{"line":74,"column":34}},{"start":{"line":75,"column":8},"end":{"line":75,"column":48}}],"line":73},"10":{"loc":{"start":{"line":81,"column":7},"end":{"line":81,"column":67}},"type":"cond-expr","locations":[{"start":{"line":81,"column":28},"end":{"line":81,"column":29}},{"start":{"line":81,"column":32},"end":{"line":81,"column":67}}],"line":81},"11":{"loc":{"start":{"line":87,"column":11},"end":{"line":89,"column":46}},"type":"cond-expr","locations":[{"start":{"line":88,"column":8},"end":{"line":88,"column":27}},{"start":{"line":89,"column":8},"end":{"line":89,"column":46}}],"line":87},"12":{"loc":{"start":{"line":93,"column":4},"end":{"line":94,"column":68}},"type":"binary-expr","locations":[{"start":{"line":93,"column":4},"end":{"line":93,"column":13}},{"start":{"line":94,"column":4},"end":{"line":94,"column":68}}],"line":93}},"s":{"0":7,"1":11,"2":11,"3":11,"4":11,"5":28332,"6":28332,"7":28324,"8":8,"9":8,"10":11,"11":8,"12":11,"13":11,"14":11,"15":7,"16":7,"17":1,"18":6,"19":10,"20":8,"21":8,"22":13,"23":6,"24":7,"25":1,"26":6,"27":1,"28":15,"29":2,"30":10,"31":14},"f":{"0":11,"1":28332},"b":{"0":[28324,8],"1":[8,3],"2":[7],"3":[17,17,17,11,11],"4":[1,6],"5":[7,6],"6":[6,7],"7":[1,6],"8":[1,14],"9":[1,1],"10":[5,5],"11":[9,5],"12":[9,9]},"_coverageSchema":"332fd63041d2c1bcb487cc26dd0d5f7d97098a6c","hash":"1b8c0837191b7f1831f7649f02cd3621473296ed"}
,"D:\\Code\\we-vue\\packages\\utils\\touches.js": {"path":"D:\\Code\\we-vue\\packages\\utils\\touches.js","statementMap":{"0":{"start":{"line":1,"column":17},"end":{"line":3,"column":1}},"1":{"start":{"line":2,"column":2},"end":{"line":2,"column":52}}},"fnMap":{"0":{"name":"(anonymous_0)","decl":{"start":{"line":1,"column":17},"end":{"line":1,"column":18}},"loc":{"start":{"line":1,"column":26},"end":{"line":3,"column":1}},"line":1}},"branchMap":{"0":{"loc":{"start":{"line":2,"column":9},"end":{"line":2,"column":52}},"type":"binary-expr","locations":[{"start":{"line":2,"column":9},"end":{"line":2,"column":32}},{"start":{"line":2,"column":36},"end":{"line":2,"column":52}}],"line":2}},"s":{"0":18,"1":128},"f":{"0":128},"b":{"0":[128,0]},"_coverageSchema":"332fd63041d2c1bcb487cc26dd0d5f7d97098a6c","hash":"dabc8151f99d291e7b2dac787e8a7e1640d3ac1b"}
}
