TN:
SF:D:\Code\we-vue\packages\index.js
FN:93,(anonymous_0)
FN:94,(anonymous_1)
FNF:2
FNH:2
FNDA:1,(anonymous_0)
FNDA:42,(anonymous_1)
DA:47,1
DA:48,1
DA:93,1
DA:94,1
DA:95,42
DA:100,1
LF:6
LH:6
BRDA:100,0,0,1
BRDA:100,1,0,1
BRDA:100,1,1,1
BRF:3
BRH:3
end_of_record
TN:
SF:D:\Code\we-vue\packages\actionsheet\index.vue
FN:80,_default
FN:89,data
FN:96,currentValue
FN:100,value
FN:106,itemClick
FNF:5
FNH:5
FNDA:4,_default
FNDA:6,data
FNDA:2,currentValue
FNDA:1,value
FNDA:1,itemClick
DA:67,2
DA:80,4
DA:90,6
DA:97,2
DA:101,1
DA:107,1
DA:108,1
DA:110,1
LF:8
LH:8
BRDA:107,0,0,1
BRDA:107,0,1,0
BRDA:107,1,0,1
BRDA:107,1,1,1
BRF:4
BRH:3
end_of_record
TN:
SF:D:\Code\we-vue\packages\area\index.vue
FN:31,_default
FN:48,validator
FN:55,data
FN:64,province
FN:68,city
FN:72,county
FN:76,displayColumns
FN:82,value
FN:89,handler
FN:95,mounted
FN:100,open
FN:104,close
FN:108,getList
FN:115,(anonymous_14)
FN:121,(anonymous_15)
FN:128,getIndex
FN:143,setValues
FN:169,getValues
FN:173,onChange
FN:179,reset
FNF:20
FNH:9
FNDA:1,_default
FNDA:1,validator
FNDA:1,data
FNDA:1,province
FNDA:0,city
FNDA:1,county
FNDA:1,displayColumns
FNDA:0,value
FNDA:0,handler
FNDA:1,mounted
FNDA:0,open
FNDA:0,close
FNDA:2,getList
FNDA:0,(anonymous_14)
FNDA:0,(anonymous_15)
FNDA:0,getIndex
FNDA:1,setValues
FNDA:0,getValues
FNDA:0,onChange
FNDA:0,reset
DA:17,2
DA:18,2
DA:31,1
DA:49,1
DA:56,1
DA:65,1
DA:69,0
DA:73,1
DA:77,1
DA:83,0
DA:84,0
DA:90,0
DA:96,1
DA:101,0
DA:105,0
DA:109,2
DA:110,2
DA:111,1
DA:114,1
DA:115,1
DA:120,1
DA:121,0
DA:124,1
DA:129,0
DA:130,0
DA:131,0
DA:133,0
DA:134,0
DA:135,0
DA:139,0
DA:143,1
DA:144,1
DA:146,1
DA:147,1
DA:149,1
DA:150,0
DA:153,1
DA:154,0
DA:156,0
DA:157,0
DA:160,0
DA:161,0
DA:170,0
DA:174,0
DA:175,0
DA:176,0
DA:180,0
DA:181,0
LF:48
LH:22
BRDA:49,0,0,1
BRDA:49,0,1,1
BRDA:65,1,0,1
BRDA:65,1,1,1
BRDA:69,2,0,0
BRDA:69,2,1,0
BRDA:73,3,0,1
BRDA:73,3,1,1
BRDA:110,4,0,1
BRDA:110,4,1,1
BRDA:110,5,0,2
BRDA:110,5,1,1
BRDA:120,6,0,0
BRDA:120,6,1,1
BRDA:129,7,0,0
BRDA:129,7,1,0
BRDA:134,8,0,0
BRDA:134,8,1,0
BRDA:144,9,0,1
BRDA:144,9,1,1
BRDA:144,9,2,1
BRDA:149,10,0,0
BRDA:149,10,1,1
BRDA:156,11,0,0
BRDA:156,11,1,0
BRDA:156,12,0,0
BRDA:156,12,1,0
BRDA:170,13,0,0
BRDA:170,13,1,0
BRF:29
BRH:15
end_of_record
TN:
SF:D:\Code\we-vue\packages\badge\index.vue
FNF:0
FNH:0
DA:12,2
LF:1
LH:1
BRF:0
BRH:0
end_of_record
TN:
SF:D:\Code\we-vue\packages\button\index.vue
FN:30,handleClick
FN:36,classObject
FNF:2
FNH:2
FNDA:1,handleClick
FNDA:6,classObject
DA:13,2
DA:31,1
DA:37,6
DA:39,6
DA:42,6
DA:46,6
DA:47,6
DA:48,6
DA:49,6
DA:51,6
LF:10
LH:10
BRDA:39,0,0,1
BRDA:39,0,1,5
BRDA:42,1,0,1
BRDA:42,1,1,5
BRF:4
BRH:4
end_of_record
TN:
SF:D:\Code\we-vue\packages\cell\index.vue
FN:41,onClick
FNF:1
FNH:1
FNDA:5,onClick
DA:22,5
DA:23,5
DA:42,5
DA:43,5
LF:4
LH:4
BRF:0
BRH:0
end_of_record
TN:
SF:D:\Code\we-vue\packages\cell-swipe\index.vue
FN:66,data
FN:78,style
FN:86,mounted
FN:91,onTouchstart
FN:99,onTouchmove
FN:113,onTouchend
FN:130,onClickoutside
FNF:7
FNH:7
FNDA:9,data
FNDA:44,style
FNDA:9,mounted
FNDA:6,onTouchstart
FNDA:24,onTouchmove
FNDA:6,onTouchend
FNDA:1,onClickoutside
DA:41,2
DA:42,2
DA:43,2
DA:44,2
DA:45,2
DA:67,9
DA:79,44
DA:87,9
DA:92,6
DA:93,6
DA:95,6
DA:96,6
DA:100,24
DA:101,24
DA:103,24
DA:105,24
DA:114,6
DA:118,6
DA:119,2
DA:120,2
DA:123,4
DA:124,2
DA:125,2
DA:126,2
DA:131,1
LF:25
LH:25
BRDA:105,0,0,2
BRDA:105,0,1,45
BRDA:118,1,0,2
BRDA:118,1,1,4
BRDA:123,2,0,2
BRDA:123,2,1,2
BRDA:123,3,0,4
BRDA:123,3,1,2
BRDA:125,4,0,2
BRDA:125,4,1,0
BRDA:125,5,0,2
BRDA:125,5,1,2
BRF:12
BRH:11
end_of_record
TN:
SF:D:\Code\we-vue\packages\cell-swipe-button\index.vue
FNF:0
FNH:0
DA:8,3
LF:1
LH:1
BRF:0
BRH:0
end_of_record
TN:
SF:D:\Code\we-vue\packages\checklist\index.vue
FN:46,validator
FN:54,validator
FN:64,_default
FN:70,get
FN:74,set
FN:84,created
FN:89,value
FNF:7
FNH:7
FNDA:3,validator
FNDA:7,validator
FNDA:4,_default
FNDA:8,get
FNDA:9,set
FNDA:7,created
FNDA:1,value
DA:38,2
DA:47,3
DA:55,7
DA:64,4
DA:71,8
DA:75,9
DA:76,3
DA:79,9
DA:85,7
DA:90,1
DA:91,1
LF:11
LH:11
BRDA:55,0,0,7
BRDA:55,0,1,0
BRDA:75,1,0,3
BRDA:75,1,1,6
BRDA:75,2,0,9
BRDA:75,2,1,5
BRDA:90,3,0,1
BRDA:90,3,1,0
BRF:8
BRH:6
end_of_record
TN:
SF:D:\Code\we-vue\packages\circle\index.vue
FN:62,data
FN:69,style
FN:76,pathRadius
FN:80,radius
FN:84,pathString
FN:90,len
FN:94,pathStyle
FN:107,currentValue
FN:111,value
FNF:9
FNH:9
FNDA:3,data
FNDA:3,style
FNDA:3,pathRadius
FNDA:3,radius
FNDA:3,pathString
FNDA:3,len
FNDA:5,pathStyle
FNDA:2,currentValue
FNDA:1,value
DA:26,2
DA:63,3
DA:70,3
DA:77,3
DA:81,3
DA:85,3
DA:91,3
DA:95,5
DA:108,2
DA:112,1
LF:10
LH:10
BRF:0
BRH:0
end_of_record
TN:
SF:D:\Code\we-vue\packages\datetime-picker\index.vue
FN:20,isValidDate
FN:47,_default
FN:52,_default
FN:90,data
FN:98,ranges
FN:138,columns
FN:155,value
FN:167,currentValue
FN:173,mounted
FN:187,open
FN:191,close
FN:195,getMonthEndDay
FN:200,getTrueValue
FN:208,correctValue
FN:262,onChange
FN:290,fillColumnValues
FN:304,getBoundary
FN:341,updateColumnValue
FN:372,(anonymous_19)
FN:377,setColumnByValues
FN:381,onConfirm
FN:386,onCancel
FNF:22
FNH:19
FNDA:35,isValidDate
FNDA:12,_default
FNDA:12,_default
FNDA:12,data
FNDA:22,ranges
FNDA:22,columns
FNDA:1,value
FNDA:12,currentValue
FNDA:12,mounted
FNDA:1,open
FNDA:1,close
FNDA:36,getMonthEndDay
FNDA:6,getTrueValue
FNDA:13,correctValue
FNDA:0,onChange
FNDA:92,fillColumnValues
FNDA:62,getBoundary
FNDA:24,updateColumnValue
FNDA:24,(anonymous_19)
FNDA:24,setColumnByValues
FNDA:0,onConfirm
FNDA:0,onCancel
DA:16,2
DA:17,2
DA:19,2
DA:20,37
DA:47,12
DA:52,12
DA:91,12
DA:98,240
DA:99,22
DA:100,2
DA:121,20
DA:122,14
DA:130,6
DA:139,22
DA:140,22
DA:141,92
DA:150,22
DA:156,1
DA:157,1
DA:162,1
DA:163,1
DA:168,12
DA:169,12
DA:174,12
DA:175,7
DA:180,5
DA:183,12
DA:188,1
DA:192,1
DA:197,36
DA:201,7
DA:202,5
DA:203,1
DA:205,5
DA:208,132
DA:210,13
DA:211,13
DA:212,6
DA:213,7
DA:215,1
DA:219,13
DA:221,2
DA:222,2
DA:224,2
DA:242,11
DA:249,11
DA:256,11
DA:257,11
DA:259,11
DA:263,0
DA:266,0
DA:267,0
DA:269,0
DA:270,0
DA:271,0
DA:272,0
DA:274,0
DA:275,0
DA:276,0
DA:277,0
DA:278,0
DA:279,0
DA:281,0
DA:284,0
DA:285,0
DA:286,0
DA:287,0
DA:291,92
DA:292,92
DA:293,2624
DA:294,680
DA:298,1944
DA:301,92
DA:305,62
DA:306,62
DA:307,62
DA:308,62
DA:309,62
DA:310,62
DA:312,62
DA:313,31
DA:314,31
DA:315,31
DA:316,31
DA:319,62
DA:320,19
DA:321,19
DA:322,19
DA:323,19
DA:324,19
DA:325,19
DA:326,19
DA:332,62
DA:341,24
DA:342,24
DA:343,24
DA:344,3
DA:345,3
DA:350,21
DA:358,21
DA:359,14
DA:372,24
DA:373,24
DA:378,24
DA:382,0
DA:383,0
DA:387,0
DA:388,0
LF:108
LH:86
BRDA:20,0,0,35
BRDA:20,0,1,29
BRDA:99,1,0,2
BRDA:99,1,1,20
BRDA:121,2,0,14
BRDA:121,2,1,6
BRDA:157,3,0,0
BRDA:157,3,1,1
BRDA:162,4,0,1
BRDA:162,4,1,0
BRDA:174,5,0,7
BRDA:174,5,1,5
BRDA:175,6,0,6
BRDA:175,6,1,1
BRDA:201,7,0,1
BRDA:201,7,1,5
BRDA:211,8,0,6
BRDA:211,8,1,7
BRDA:211,9,0,13
BRDA:211,9,1,11
BRDA:213,10,0,1
BRDA:213,10,1,6
BRDA:215,11,0,0
BRDA:215,11,1,1
BRDA:219,12,0,2
BRDA:219,12,1,11
BRDA:266,13,0,0
BRDA:266,13,1,0
BRDA:274,14,0,0
BRDA:274,14,1,0
BRDA:277,15,0,0
BRDA:277,15,1,0
BRDA:293,16,0,680
BRDA:293,16,1,1944
BRDA:312,17,0,31
BRDA:312,17,1,31
BRDA:319,18,0,19
BRDA:319,18,1,43
BRDA:321,19,0,19
BRDA:321,19,1,0
BRDA:323,20,0,19
BRDA:323,20,1,0
BRDA:325,21,0,19
BRDA:325,21,1,0
BRDA:343,22,0,3
BRDA:343,22,1,21
BRDA:358,23,0,14
BRDA:358,23,1,7
BRF:48
BRH:36
end_of_record
TN:
SF:D:\Code\we-vue\packages\dialog\dialog.vue
FN:75,handleAction
FN:77,(anonymous_2)
FN:87,onClose
FNF:3
FNH:2
FNDA:6,handleAction
FNDA:0,(anonymous_2)
FNDA:6,onClose
DA:36,2
DA:37,2
DA:39,2
DA:40,2
DA:75,6
DA:76,6
DA:77,0
DA:78,0
DA:79,0
DA:83,6
DA:88,6
DA:89,6
DA:90,6
LF:13
LH:10
BRDA:76,0,0,0
BRDA:76,0,1,6
BRDA:78,1,0,0
BRDA:78,1,1,0
BRDA:90,2,0,6
BRDA:90,2,1,6
BRF:6
BRH:3
end_of_record
TN:
SF:D:\Code\we-vue\packages\dialog\index.js
FN:6,(anonymous_0)
FN:11,(anonymous_1)
FN:18,(anonymous_2)
FN:19,(anonymous_3)
FN:44,(anonymous_4)
FN:49,(anonymous_5)
FN:55,(anonymous_6)
FN:62,(anonymous_7)
FN:68,(anonymous_8)
FN:72,(anonymous_9)
FN:76,(anonymous_10)
FNF:11
FNH:11
FNDA:1,(anonymous_0)
FNDA:4,(anonymous_1)
FNDA:5,(anonymous_2)
FNDA:5,(anonymous_3)
FNDA:3,(anonymous_4)
FNDA:1,(anonymous_5)
FNDA:3,(anonymous_6)
FNDA:8,(anonymous_7)
FNDA:2,(anonymous_8)
FNDA:3,(anonymous_9)
FNDA:1,(anonymous_10)
DA:6,2
DA:7,1
DA:11,1
DA:12,4
DA:15,1
DA:18,2
DA:19,5
DA:20,5
DA:21,1
DA:24,5
DA:32,2
DA:45,3
DA:49,2
DA:50,1
DA:55,2
DA:56,3
DA:62,2
DA:63,8
DA:64,7
DA:68,2
DA:69,2
DA:72,2
DA:73,3
DA:76,2
DA:77,1
DA:80,2
DA:81,2
LF:27
LH:27
BRDA:20,0,0,1
BRDA:20,0,1,4
BRDA:45,1,0,2
BRDA:45,1,1,1
BRDA:63,2,0,7
BRDA:63,2,1,1
BRF:6
BRH:6
end_of_record
TN:
SF:D:\Code\we-vue\packages\flex\index.vue
FN:17,validator
FN:24,style
FNF:2
FNH:2
FNDA:5,validator
FNDA:6,style
DA:8,3
DA:18,5
DA:25,6
DA:27,6
LF:4
LH:4
BRDA:27,0,0,2
BRDA:27,0,1,4
BRF:2
BRH:2
end_of_record
TN:
SF:D:\Code\we-vue\packages\flex-item\index.vue
FN:25,gutter
FN:29,style
FNF:2
FNH:2
FNDA:3,gutter
FNDA:3,style
DA:8,2
DA:26,3
DA:30,3
DA:32,3
DA:39,3
LF:5
LH:5
BRDA:26,0,0,3
BRDA:26,0,1,3
BRDA:26,0,2,2
BRDA:32,1,0,1
BRDA:32,1,1,2
BRF:5
BRH:5
end_of_record
TN:
SF:D:\Code\we-vue\packages\footer\footer-link.vue
FN:19,onClick
FNF:1
FNH:1
FNDA:1,onClick
DA:6,3
DA:7,3
DA:20,1
DA:21,1
LF:4
LH:4
BRF:0
BRH:0
end_of_record
TN:
SF:D:\Code\we-vue\packages\footer\index.vue
FN:29,_default
FNF:1
FNH:1
FNDA:2,_default
DA:15,2
DA:16,2
DA:29,2
LF:3
LH:3
BRF:0
BRH:0
end_of_record
TN:
SF:D:\Code\we-vue\packages\form-preview\index.vue
FN:37,_default
FN:41,_default
FNF:2
FNH:2
FNDA:2,_default
FNDA:2,_default
DA:27,2
DA:37,2
DA:41,2
LF:3
LH:3
BRF:0
BRH:0
end_of_record
TN:
SF:D:\Code\we-vue\packages\grid\index.vue
FNF:0
FNH:0
DA:8,2
LF:1
LH:1
BRF:0
BRH:0
end_of_record
TN:
SF:D:\Code\we-vue\packages\grid-item\index.vue
FN:23,onClick
FNF:1
FNH:1
FNDA:1,onClick
DA:14,2
DA:15,2
DA:24,1
DA:25,1
LF:4
LH:4
BRF:0
BRH:0
end_of_record
TN:
SF:D:\Code\we-vue\packages\group\index.vue
FNF:0
FNH:0
DA:16,2
LF:1
LH:1
BRF:0
BRH:0
end_of_record
TN:
SF:D:\Code\we-vue\packages\header\index.vue
FNF:0
FNH:0
DA:18,1
LF:1
LH:1
BRF:0
BRH:0
end_of_record
TN:
SF:D:\Code\we-vue\packages\icon\index.vue
FN:20,classObject
FNF:1
FNH:1
FNDA:5,classObject
DA:6,4
DA:21,5
DA:23,5
LF:3
LH:3
BRF:0
BRH:0
end_of_record
TN:
SF:D:\Code\we-vue\packages\infinite-scroll\directive.js
FN:7,doBindEvent
FN:20,(anonymous_1)
FN:49,handleScrollEvent
FN:84,startBind
FN:87,(anonymous_4)
FN:94,doCheckStartBind
FN:101,(anonymous_6)
FNF:7
FNH:7
FNDA:5,doBindEvent
FNDA:2,(anonymous_1)
FNDA:6,handleScrollEvent
FNDA:5,startBind
FNDA:5,(anonymous_4)
FNDA:5,doCheckStartBind
FNDA:5,(anonymous_6)
DA:4,2
DA:5,2
DA:9,5
DA:12,5
DA:14,5
DA:15,5
DA:17,5
DA:18,5
DA:19,5
DA:20,5
DA:21,2
DA:22,2
DA:24,5
DA:26,5
DA:28,5
DA:29,5
DA:31,5
DA:33,5
DA:37,5
DA:41,5
DA:42,4
DA:50,6
DA:51,6
DA:53,6
DA:54,2
DA:57,4
DA:59,4
DA:60,4
DA:63,4
DA:64,0
DA:67,4
DA:68,4
DA:69,0
DA:72,4
DA:76,4
DA:79,4
DA:80,4
DA:85,5
DA:87,5
DA:88,5
DA:89,5
DA:95,5
DA:97,5
DA:101,5
DA:102,5
DA:109,5
DA:110,5
DA:116,5
DA:118,5
DA:122,3
DA:123,3
DA:127,5
DA:128,5
DA:129,5
LF:54
LH:52
BRDA:9,0,0,5
BRDA:19,1,0,5
BRDA:19,1,1,0
BRDA:29,2,0,5
BRDA:29,2,1,5
BRDA:37,3,0,5
BRDA:37,3,1,0
BRDA:41,4,0,4
BRDA:41,4,1,1
BRDA:53,5,0,2
BRDA:53,5,1,4
BRDA:63,6,0,0
BRDA:63,6,1,4
BRDA:68,7,0,0
BRDA:68,7,1,4
BRDA:79,8,0,4
BRDA:79,8,1,0
BRDA:79,9,0,4
BRDA:79,9,1,4
BRDA:88,10,0,5
BRDA:88,10,1,0
BRDA:97,11,0,0
BRDA:97,11,1,5
BRDA:109,12,0,5
BRDA:109,12,1,0
BRDA:123,13,0,3
BRDA:123,13,1,3
BRDA:128,14,0,5
BRDA:128,14,1,0
BRF:29
BRH:20
end_of_record
TN:
SF:D:\Code\we-vue\packages\infinite-scroll\index.js
FN:4,(anonymous_0)
FNF:1
FNH:0
FNDA:0,(anonymous_0)
DA:4,2
DA:5,0
DA:14,2
LF:3
LH:2
BRF:0
BRH:0
end_of_record
TN:
SF:D:\Code\we-vue\packages\input\index.vue
FN:76,_default
FN:87,data
FN:96,handleInput
FN:113,focus
FN:117,onFocus
FN:129,onBlur
FN:141,onChange
FN:152,validate
FN:176,currentValue
FN:180,value
FNF:10
FNH:10
FNDA:11,_default
FNDA:15,data
FNDA:3,handleInput
FNDA:1,focus
FNDA:3,onFocus
FNDA:2,onBlur
FNDA:2,onChange
FNDA:7,validate
FNDA:8,currentValue
FNDA:4,value
DA:37,2
DA:38,2
DA:77,11
DA:88,15
DA:98,3
DA:99,1
DA:100,1
DA:102,2
DA:105,3
DA:109,2
DA:114,1
DA:118,3
DA:119,3
DA:121,3
DA:125,2
DA:130,2
DA:131,2
DA:133,2
DA:137,1
DA:142,2
DA:144,2
DA:148,1
DA:153,7
DA:154,2
DA:155,2
DA:156,1
DA:157,1
DA:161,6
DA:162,1
DA:163,1
DA:166,5
DA:167,1
DA:168,1
DA:171,4
DA:177,8
DA:181,4
LF:36
LH:36
BRDA:98,0,0,1
BRDA:98,0,1,2
BRDA:98,1,0,3
BRDA:98,1,1,1
BRDA:105,2,0,2
BRDA:105,2,1,1
BRDA:105,3,0,3
BRDA:105,3,1,3
BRDA:121,4,0,2
BRDA:121,4,1,1
BRDA:121,5,0,3
BRDA:121,5,1,3
BRDA:133,6,0,1
BRDA:133,6,1,1
BRDA:133,7,0,2
BRDA:133,7,1,2
BRDA:144,8,0,1
BRDA:144,8,1,1
BRDA:144,9,0,2
BRDA:144,9,1,2
BRDA:153,10,0,2
BRDA:153,10,1,5
BRDA:155,11,0,1
BRDA:155,11,1,1
BRDA:161,12,0,1
BRDA:161,12,1,5
BRDA:161,13,0,6
BRDA:161,13,1,2
BRDA:166,14,0,1
BRDA:166,14,1,4
BRDA:166,15,0,5
BRDA:166,15,1,2
BRF:32
BRH:32
end_of_record
TN:
SF:D:\Code\we-vue\packages\loadmore\index.vue
FNF:0
FNH:0
DA:12,2
DA:14,2
LF:2
LH:2
BRF:0
BRH:0
end_of_record
TN:
SF:D:\Code\we-vue\packages\media-box\index.vue
FN:49,onClick
FNF:1
FNH:1
FNDA:1,onClick
DA:30,2
DA:31,2
DA:50,1
DA:51,1
LF:4
LH:4
BRF:0
BRH:0
end_of_record
TN:
SF:D:\Code\we-vue\packages\mixins\popup\Modal.vue
FN:26,style
FNF:1
FNH:1
FNDA:9,style
DA:27,9
LF:1
LH:1
BRF:0
BRH:0
end_of_record
TN:
SF:D:\Code\we-vue\packages\number-spinner\index.vue
FN:74,data
FN:87,increasable
FN:93,decreasable
FN:99,inputStyle
FN:106,listeners
FN:113,created
FN:120,decrease
FN:132,increase
FN:144,onChange
FN:148,onPaste
FN:159,onKeypress
FN:165,setValue
FN:175,currentValue
FN:180,value
FNF:14
FNH:14
FNDA:11,data
FNDA:21,increasable
FNDA:21,decreasable
FNDA:11,inputStyle
FNDA:11,listeners
FNDA:11,created
FNDA:2,decrease
FNDA:2,increase
FNDA:1,onChange
FNDA:1,onPaste
FNDA:1,onKeypress
FNDA:5,setValue
FNDA:11,currentValue
FNDA:4,value
DA:34,2
DA:36,2
DA:75,11
DA:88,21
DA:90,21
DA:94,21
DA:96,21
DA:100,11
DA:107,11
DA:108,11
DA:109,11
DA:114,11
DA:115,11
DA:121,2
DA:123,2
DA:124,1
DA:126,2
DA:133,2
DA:135,2
DA:136,1
DA:138,2
DA:145,1
DA:149,1
DA:155,1
DA:160,1
DA:161,1
DA:166,5
DA:168,5
DA:169,5
DA:170,5
DA:176,11
DA:177,11
DA:181,4
DA:182,3
DA:183,1
DA:184,2
DA:185,1
DA:187,1
DA:189,1
DA:190,1
LF:40
LH:40
BRDA:36,0,0,2
BRDA:36,0,1,0
BRDA:90,1,0,21
BRDA:90,1,1,19
BRDA:96,2,0,21
BRDA:96,2,1,19
BRDA:114,3,0,11
BRDA:114,3,1,0
BRDA:121,4,0,2
BRDA:121,4,1,0
BRDA:123,5,0,1
BRDA:123,5,1,1
BRDA:133,6,0,2
BRDA:133,6,1,0
BRDA:135,7,0,1
BRDA:135,7,1,1
BRDA:149,8,0,1
BRDA:149,8,1,0
BRDA:149,9,0,1
BRDA:149,9,1,1
BRDA:160,10,0,1
BRDA:160,10,1,0
BRDA:181,11,0,3
BRDA:181,11,1,1
BRDA:182,12,0,1
BRDA:182,12,1,2
BRDA:184,13,0,1
BRDA:184,13,1,1
BRDA:189,14,0,1
BRDA:189,14,1,0
BRF:30
BRH:23
end_of_record
TN:
SF:D:\Code\we-vue\packages\panel\index.vue
FNF:0
FNH:0
DA:14,2
LF:1
LH:1
BRF:0
BRH:0
end_of_record
TN:
SF:D:\Code\we-vue\packages\picker\index.vue
FN:71,_default
FN:77,validator
FN:83,_default
FN:87,data
FN:94,pickerBodyStyle
FN:100,simple
FN:106,columns
FN:110,value
FN:115,mounted
FN:120,setColumns
FN:122,(anonymous_11)
FN:127,columnValueChange
FN:141,getColumn
FN:143,(anonymous_14)
FN:153,getColumnValue
FN:159,setColumnValue
FN:165,setColumnValues
FN:173,getColumnValues
FN:178,getValues
FN:179,(anonymous_20)
FN:183,setValues
FN:184,(anonymous_22)
FN:190,getColumnIndex
FN:195,setColumnIndex
FN:201,getIndexes
FN:202,(anonymous_26)
FN:206,setIndexes
FN:207,(anonymous_28)
FN:213,onCancel
FN:219,onConfirm
FNF:30
FNH:27
FNDA:1,_default
FNDA:22,validator
FNDA:22,_default
FNDA:22,data
FNDA:22,pickerBodyStyle
FNDA:22,simple
FNDA:0,columns
FNDA:1,value
FNDA:22,mounted
FNDA:0,setColumns
FNDA:0,(anonymous_11)
FNDA:6,columnValueChange
FNDA:9,getColumn
FNDA:12,(anonymous_14)
FNDA:1,getColumnValue
FNDA:2,setColumnValue
FNDA:1,setColumnValues
FNDA:6,getColumnValues
FNDA:11,getValues
FNDA:11,(anonymous_20)
FNDA:24,setValues
FNDA:2,(anonymous_22)
FNDA:2,getColumnIndex
FNDA:4,setColumnIndex
FNDA:3,getIndexes
FNDA:6,(anonymous_26)
FNDA:1,setIndexes
FNDA:2,(anonymous_28)
FNDA:1,onCancel
FNDA:1,onConfirm
DA:45,4
DA:46,4
DA:47,4
DA:50,4
DA:71,1
DA:78,22
DA:83,22
DA:88,22
DA:95,22
DA:101,22
DA:107,0
DA:111,1
DA:116,22
DA:120,0
DA:121,0
DA:122,0
DA:123,0
DA:128,6
DA:129,0
DA:136,6
DA:141,9
DA:143,9
DA:144,12
DA:154,1
DA:155,1
DA:160,2
DA:161,2
DA:166,1
DA:167,1
DA:168,1
DA:174,6
DA:179,22
DA:183,24
DA:184,24
DA:185,2
DA:191,2
DA:196,4
DA:197,4
DA:202,9
DA:206,1
DA:207,1
DA:208,2
DA:214,1
DA:215,1
DA:220,1
DA:221,1
DA:222,1
LF:47
LH:41
BRDA:101,0,0,22
BRDA:101,0,1,19
BRDA:128,1,0,0
BRDA:128,1,1,6
BRDA:144,2,0,12
BRDA:144,2,1,12
BRDA:144,2,2,12
BRDA:155,3,0,1
BRDA:155,3,1,1
BRDA:161,4,0,2
BRDA:161,4,1,2
BRDA:167,5,0,1
BRDA:167,5,1,0
BRDA:174,6,0,6
BRDA:174,6,1,0
BRDA:191,7,0,2
BRDA:191,7,1,0
BRDA:197,8,0,4
BRDA:197,8,1,4
BRF:19
BRH:15
end_of_record
TN:
SF:D:\Code\we-vue\packages\picker\picker-column.vue
FN:33,range
FN:46,_default
FN:53,validator
FN:63,data
FN:78,wrapperStyle
FN:85,pickerIndicatorStyle
FN:91,pickerMaskStyle
FN:98,count
FN:104,defaultIndex
FN:109,created
FN:114,destroyed
FN:120,getOptionText
FN:126,isDisabled
FN:130,indexToOffset
FN:135,offsetToIndex
FN:143,onTouchstart
FN:151,onTouchmove
FN:167,onTouchend
FN:175,adjustIndex
FN:185,setIndex
FN:195,getValue
FN:199,setValue
FN:201,(anonymous_23)
FNF:23
FNH:22
FNDA:41,range
FNDA:0,_default
FNDA:31,validator
FNDA:26,data
FNDA:62,wrapperStyle
FNDA:26,pickerIndicatorStyle
FNDA:26,pickerMaskStyle
FNDA:26,count
FNDA:1,defaultIndex
FNDA:26,created
FNDA:26,destroyed
FNDA:185,getOptionText
FNDA:220,isDisabled
FNDA:41,indexToOffset
FNDA:5,offsetToIndex
FNDA:5,onTouchstart
FNDA:15,onTouchmove
FNDA:5,onTouchend
FNDA:41,adjustIndex
FNDA:41,setIndex
FNDA:12,getValue
FNDA:3,setValue
FNDA:7,(anonymous_23)
DA:29,4
DA:30,4
DA:31,4
DA:33,45
DA:36,4
DA:38,4
DA:46,0
DA:54,31
DA:64,26
DA:79,62
DA:86,26
DA:92,26
DA:99,26
DA:105,1
DA:110,26
DA:111,26
DA:114,26
DA:116,26
DA:121,185
DA:127,220
DA:131,41
DA:132,41
DA:136,5
DA:137,5
DA:144,5
DA:145,5
DA:146,5
DA:147,5
DA:148,5
DA:152,15
DA:153,15
DA:154,15
DA:155,15
DA:158,15
DA:160,15
DA:162,15
DA:164,15
DA:168,5
DA:169,5
DA:170,5
DA:171,5
DA:176,41
DA:177,41
DA:178,78
DA:180,2
DA:181,5
DA:185,76
DA:186,41
DA:187,41
DA:189,41
DA:190,14
DA:191,14
DA:196,12
DA:199,6
DA:201,3
DA:202,7
DA:203,0
DA:205,7
DA:208,3
LF:59
LH:57
BRDA:110,0,0,26
BRDA:110,0,1,26
BRDA:116,1,0,26
BRDA:116,1,1,26
BRDA:121,2,0,185
BRDA:121,2,1,192
BRDA:127,3,0,220
BRDA:127,3,1,11
BRDA:178,4,0,39
BRDA:178,4,1,0
BRDA:181,5,0,2
BRDA:181,5,1,1
BRDA:185,6,0,35
BRDA:185,6,1,6
BRDA:186,7,0,41
BRDA:186,7,1,27
BRDA:189,8,0,14
BRDA:189,8,1,27
BRDA:191,9,0,14
BRDA:191,9,1,5
BRDA:202,10,0,0
BRDA:202,10,1,7
BRDA:208,11,0,3
BRDA:208,11,1,0
BRF:24
BRH:21
end_of_record
TN:
SF:D:\Code\we-vue\packages\popup\index.vue
FN:22,validator
FN:41,style
FN:54,mounted
FNF:3
FNH:3
FNDA:3,validator
FNDA:3,style
FNDA:3,mounted
DA:10,2
DA:11,2
DA:23,3
DA:42,3
DA:44,3
DA:45,1
DA:47,2
DA:50,3
DA:55,3
DA:56,1
LF:10
LH:10
BRDA:44,0,0,1
BRDA:44,0,1,2
BRDA:55,1,0,1
BRDA:55,1,1,2
BRF:4
BRH:4
end_of_record
TN:
SF:D:\Code\we-vue\packages\progress\index.vue
FN:29,onCancelClick
FNF:1
FNH:1
FNDA:1,onCancelClick
DA:13,2
DA:30,1
DA:31,1
LF:3
LH:3
BRF:0
BRH:0
end_of_record
TN:
SF:D:\Code\we-vue\packages\radio\index.vue
FN:46,data
FN:53,currentValue
FN:58,value
FNF:3
FNH:3
FNDA:5,data
FNDA:2,currentValue
FNDA:1,value
DA:28,2
DA:47,5
DA:54,2
DA:55,2
DA:59,1
LF:5
LH:5
BRF:0
BRH:0
end_of_record
TN:
SF:D:\Code\we-vue\packages\search-bar\index.vue
FN:75,data
FN:82,mounted
FN:89,textClick
FN:96,clear
FN:101,cancel
FN:109,currentValue
FN:113,value
FNF:7
FNH:7
FNDA:9,data
FNDA:9,mounted
FNDA:1,textClick
FNDA:1,clear
FNDA:1,cancel
FNDA:3,currentValue
FNDA:1,value
DA:49,2
DA:50,2
DA:76,9
DA:83,9
DA:84,1
DA:91,1
DA:92,1
DA:97,1
DA:102,1
DA:103,1
DA:104,1
DA:110,3
DA:114,1
LF:13
LH:13
BRDA:83,0,0,1
BRDA:83,0,1,8
BRF:2
BRH:2
end_of_record
TN:
SF:D:\Code\we-vue\packages\slider\index.vue
FN:42,validator
FN:53,validator
FN:71,data
FN:80,percent
FN:86,stepWidth
FN:91,created
FN:97,mounted
FN:103,getHandlerStartPos
FN:110,onClick
FN:124,onTouchstart
FN:130,onTouchmove
FNF:11
FNH:11
FNDA:7,validator
FNDA:7,validator
FNDA:7,data
FNDA:7,percent
FNDA:2,stepWidth
FNDA:7,created
FNDA:7,mounted
FNDA:1,getHandlerStartPos
FNDA:2,onClick
FNDA:2,onTouchstart
FNDA:8,onTouchmove
DA:32,2
DA:33,2
DA:43,7
DA:54,7
DA:72,7
DA:81,10
DA:83,4
DA:87,2
DA:92,7
DA:93,1
DA:98,7
DA:99,7
DA:104,1
DA:105,1
DA:107,1
DA:111,3
DA:114,1
DA:118,1
DA:120,1
DA:121,1
DA:125,3
DA:127,1
DA:131,12
DA:133,4
DA:136,4
DA:140,4
DA:141,4
DA:143,4
DA:144,4
LF:29
LH:29
BRDA:81,0,0,10
BRDA:81,0,1,8
BRDA:92,1,0,1
BRDA:92,1,1,6
BRDA:111,2,0,3
BRDA:111,2,1,2
BRDA:125,3,0,1
BRDA:125,3,1,1
BRDA:131,4,0,4
BRDA:131,4,1,4
BRDA:141,5,0,4
BRDA:141,5,1,4
BRF:12
BRH:12
end_of_record
TN:
SF:D:\Code\we-vue\packages\spinner\index.vue
FN:30,fontClassName
FN:45,style
FNF:2
FNH:2
FNDA:6,fontClassName
FNDA:7,style
DA:9,4
DA:31,6
DA:33,2
DA:35,1
DA:37,1
DA:39,1
DA:41,1
DA:46,7
LF:8
LH:8
BRDA:32,0,0,2
BRDA:32,0,1,1
BRDA:32,0,2,1
BRDA:32,0,3,1
BRDA:32,0,4,1
BRF:5
BRH:5
end_of_record
TN:
SF:D:\Code\we-vue\packages\swipe\index.vue
FN:54,data
FN:68,mounted
FN:72,destroyed
FN:77,swipes
FN:81,defaultIndex
FN:87,count
FN:91,wrapperStyle
FN:106,activeIndicator
FN:112,initialize
FN:118,(anonymous_10)
FN:124,onTouchstart
FN:146,onTouchmove
FN:165,onTouchend
FN:180,move
FN:200,autoPlay
FN:204,(anonymous_16)
FN:211,(anonymous_17)
FN:220,range
FNF:18
FNH:18
FNDA:12,data
FNDA:12,mounted
FNDA:12,destroyed
FNDA:11,swipes
FNDA:1,defaultIndex
FNDA:23,count
FNDA:47,wrapperStyle
FNDA:21,activeIndicator
FNDA:22,initialize
FNDA:49,(anonymous_10)
FNDA:12,onTouchstart
FNDA:48,onTouchmove
FNDA:10,onTouchend
FNDA:42,move
FNDA:34,autoPlay
FNDA:4,(anonymous_16)
FNDA:4,(anonymous_17)
FNDA:36,range
DA:26,3
DA:27,3
DA:55,12
DA:69,12
DA:73,12
DA:78,11
DA:82,1
DA:88,23
DA:92,47
DA:99,47
DA:100,44
DA:103,47
DA:107,21
DA:113,22
DA:114,22
DA:115,22
DA:116,22
DA:117,22
DA:118,22
DA:119,49
DA:121,22
DA:125,12
DA:126,2
DA:129,10
DA:130,10
DA:132,10
DA:133,10
DA:134,10
DA:135,10
DA:136,10
DA:138,10
DA:139,1
DA:141,10
DA:142,1
DA:147,48
DA:148,4
DA:151,48
DA:153,48
DA:154,48
DA:156,48
DA:157,24
DA:159,8
DA:160,32
DA:161,28
DA:166,10
DA:167,3
DA:169,1
DA:170,1
DA:172,8
DA:173,7
DA:174,7
DA:176,8
DA:180,308
DA:183,42
DA:184,14
DA:185,1
DA:187,14
DA:189,14
DA:191,28
DA:192,12
DA:193,16
DA:194,8
DA:197,42
DA:200,68
DA:202,34
DA:203,6
DA:204,6
DA:205,4
DA:207,4
DA:208,1
DA:211,4
DA:212,4
DA:213,4
DA:214,4
DA:221,36
LF:75
LH:75
BRDA:93,0,0,28
BRDA:93,0,1,19
BRDA:94,1,0,28
BRDA:94,1,1,19
BRDA:99,2,0,44
BRDA:99,2,1,3
BRDA:117,3,0,15
BRDA:117,3,1,7
BRDA:125,4,0,2
BRDA:125,4,1,10
BRDA:125,5,0,12
BRDA:125,5,1,4
BRDA:138,6,0,1
BRDA:138,6,1,9
BRDA:141,7,0,1
BRDA:141,7,1,9
BRDA:147,8,0,4
BRDA:147,8,1,44
BRDA:156,9,0,16
BRDA:156,9,1,32
BRDA:157,10,0,8
BRDA:157,10,1,8
BRDA:160,11,0,28
BRDA:160,11,1,4
BRDA:160,12,0,32
BRDA:160,12,1,32
BRDA:166,13,0,2
BRDA:166,13,1,8
BRDA:167,14,0,1
BRDA:167,14,1,1
BRDA:172,15,0,7
BRDA:172,15,1,1
BRDA:173,16,0,10
BRDA:173,16,1,4
BRDA:180,17,0,14
BRDA:180,17,1,70
BRDA:183,18,0,14
BRDA:183,18,1,28
BRDA:184,19,0,1
BRDA:184,19,1,13
BRDA:187,20,0,16
BRDA:187,20,1,15
BRDA:191,21,0,12
BRDA:191,21,1,16
BRDA:192,22,0,4
BRDA:192,22,1,8
BRDA:193,23,0,8
BRDA:193,23,1,8
BRDA:194,24,0,4
BRDA:194,24,1,4
BRDA:202,25,0,6
BRDA:202,25,1,28
BRDA:202,26,0,34
BRDA:202,26,1,6
BRDA:207,27,0,1
BRDA:207,27,1,3
BRF:56
BRH:56
end_of_record
TN:
SF:D:\Code\we-vue\packages\swipe-item\index.vue
FN:13,data
FN:20,style
FN:28,beforeCreate
FN:32,destroyed
FNF:4
FNH:4
FNDA:23,data
FNDA:23,style
FNDA:23,beforeCreate
FNDA:23,destroyed
DA:8,3
DA:14,23
DA:21,23
DA:29,23
DA:33,23
LF:5
LH:5
BRDA:29,0,0,23
BRDA:29,0,1,23
BRDA:33,1,0,23
BRDA:33,1,1,23
BRF:4
BRH:4
end_of_record
TN:
SF:D:\Code\we-vue\packages\switch\index.vue
FN:54,data
FN:65,thumbStyle
FN:73,mounted
FN:78,onClick
FN:85,onTouchstart
FN:95,onTouchmove
FN:112,onTouchend
FN:138,value
FN:142,currentValue
FNF:9
FNH:9
FNDA:15,data
FNDA:53,thumbStyle
FNDA:15,mounted
FNDA:3,onClick
FNDA:7,onTouchstart
FNDA:28,onTouchmove
FNDA:7,onTouchend
FNDA:10,value
FNDA:18,currentValue
DA:30,2
DA:31,2
DA:32,2
DA:35,2
DA:55,15
DA:66,53
DA:74,15
DA:79,3
DA:80,4
DA:82,2
DA:86,8
DA:88,6
DA:90,6
DA:91,6
DA:92,6
DA:96,32
DA:98,24
DA:99,24
DA:101,24
DA:103,24
DA:104,22
DA:105,2
DA:106,1
DA:107,1
DA:108,1
DA:113,8
DA:115,6
DA:117,6
DA:119,6
DA:121,6
DA:122,3
DA:123,2
DA:125,1
DA:128,3
DA:129,2
DA:131,1
DA:139,10
DA:143,18
DA:144,18
DA:146,18
LF:40
LH:40
BRDA:74,0,0,4
BRDA:74,0,1,11
BRDA:80,1,0,1
BRDA:80,1,1,2
BRDA:86,2,0,1
BRDA:86,2,1,6
BRDA:96,3,0,4
BRDA:96,3,1,24
BRDA:103,4,0,22
BRDA:103,4,1,2
BRDA:103,5,0,24
BRDA:103,5,1,23
BRDA:105,6,0,1
BRDA:105,6,1,1
BRDA:107,7,0,1
BRDA:107,7,1,0
BRDA:113,8,0,1
BRDA:113,8,1,6
BRDA:121,9,0,3
BRDA:121,9,1,3
BRDA:122,10,0,2
BRDA:122,10,1,1
BRDA:128,11,0,2
BRDA:128,11,1,1
BRDA:146,12,0,10
BRDA:146,12,1,8
BRF:26
BRH:25
end_of_record
TN:
SF:D:\Code\we-vue\packages\tab\index.vue
FN:24,data
FN:31,index
FN:35,isSelected
FN:40,created
FN:44,mounted
FN:54,beforeDestroy
FN:59,$parentCurrentActive
FN:63,title
FNF:8
FNH:7
FNDA:9,data
FNDA:36,index
FNDA:36,isSelected
FNDA:9,created
FNDA:9,mounted
FNDA:9,beforeDestroy
FNDA:9,$parentCurrentActive
FNDA:0,title
DA:11,2
DA:12,2
DA:25,9
DA:32,36
DA:36,36
DA:41,9
DA:44,9
DA:46,9
DA:47,9
DA:49,9
DA:50,0
DA:55,9
DA:60,9
DA:64,0
LF:14
LH:12
BRDA:47,0,0,0
BRDA:47,0,1,9
BRDA:49,1,0,0
BRDA:49,1,1,9
BRDA:60,2,0,9
BRDA:60,2,1,9
BRF:6
BRH:4
end_of_record
TN:
SF:D:\Code\we-vue\packages\tabbar\index.vue
FNF:0
FNH:0
DA:8,2
LF:1
LH:1
BRF:0
BRH:0
end_of_record
TN:
SF:D:\Code\we-vue\packages\tabbar-item\index.vue
FN:25,onClick
FNF:1
FNH:1
FNDA:1,onClick
DA:11,2
DA:13,2
DA:26,1
DA:27,1
LF:4
LH:4
BRF:0
BRH:0
end_of_record
TN:
SF:D:\Code\we-vue\packages\tabs\index.vue
FN:81,data
FN:97,scrollable
FN:101,wrapStyle
FN:120,active
FN:126,tabs
FN:132,currentActive
FN:142,sticky
FN:146,swipeable
FN:151,mounted
FN:155,(anonymous_10)
FN:161,activated
FN:162,(anonymous_12)
FN:168,deactivated
FN:172,beforeDestroy
FN:178,handlers
FN:212,onTouchEnd
FN:228,onScroll
FN:243,setLine
FN:244,(anonymous_19)
FN:262,correctActive
FN:264,(anonymous_21)
FN:269,setCurActive
FN:281,onClick
FN:292,scrollIntoView
FN:311,scrollTo
FN:319,animate
FN:330,renderTitle
FN:331,(anonymous_28)
FNF:28
FNH:15
FNDA:5,data
FNDA:8,scrollable
FNDA:5,wrapStyle
FNDA:0,active
FNDA:3,tabs
FNDA:5,currentActive
FNDA:0,sticky
FNDA:0,swipeable
FNDA:5,mounted
FNDA:5,(anonymous_10)
FNDA:0,activated
FNDA:0,(anonymous_12)
FNDA:0,deactivated
FNDA:5,beforeDestroy
FNDA:10,handlers
FNDA:0,onTouchEnd
FNDA:0,onScroll
FNDA:13,setLine
FNDA:13,(anonymous_19)
FNDA:8,correctActive
FNDA:6,(anonymous_21)
FNDA:8,setCurActive
FNDA:0,onClick
FNDA:13,scrollIntoView
FNDA:0,scrollTo
FNDA:0,animate
FNDA:0,renderTitle
FNDA:0,(anonymous_28)
DA:40,2
DA:41,2
DA:42,2
DA:43,2
DA:44,2
DA:82,5
DA:98,8
DA:102,5
DA:104,0
DA:109,0
DA:114,5
DA:121,0
DA:122,0
DA:127,3
DA:128,3
DA:129,3
DA:133,5
DA:134,5
DA:137,5
DA:138,0
DA:143,0
DA:147,0
DA:151,5
DA:152,5
DA:153,5
DA:155,5
DA:156,5
DA:157,5
DA:161,0
DA:162,0
DA:163,0
DA:164,0
DA:169,0
DA:173,5
DA:178,10
DA:180,10
DA:181,10
DA:184,10
DA:185,10
DA:186,10
DA:190,10
DA:191,0
DA:192,0
DA:194,0
DA:195,0
DA:199,10
DA:200,0
DA:202,0
DA:204,0
DA:205,0
DA:206,0
DA:207,0
DA:212,0
DA:214,0
DA:217,0
DA:219,0
DA:220,0
DA:229,0
DA:230,0
DA:231,0
DA:233,0
DA:234,0
DA:235,0
DA:236,0
DA:238,0
DA:243,13
DA:244,13
DA:245,13
DA:246,4
DA:249,9
DA:250,9
DA:251,9
DA:253,9
DA:263,8
DA:264,14
DA:265,8
DA:266,8
DA:270,8
DA:271,5
DA:273,5
DA:274,0
DA:276,5
DA:281,0
DA:283,0
DA:284,0
DA:286,0
DA:287,0
DA:292,0
DA:293,13
DA:294,13
DA:297,0
DA:302,0
DA:312,0
DA:313,0
DA:314,0
DA:317,0
DA:318,0
DA:319,0
DA:320,0
DA:326,0
DA:330,0
DA:331,0
DA:332,0
DA:333,0
LF:104
LH:48
BRDA:103,0,0,0
BRDA:103,0,1,0
BRDA:103,0,2,5
BRDA:121,1,0,0
BRDA:121,1,1,0
BRDA:127,2,0,3
BRDA:127,2,1,3
BRDA:137,3,0,0
BRDA:137,3,1,5
BRDA:137,4,0,5
BRDA:137,4,1,5
BRDA:180,5,0,10
BRDA:180,5,1,0
BRDA:181,6,0,10
BRDA:181,6,1,0
BRDA:184,7,0,10
BRDA:184,7,1,0
BRDA:186,8,0,5
BRDA:186,8,1,5
BRDA:190,9,0,0
BRDA:190,9,1,10
BRDA:192,10,0,0
BRDA:192,10,1,0
BRDA:194,11,0,0
BRDA:194,11,1,0
BRDA:199,12,0,0
BRDA:199,12,1,10
BRDA:202,13,0,0
BRDA:202,13,1,0
BRDA:217,14,0,0
BRDA:217,15,0,0
BRDA:217,15,1,0
BRDA:219,16,0,0
BRDA:219,17,0,0
BRDA:219,17,1,0
BRDA:233,18,0,0
BRDA:233,18,1,0
BRDA:235,19,0,0
BRDA:235,19,1,0
BRDA:245,20,0,4
BRDA:245,20,1,9
BRDA:245,21,0,13
BRDA:245,21,1,9
BRDA:250,22,0,9
BRDA:250,22,1,9
BRDA:265,23,0,16
BRDA:265,23,1,10
BRDA:266,24,0,6
BRDA:266,24,1,2
BRDA:270,25,0,5
BRDA:270,25,1,3
BRDA:273,26,0,0
BRDA:273,26,1,5
BRDA:283,27,0,0
BRDA:283,27,1,0
BRDA:293,28,0,13
BRDA:293,28,1,0
BRDA:293,29,0,13
BRDA:293,29,1,0
BRDA:312,30,0,0
BRDA:312,30,1,0
BRF:61
BRH:28
end_of_record
TN:
SF:D:\Code\we-vue\packages\textarea\index.vue
FN:51,data
FN:58,length
FN:63,mounted
FN:72,onFocus
FN:76,onBlur
FN:82,currentValue
FN:86,value
FNF:7
FNH:7
FNDA:7,data
FNDA:11,length
FNDA:7,mounted
FNDA:1,onFocus
FNDA:1,onBlur
FNDA:4,currentValue
FNDA:2,value
DA:24,2
DA:52,7
DA:59,11
DA:64,7
DA:65,1
DA:67,6
DA:73,1
DA:77,1
DA:83,4
DA:88,2
DA:89,1
DA:92,2
LF:12
LH:12
BRDA:59,0,0,5
BRDA:59,0,1,6
BRDA:64,1,0,1
BRDA:64,1,1,6
BRDA:64,2,0,7
BRDA:64,2,1,7
BRDA:88,3,0,1
BRDA:88,3,1,1
BRDA:88,4,0,2
BRDA:88,4,1,2
BRF:10
BRH:10
end_of_record
TN:
SF:D:\Code\we-vue\packages\toast\index.js
FN:5,(anonymous_0)
FN:10,(anonymous_1)
FN:22,(anonymous_2)
FN:41,(anonymous_3)
FN:58,(anonymous_4)
FN:58,(anonymous_5)
FN:65,(anonymous_6)
FN:69,(anonymous_7)
FN:72,(anonymous_8)
FN:84,(anonymous_9)
FN:88,(anonymous_10)
FN:92,(anonymous_11)
FN:96,(anonymous_12)
FNF:13
FNH:11
FNDA:11,(anonymous_0)
FNDA:7,(anonymous_1)
FNDA:7,(anonymous_2)
FNDA:1,(anonymous_3)
FNDA:8,(anonymous_4)
FNDA:4,(anonymous_5)
FNDA:8,(anonymous_6)
FNDA:9,(anonymous_7)
FNDA:0,(anonymous_8)
FNDA:2,(anonymous_9)
FNDA:3,(anonymous_10)
FNDA:0,(anonymous_11)
FNDA:1,(anonymous_12)
DA:5,11
DA:7,2
DA:8,2
DA:10,2
DA:11,7
DA:12,1
DA:16,1
DA:17,1
DA:19,7
DA:22,2
DA:23,7
DA:25,7
DA:29,1
DA:33,7
DA:34,1
DA:37,7
DA:38,7
DA:40,7
DA:41,7
DA:42,1
DA:46,7
DA:49,2
DA:58,8
DA:59,4
DA:64,2
DA:65,2
DA:66,8
DA:69,2
DA:70,9
DA:71,9
DA:72,0
DA:73,0
DA:75,0
DA:76,9
DA:77,9
DA:79,0
DA:84,2
DA:85,2
DA:88,2
DA:89,3
DA:92,2
DA:93,0
DA:96,2
DA:97,1
DA:100,2
DA:101,2
LF:46
LH:41
BRDA:5,0,0,6
BRDA:5,0,1,5
BRDA:11,1,0,1
BRDA:11,1,1,6
BRDA:11,2,0,7
BRDA:11,2,1,6
BRDA:22,3,0,0
BRDA:33,4,0,1
BRDA:33,4,1,6
BRDA:40,5,0,7
BRDA:40,5,1,0
BRDA:70,6,0,9
BRDA:70,6,1,0
BRDA:71,7,0,0
BRDA:71,7,1,9
BRDA:76,8,0,9
BRDA:76,8,1,0
BRDA:92,9,0,0
BRF:18
BRH:12
end_of_record
TN:
SF:D:\Code\we-vue\packages\toast\toast.vue
FN:55,validator
FNF:1
FNH:1
FNDA:3,validator
DA:29,2
DA:30,2
DA:31,2
DA:32,2
DA:56,3
LF:5
LH:5
BRF:0
BRH:0
end_of_record
TN:
SF:D:\Code\we-vue\packages\top-tips\index.js
FN:13,(anonymous_0)
FN:15,(anonymous_1)
FN:20,(anonymous_2)
FN:27,(anonymous_3)
FN:43,(anonymous_4)
FN:51,(anonymous_5)
FN:57,(anonymous_6)
FN:61,(anonymous_7)
FN:65,(anonymous_8)
FNF:9
FNH:7
FNDA:5,(anonymous_0)
FNDA:1,(anonymous_1)
FNDA:4,(anonymous_2)
FNDA:5,(anonymous_3)
FNDA:1,(anonymous_4)
FNDA:5,(anonymous_5)
FNDA:0,(anonymous_6)
FNDA:0,(anonymous_7)
FNDA:1,(anonymous_8)
DA:5,2
DA:11,2
DA:13,5
DA:15,2
DA:16,1
DA:20,1
DA:21,4
DA:24,1
DA:27,2
DA:28,5
DA:33,5
DA:34,1
DA:37,5
DA:38,5
DA:40,5
DA:42,5
DA:43,5
DA:44,1
DA:48,5
DA:51,2
DA:52,5
DA:53,5
DA:57,2
DA:58,0
DA:61,2
DA:62,0
DA:65,2
DA:66,1
DA:69,2
LF:29
LH:27
BRDA:13,0,0,4
BRDA:13,0,1,1
BRDA:33,1,0,1
BRDA:33,1,1,4
BRDA:42,2,0,5
BRDA:42,2,1,0
BRDA:52,3,0,5
BRDA:52,3,1,0
BRF:8
BRH:6
end_of_record
TN:
SF:D:\Code\we-vue\packages\top-tips\top-tips.vue
FNF:0
FNH:0
DA:15,2
DA:16,2
LF:2
LH:2
BRF:0
BRH:0
end_of_record
TN:
SF:D:\Code\we-vue\packages\utils\clickoutside.js
FN:15,(anonymous_0)
FNF:1
FNH:1
FNDA:12,(anonymous_0)
DA:11,3
DA:15,11
DA:16,12
DA:17,4
DA:21,11
DA:27,11
DA:36,10
DA:41,1
LF:8
LH:8
BRDA:16,0,0,4
BRDA:16,0,1,8
BRDA:24,1,0,11
BRDA:24,1,1,2
BRDA:27,2,0,11
BRDA:27,2,1,11
BRDA:36,3,0,10
BRDA:36,3,1,10
BRF:8
BRH:8
end_of_record
TN:
SF:D:\Code\we-vue\packages\utils\create.js
FN:6,(anonymous_0)
FNF:1
FNH:1
FNDA:103,(anonymous_0)
DA:7,103
DA:8,103
DA:9,103
DA:10,103
DA:11,103
DA:13,103
LF:6
LH:6
BRDA:8,0,0,103
BRDA:8,0,1,75
BRDA:9,1,0,103
BRDA:9,1,1,81
BRDA:10,2,0,103
BRDA:10,2,1,103
BRDA:11,3,0,103
BRDA:11,3,1,50
BRF:8
BRH:8
end_of_record
TN:
SF:D:\Code\we-vue\packages\utils\deep-assign.js
FN:5,assignKey
FN:19,assign
FNF:2
FNH:2
FNDA:5,assignKey
FNDA:4,assign
DA:3,4
DA:6,5
DA:8,5
DA:9,0
DA:12,5
DA:13,5
DA:15,0
DA:20,4
DA:21,5
DA:22,5
DA:25,4
LF:11
LH:9
BRDA:8,0,0,0
BRDA:8,0,1,5
BRDA:8,1,0,5
BRDA:8,1,1,5
BRDA:8,1,2,0
BRDA:12,2,0,5
BRDA:12,2,1,0
BRDA:12,3,0,5
BRDA:12,3,1,0
BRDA:21,4,0,5
BRDA:21,4,1,0
BRF:11
BRH:6
end_of_record
TN:
SF:D:\Code\we-vue\packages\utils\deep-clone.js
FN:3,deepClone
FN:5,(anonymous_1)
FNF:2
FNH:2
FNDA:95,deepClone
FNDA:69,(anonymous_1)
DA:4,95
DA:5,69
DA:6,69
DA:7,4
DA:9,65
LF:5
LH:5
BRDA:4,0,0,26
BRDA:4,0,1,69
BRDA:6,1,0,4
BRDA:6,1,1,65
BRF:4
BRH:4
end_of_record
TN:
SF:D:\Code\we-vue\packages\utils\event.js
FN:17,on
FN:26,off
FNF:2
FNH:2
FNDA:42,on
FNDA:74,off
DA:3,8
DA:4,8
DA:5,8
DA:6,8
DA:7,8
DA:13,8
DA:18,42
DA:27,74
LF:8
LH:8
BRDA:4,0,0,8
BRDA:4,0,1,0
BRDA:17,1,0,32
BRDA:18,2,0,42
BRDA:18,2,1,42
BRDA:22,3,0,0
BRDA:22,3,1,42
BRDA:27,4,0,74
BRDA:27,4,1,74
BRF:9
BRH:7
end_of_record
TN:
SF:D:\Code\we-vue\packages\utils\index.js
FN:6,isDef
FN:10,isObj
FNF:2
FNH:2
FNDA:5,isDef
FNDA:428,isObj
DA:4,18
DA:7,5
DA:11,428
DA:12,428
LF:4
LH:4
BRDA:7,0,0,5
BRDA:7,0,1,5
BRDA:12,1,0,428
BRDA:12,1,1,428
BRDA:12,1,2,400
BRF:5
BRH:5
end_of_record
TN:
SF:D:\Code\we-vue\packages\utils\install.js
FN:4,(anonymous_0)
FNF:1
FNH:1
FNDA:42,(anonymous_0)
DA:5,42
LF:1
LH:1
BRF:0
BRH:0
end_of_record
TN:
SF:D:\Code\we-vue\packages\utils\raf.js
FN:31,raf
FN:35,cancel
FNF:2
FNH:0
FNDA:0,raf
FNDA:0,cancel
DA:7,2
DA:32,0
DA:36,0
LF:3
LH:1
BRF:0
BRH:0
end_of_record
TN:
SF:D:\Code\we-vue\packages\utils\scroll.js
FN:6,(anonymous_0)
FN:10,(anonymous_1)
FNF:2
FNH:2
FNDA:11,(anonymous_0)
FNDA:28332,(anonymous_1)
DA:6,7
DA:7,11
DA:8,11
DA:9,11
DA:10,11
DA:11,28332
DA:12,28332
DA:13,28324
DA:15,8
DA:16,8
DA:19,11
DA:20,8
DA:22,11
DA:33,11
DA:35,11
DA:42,7
DA:43,7
DA:44,1
DA:46,6
DA:48,10
DA:53,8
DA:54,8
DA:55,13
DA:56,6
DA:58,7
DA:59,1
DA:61,6
DA:63,1
DA:68,15
DA:73,2
DA:80,10
DA:87,14
LF:32
LH:32
BRDA:12,0,0,28324
BRDA:12,0,1,8
BRDA:19,1,0,8
BRDA:19,1,1,3
BRDA:32,2,0,7
BRDA:36,3,0,17
BRDA:36,3,1,17
BRDA:36,3,2,17
BRDA:36,3,3,11
BRDA:36,3,4,11
BRDA:43,4,0,1
BRDA:43,4,1,6
BRDA:43,5,0,7
BRDA:43,5,1,6
BRDA:55,6,0,6
BRDA:55,6,1,7
BRDA:58,7,0,1
BRDA:58,7,1,6
BRDA:68,8,0,1
BRDA:68,8,1,14
BRDA:73,9,0,1
BRDA:73,9,1,1
BRDA:81,10,0,5
BRDA:81,10,1,5
BRDA:87,11,0,9
BRDA:87,11,1,5
BRDA:93,12,0,9
BRDA:93,12,1,9
BRF:28
BRH:28
end_of_record
TN:
SF:D:\Code\we-vue\packages\utils\touches.js
FN:1,(anonymous_0)
FNF:1
FNH:1
FNDA:128,(anonymous_0)
DA:1,18
DA:2,128
LF:2
LH:2
BRDA:2,0,0,128
BRDA:2,0,1,0
BRF:2
BRH:1
end_of_record
